<?xml version="1.0" encoding="UTF-8"?>
<!-- Generated by org.testng.reporters.JUnitXMLReporter -->
<testsuite ignored="16" hostname="praveenkumar07" failures="3" tests="31" name="Test" time="385.508" errors="0" timestamp="2021-02-11T19:33:21 IST">
  <testcase classname="com.tests.BaseTest" name="@BeforeMethod intializeDriver" time="60.984">
    <failure type="org.openqa.selenium.WebDriverException" message="unknown error: unable to discover open pages
Build info: version: &amp;apos;3.141.59&amp;apos;, revision: &amp;apos;e82be7d358&amp;apos;, time: &amp;apos;2018-11-14T08:17:03&amp;apos;
System info: host: &amp;apos;PRAVEENKUMAR07&amp;apos;, ip: &amp;apos;192.168.1.13&amp;apos;, os.name: &amp;apos;Windows 10&amp;apos;, os.arch: &amp;apos;amd64&amp;apos;, os.version: &amp;apos;10.0&amp;apos;, java.version: &amp;apos;14.0.2&amp;apos;
Driver info: driver.version: ChromeDriver
remote stacktrace: Backtrace:
	GetHandleVerifier [0x0059B963+483]
	GetHandleVerifier [0x0059B941+449]
	GetHandleVerifier [0x00943308+3832712]
	GetHandleVerifier [0x0095D51B+3939739]
	GetHandleVerifier [0x00959AFB+3924859]
	GetHandleVerifier [0x00957D9C+3917340]
	GetHandleVerifier [0x0097E7FE+4075646]
	GetHandleVerifier [0x0097E56C+4074988]
	GetHandleVerifier [0x0097B2EB+4062059]
	GetHandleVerifier [0x0095ED14+3945876]
	GetHandleVerifier [0x0095FBCE+3949646]
	GetHandleVerifier [0x0095FB59+3949529]
	Ordinal0 [0x0055B5CC+46540]
	Ordinal0 [0x00559F53+40787]
	Ordinal0 [0x00559B12+39698]
	GetHandleVerifier [0x00861468+2907368]
	GetHandleVerifier [0x006A71EE+1096302]
	GetHandleVerifier [0x00663E8D+821005]
	GetHandleVerifier [0x0066396B+819691]
	GetHandleVerifier [0x00663881+819457]
	GetHandleVerifier [0x0068F463+998627]
	BaseThreadInitThunk [0x75946359+25]
	RtlGetAppContainerNamedObjectPath [0x777A8944+228]
	RtlGetAppContainerNamedObjectPath [0x777A8914+180]
">
      <![CDATA[org.openqa.selenium.WebDriverException: unknown error: unable to discover open pages
Build info: version: '3.141.59', revision: 'e82be7d358', time: '2018-11-14T08:17:03'
System info: host: 'PRAVEENKUMAR07', ip: '192.168.1.13', os.name: 'Windows 10', os.arch: 'amd64', os.version: '10.0', java.version: '14.0.2'
Driver info: driver.version: ChromeDriver
remote stacktrace: Backtrace:
GetHandleVerifier [0x0059B963+483]
GetHandleVerifier [0x0059B941+449]
GetHandleVerifier [0x00943308+3832712]
GetHandleVerifier [0x0095D51B+3939739]
GetHandleVerifier [0x00959AFB+3924859]
GetHandleVerifier [0x00957D9C+3917340]
GetHandleVerifier [0x0097E7FE+4075646]
GetHandleVerifier [0x0097E56C+4074988]
GetHandleVerifier [0x0097B2EB+4062059]
GetHandleVerifier [0x0095ED14+3945876]
GetHandleVerifier [0x0095FBCE+3949646]
GetHandleVerifier [0x0095FB59+3949529]
Ordinal0 [0x0055B5CC+46540]
Ordinal0 [0x00559F53+40787]
Ordinal0 [0x00559B12+39698]
GetHandleVerifier [0x00861468+2907368]
GetHandleVerifier [0x006A71EE+1096302]
GetHandleVerifier [0x00663E8D+821005]
GetHandleVerifier [0x0066396B+819691]
GetHandleVerifier [0x00663881+819457]
GetHandleVerifier [0x0068F463+998627]
BaseThreadInitThunk [0x75946359+25]
RtlGetAppContainerNamedObjectPath [0x777A8944+228]
RtlGetAppContainerNamedObjectPath [0x777A8914+180]

at org.openqa.selenium.remote.W3CHandshakeResponse.lambda$errorHandler$0(W3CHandshakeResponse.java:62)
at org.openqa.selenium.remote.HandshakeResponse.lambda$getResponseFunction$0(HandshakeResponse.java:30)
at org.openqa.selenium.remote.ProtocolHandshake.lambda$createSession$0(ProtocolHandshake.java:126)
at java.base/java.util.stream.ReferencePipeline$3$1.accept(ReferencePipeline.java:195)
at java.base/java.util.Spliterators$ArraySpliterator.tryAdvance(Spliterators.java:958)
at java.base/java.util.stream.ReferencePipeline.forEachWithCancel(ReferencePipeline.java:127)
at java.base/java.util.stream.AbstractPipeline.copyIntoWithCancel(AbstractPipeline.java:502)
at java.base/java.util.stream.AbstractPipeline.copyInto(AbstractPipeline.java:488)
at java.base/java.util.stream.AbstractPipeline.wrapAndCopyInto(AbstractPipeline.java:474)
at java.base/java.util.stream.FindOps$FindOp.evaluateSequential(FindOps.java:150)
at java.base/java.util.stream.AbstractPipeline.evaluate(AbstractPipeline.java:234)
at java.base/java.util.stream.ReferencePipeline.findFirst(ReferencePipeline.java:543)
at org.openqa.selenium.remote.ProtocolHandshake.createSession(ProtocolHandshake.java:128)
at org.openqa.selenium.remote.ProtocolHandshake.createSession(ProtocolHandshake.java:74)
at org.openqa.selenium.remote.HttpCommandExecutor.execute(HttpCommandExecutor.java:136)
at org.openqa.selenium.remote.service.DriverCommandExecutor.execute(DriverCommandExecutor.java:83)
at org.openqa.selenium.remote.RemoteWebDriver.execute(RemoteWebDriver.java:552)
at org.openqa.selenium.remote.RemoteWebDriver.startSession(RemoteWebDriver.java:213)
at org.openqa.selenium.remote.RemoteWebDriver.<init>(RemoteWebDriver.java:131)
at org.openqa.selenium.chrome.ChromeDriver.<init>(ChromeDriver.java:181)
at org.openqa.selenium.chrome.ChromeDriver.<init>(ChromeDriver.java:168)
at org.openqa.selenium.chrome.ChromeDriver.<init>(ChromeDriver.java:157)
at com.tests.BaseTest.intializeDriver(BaseTest.java:69)
at java.base/java.util.ArrayList.forEach(ArrayList.java:1511)
... Removed 36 stack frames]]>
    </failure>
  </testcase> <!-- @BeforeMethod intializeDriver -->
  <testcase classname="com.tests.BaseTest" name="@AfterMethod tearDown" time="-1.613051916193E9">
    <skipped/>
  </testcase> <!-- @AfterMethod tearDown -->
  <testcase classname="com.tests.BaseTest" name="@BeforeMethod intializeDriver" time="-1.613051916194E9">
    <skipped/>
  </testcase> <!-- @BeforeMethod intializeDriver -->
  <testcase classname="com.tests.BaseTest" name="@AfterMethod tearDown" time="-1.613051916197E9">
    <skipped/>
  </testcase> <!-- @AfterMethod tearDown -->
  <testcase classname="com.tests.RedBus_Partners_Test" name="RedBusGoibio_Partner" time="0.491"/>
  <testcase classname="com.tests.RedBus_Partners_Test" name="RedBus_MakemyTrip_Partner" time="0.419"/>
  <testcase classname="com.tests.Bus_Hire_Test" name="Bus_Offers" time="2.49"/>
  <testcase classname="com.tests.Bus_Hire_Test" name="Cancellation" time="2.426"/>
  <testcase classname="com.tests.ManageBookingTest" name="Cancel_Ticket" time="2.946"/>
  <testcase classname="com.tests.ManageBookingTest" name="Reschedule_Ticket" time="2.853"/>
  <testcase classname="com.tests.ManageBookingTest" name="Show_My_Ticket" time="0.0">
    <skipped/>
  </testcase> <!-- Show_My_Ticket -->
  <testcase classname="com.tests.ManageBookingTest" name="Email_SmS" time="0.0">
    <skipped/>
  </testcase> <!-- Email_SmS -->
  <testcase classname="com.tests.RedBus_JoiOperator_Test" name="Join_As_Operator" time="4.4"/>
  <testcase classname="com.tests.RPoolNew_Test" name="RPool_New" time="1.453"/>
  <testcase classname="com.tests.RPoolNew_Test" name="Find_Ride" time="1.518"/>
  <testcase classname="com.tests.RPoolNew_Test" name="Offer_Ride" time="1.473"/>
  <testcase classname="com.tests.LoginTest" name="Valid_Login_with_FaceBook" time="7.666"/>
  <testcase classname="com.tests.LoginTest" name="Invalid_Login_with_FaceBook" time="9.81">
    <failure type="java.lang.AssertionError" message="expected [Book Bus Travel] but found [Facebook]">
      <![CDATA[java.lang.AssertionError: expected [Book Bus Travel] but found [Facebook]
at com.pages.loginPage.InvalidLogin_with_FB(loginPage.java:153)
at com.tests.LoginTest.Invalid_Login_with_FaceBook(LoginTest.java:60)
at java.base/java.util.ArrayList.forEach(ArrayList.java:1511)
... Removed 33 stack frames]]>
    </failure>
  </testcase> <!-- Invalid_Login_with_FaceBook -->
  <testcase classname="com.tests.LoginTest" name="My_Trip" time="16.495"/>
  <testcase classname="com.tests.LoginTest" name="Valid_update_MyProfile" time="14.951"/>
  <testcase classname="com.tests.LoginTest" name="InValid_update_MyProfile" time="14.456">
    <failure type="java.lang.AssertionError" message="expected [Online Bus tickets Booking, AC Volvo Booking] but found [Online Bus tickets Booking, AC Volvo Booking, 250 INR CB On Bus Reservation]">
      <![CDATA[java.lang.AssertionError: expected [Online Bus tickets Booking, AC Volvo Booking] but found [Online Bus tickets Booking, AC Volvo Booking, 250 INR CB On Bus Reservation]
at com.tests.LoginTest.InValid_update_MyProfile(LoginTest.java:159)
at java.base/java.util.ArrayList.forEach(ArrayList.java:1511)
... Removed 33 stack frames]]>
    </failure>
  </testcase> <!-- InValid_update_MyProfile -->
  <testcase classname="com.tests.LoginTest" name="WalletsCards_Balance" time="16.658"/>
  <testcase classname="com.tests.LoginTest" name="Wallet_History" time="15.981"/>
  <testcase classname="com.tests.LoginTest" name="signOut" time="15.973"/>
  <testcase classname="com.tests.LoginTest" name="signOut_from_allDevices" time="19.795"/>
  <testcase classname="com.tests.TripTest" name="BusTickets" time="8.294"/>
  <testcase classname="com.tests.TripTest" name="Filters" time="9.347"/>
  <testcase classname="com.tests.TripTest" name="Modify_TripDetail" time="11.093"/>
  <testcase classname="com.tests.TripTest" name="Bus_Departure_Time" time="10.113">
    <failure type="org.openqa.selenium.ElementClickInterceptedException" message="element click intercepted: Element &amp;lt;label for=&amp;quot;dtBefore 6 am&amp;quot; class=&amp;quot;custom-checkbox&amp;quot;&amp;gt;&amp;lt;/label&amp;gt; is not clickable at point (34, 444). Other element would receive the click: &amp;lt;ul class=&amp;quot;dept-time dt-time-filter&amp;quot;&amp;gt;...&amp;lt;/ul&amp;gt;
  (Session info: headless chrome=88.0.4324.150)
Build info: version: &amp;apos;3.141.59&amp;apos;, revision: &amp;apos;e82be7d358&amp;apos;, time: &amp;apos;2018-11-14T08:17:03&amp;apos;
System info: host: &amp;apos;PRAVEENKUMAR07&amp;apos;, ip: &amp;apos;192.168.1.13&amp;apos;, os.name: &amp;apos;Windows 10&amp;apos;, os.arch: &amp;apos;amd64&amp;apos;, os.version: &amp;apos;10.0&amp;apos;, java.version: &amp;apos;14.0.2&amp;apos;
Driver info: org.openqa.selenium.chrome.ChromeDriver
Capabilities {acceptInsecureCerts: false, browserName: chrome, browserVersion: 88.0.4324.150, chrome: {chromedriverVersion: 88.0.4324.96 (68dba2d8a0b14..., userDataDir: C:\Users\PRAVEE~1\AppData\L...}, goog:chromeOptions: {debuggerAddress: localhost:64129}, javascriptEnabled: true, networkConnectionEnabled: false, pageLoadStrategy: normal, platform: WINDOWS, platformName: WINDOWS, proxy: Proxy(), setWindowRect: true, strictFileInteractability: false, timeouts: {implicit: 0, pageLoad: 300000, script: 30000}, unhandledPromptBehavior: dismiss and notify, webauthn:extension:largeBlob: true, webauthn:virtualAuthenticators: true}
Session ID: 71bf05dba9f108707ffb3c9d3afb2106">
      <![CDATA[org.openqa.selenium.ElementClickInterceptedException: element click intercepted: Element <label for="dtBefore 6 am" class="custom-checkbox"></label> is not clickable at point (34, 444). Other element would receive the click: <ul class="dept-time dt-time-filter">...</ul>
  (Session info: headless chrome=88.0.4324.150)
Build info: version: '3.141.59', revision: 'e82be7d358', time: '2018-11-14T08:17:03'
System info: host: 'PRAVEENKUMAR07', ip: '192.168.1.13', os.name: 'Windows 10', os.arch: 'amd64', os.version: '10.0', java.version: '14.0.2'
Driver info: org.openqa.selenium.chrome.ChromeDriver
Capabilities {acceptInsecureCerts: false, browserName: chrome, browserVersion: 88.0.4324.150, chrome: {chromedriverVersion: 88.0.4324.96 (68dba2d8a0b14..., userDataDir: C:\Users\PRAVEE~1\AppData\L...}, goog:chromeOptions: {debuggerAddress: localhost:64129}, javascriptEnabled: true, networkConnectionEnabled: false, pageLoadStrategy: normal, platform: WINDOWS, platformName: WINDOWS, proxy: Proxy(), setWindowRect: true, strictFileInteractability: false, timeouts: {implicit: 0, pageLoad: 300000, script: 30000}, unhandledPromptBehavior: dismiss and notify, webauthn:extension:largeBlob: true, webauthn:virtualAuthenticators: true}
Session ID: 71bf05dba9f108707ffb3c9d3afb2106
at org.openqa.selenium.remote.http.W3CHttpResponseCodec.createException(W3CHttpResponseCodec.java:187)
at org.openqa.selenium.remote.http.W3CHttpResponseCodec.decode(W3CHttpResponseCodec.java:122)
at org.openqa.selenium.remote.http.W3CHttpResponseCodec.decode(W3CHttpResponseCodec.java:49)
at org.openqa.selenium.remote.HttpCommandExecutor.execute(HttpCommandExecutor.java:158)
at org.openqa.selenium.remote.service.DriverCommandExecutor.execute(DriverCommandExecutor.java:83)
at org.openqa.selenium.remote.RemoteWebDriver.execute(RemoteWebDriver.java:552)
at org.openqa.selenium.remote.RemoteWebElement.execute(RemoteWebElement.java:285)
at org.openqa.selenium.remote.RemoteWebElement.click(RemoteWebElement.java:84)
at org.openqa.selenium.support.pagefactory.internal.LocatingElementHandler.invoke(LocatingElementHandler.java:51)
at com.sun.proxy.$Proxy15.click(Unknown Source)
at com.pages.TripPage.BusDeparture(TripPage.java:136)
at com.tests.TripTest.Bus_Departure_Time(TripTest.java:109)
at java.base/java.util.ArrayList.forEach(ArrayList.java:1511)
... Removed 35 stack frames]]>
    </failure>
  </testcase> <!-- Bus_Departure_Time -->
  <testcase classname="com.tests.TripTest" name="Bus_Types" time="9.269"/>
  <testcase classname="com.tests.TripTest" name="Bus_Arrival_Time" time="8.994"/>
  <testcase classname="com.tests.About_RedBus_Test" name="RedBus_About" time="0.427"/>
  <testcase classname="com.tests.About_RedBus_Test" name="RedBus_Contact" time="0.408"/>
  <testcase classname="com.tests.About_RedBus_Test" name="Redbus_Careers" time="0.427"/>
  <testcase classname="com.tests.Redbus_Colombia_Test" name="Redbus_services_in_Collombia" time="0.08"/>
  <testcase classname="com.tests.BaseTest" name="@BeforeTest setExtent" time="0.0">
    <ignored/>
  </testcase> <!-- @BeforeTest setExtent -->
  <testcase classname="com.tests.BaseTest" name="@BeforeTest setExtent" time="0.0">
    <ignored/>
  </testcase> <!-- @BeforeTest setExtent -->
  <testcase classname="com.tests.BaseTest" name="@BeforeTest setExtent" time="0.0">
    <ignored/>
  </testcase> <!-- @BeforeTest setExtent -->
  <testcase classname="com.tests.BaseTest" name="@BeforeTest setExtent" time="0.0">
    <ignored/>
  </testcase> <!-- @BeforeTest setExtent -->
  <testcase classname="com.tests.BaseTest" name="@BeforeTest setExtent" time="0.0">
    <ignored/>
  </testcase> <!-- @BeforeTest setExtent -->
  <testcase classname="com.tests.BaseTest" name="@BeforeTest setExtent" time="0.0">
    <ignored/>
  </testcase> <!-- @BeforeTest setExtent -->
  <testcase classname="com.tests.BaseTest" name="@BeforeTest setExtent" time="0.0">
    <ignored/>
  </testcase> <!-- @BeforeTest setExtent -->
  <testcase classname="com.tests.BaseTest" name="@BeforeTest setExtent" time="0.0">
    <ignored/>
  </testcase> <!-- @BeforeTest setExtent -->
  <testcase classname="com.tests.BaseTest" name="@AfterTest endReport" time="0.0">
    <ignored/>
  </testcase> <!-- @AfterTest endReport -->
  <testcase classname="com.tests.BaseTest" name="@AfterTest endReport" time="0.0">
    <ignored/>
  </testcase> <!-- @AfterTest endReport -->
  <testcase classname="com.tests.BaseTest" name="@AfterTest endReport" time="0.0">
    <ignored/>
  </testcase> <!-- @AfterTest endReport -->
  <testcase classname="com.tests.BaseTest" name="@AfterTest endReport" time="0.0">
    <ignored/>
  </testcase> <!-- @AfterTest endReport -->
  <testcase classname="com.tests.BaseTest" name="@AfterTest endReport" time="0.0">
    <ignored/>
  </testcase> <!-- @AfterTest endReport -->
  <testcase classname="com.tests.BaseTest" name="@AfterTest endReport" time="0.0">
    <ignored/>
  </testcase> <!-- @AfterTest endReport -->
  <testcase classname="com.tests.BaseTest" name="@AfterTest endReport" time="0.0">
    <ignored/>
  </testcase> <!-- @AfterTest endReport -->
  <testcase classname="com.tests.BaseTest" name="@AfterTest endReport" time="0.0">
    <ignored/>
  </testcase> <!-- @AfterTest endReport -->
</testsuite> <!-- Test -->
