<!DOCTYPE html PUBLIC "-//W3C//DTD XHTML 1.1//EN" "https://www.w3.org/TR/xhtml11/DTD/xhtml11.dtd">
<html xmlns="https://www.w3.org/1999/xhtml">
<head>
<meta http-equiv="content-type" content="text/html; charset=UTF-8"/>
<title>TestNG Report</title>
<style type="text/css">table {margin-bottom:10px;border-collapse:collapse;empty-cells:show}th,td {border:1px solid #009;padding:.25em .5em}th {vertical-align:bottom}td {vertical-align:top}table a {font-weight:bold}.stripe td {background-color: #E6EBF9}.num {text-align:right}.passedodd td {background-color: #3F3}.passedeven td {background-color: #0A0}.skippedodd td {background-color: #DDD}.skippedeven td {background-color: #CCC}.failedodd td,.attn {background-color: #F33}.failedeven td,.stripe .attn {background-color: #D00}.stacktrace {white-space:pre;font-family:monospace}.totop {font-size:85%;text-align:center;border-bottom:2px solid #000}.invisible {display:none}</style>
</head>
<body>
<table>
<tr><th>Test</th><th># Passed</th><th># Skipped</th><th># Retried</th><th># Failed</th><th>Time (ms)</th><th>Included Groups</th><th>Excluded Groups</th></tr>
<tr><th colspan="8">Suite</th></tr>
<tr><td><a href="#t0">Test</a></td><td class="num">26</td><td class="num attn">2</td><td class="num">0</td><td class="num attn">3</td><td class="num">385,508</td><td></td><td></td></tr>
</table>
<table id='summary'><thead><tr><th>Class</th><th>Method</th><th>Start</th><th>Time (ms)</th></tr></thead><tbody><tr><th colspan="4">Suite</th></tr></tbody><tbody id="t0"><tr><th colspan="4">Test &#8212; failed (configuration methods)</th></tr><tr class="failedeven"><td rowspan="1">com.tests.ManageBookingTest</td><td><a href="#m0">intializeDriver</a></td><td rowspan="1">1613051855205</td><td rowspan="1">60984</td></tr><tr><th colspan="4">Test &#8212; failed</th></tr><tr class="failedeven"><td rowspan="2">com.tests.LoginTest</td><td><a href="#m1">InValid_update_MyProfile</a></td><td rowspan="1">1613052005182</td><td rowspan="1">14456</td></tr><tr class="failedeven"><td><a href="#m2">Invalid_Login_with_FaceBook</a></td><td rowspan="1">1613051952858</td><td rowspan="1">9810</td></tr><tr class="failedodd"><td rowspan="1">com.tests.TripTest</td><td><a href="#m3">Bus_Departure_Time</a></td><td rowspan="1">1613052145162</td><td rowspan="1">10113</td></tr><tr><th colspan="4">Test &#8212; skipped (configuration methods)</th></tr><tr class="skippedeven"><td rowspan="3">com.tests.ManageBookingTest</td><td><a href="#m4">intializeDriver</a></td><td rowspan="1">1613051916194</td><td rowspan="1">-1613051916194</td></tr><tr class="skippedeven"><td><a href="#m5">tearDown</a></td><td rowspan="2">1613051916193</td><td rowspan="2">-1613051916193</td></tr><tr class="skippedeven"><td><a href="#m6">tearDown</a></td></tr><tr><th colspan="4">Test &#8212; skipped</th></tr><tr class="skippedeven"><td rowspan="2">com.tests.ManageBookingTest</td><td><a href="#m7">Email_SmS</a></td><td rowspan="1">1613051916195</td><td rowspan="1">0</td></tr><tr class="skippedeven"><td><a href="#m8">Show_My_Ticket</a></td><td rowspan="1">1613051916191</td><td rowspan="1">0</td></tr><tr><th colspan="4">Test &#8212; passed</th></tr><tr class="passedeven"><td rowspan="3">com.tests.About_RedBus_Test</td><td><a href="#m9">RedBus_About</a></td><td rowspan="1">1613052184193</td><td rowspan="1">427</td></tr><tr class="passedeven"><td><a href="#m10">RedBus_Contact</a></td><td rowspan="1">1613052191133</td><td rowspan="1">408</td></tr><tr class="passedeven"><td><a href="#m11">Redbus_Careers</a></td><td rowspan="1">1613052196258</td><td rowspan="1">427</td></tr><tr class="passedodd"><td rowspan="2">com.tests.Bus_Hire_Test</td><td><a href="#m12">Bus_Offers</a></td><td rowspan="1">1613051826179</td><td rowspan="1">2490</td></tr><tr class="passedodd"><td><a href="#m13">Cancellation</a></td><td rowspan="1">1613051834428</td><td rowspan="1">2426</td></tr><tr class="passedeven"><td rowspan="7">com.tests.LoginTest</td><td><a href="#m14">My_Trip</a></td><td rowspan="1">1613051967603</td><td rowspan="1">16495</td></tr><tr class="passedeven"><td><a href="#m15">Valid_Login_with_FaceBook</a></td><td rowspan="1">1613051942001</td><td rowspan="1">7666</td></tr><tr class="passedeven"><td><a href="#m16">Valid_update_MyProfile</a></td><td rowspan="1">1613051987169</td><td rowspan="1">14951</td></tr><tr class="passedeven"><td><a href="#m17">Wallet_History</a></td><td rowspan="1">1613052044461</td><td rowspan="1">15981</td></tr><tr class="passedeven"><td><a href="#m18">WalletsCards_Balance</a></td><td rowspan="1">1613052024593</td><td rowspan="1">16658</td></tr><tr class="passedeven"><td><a href="#m19">signOut</a></td><td rowspan="1">1613052063441</td><td rowspan="1">15973</td></tr><tr class="passedeven"><td><a href="#m20">signOut_from_allDevices</a></td><td rowspan="1">1613052084158</td><td rowspan="1">19795</td></tr><tr class="passedodd"><td rowspan="2">com.tests.ManageBookingTest</td><td><a href="#m21">Cancel_Ticket</a></td><td rowspan="1">1613051841949</td><td rowspan="1">2946</td></tr><tr class="passedodd"><td><a href="#m22">Reschedule_Ticket</a></td><td rowspan="1">1613051851775</td><td rowspan="1">2853</td></tr><tr class="passedeven"><td rowspan="3">com.tests.RPoolNew_Test</td><td><a href="#m23">Find_Ride</a></td><td rowspan="1">1613051930651</td><td rowspan="1">1518</td></tr><tr class="passedeven"><td><a href="#m24">Offer_Ride</a></td><td rowspan="1">1613051935930</td><td rowspan="1">1473</td></tr><tr class="passedeven"><td><a href="#m25">RPool_New</a></td><td rowspan="1">1613051926187</td><td rowspan="1">1453</td></tr><tr class="passedodd"><td rowspan="1">com.tests.RedBus_JoiOperator_Test</td><td><a href="#m26">Join_As_Operator</a></td><td rowspan="1">1613051918696</td><td rowspan="1">4400</td></tr><tr class="passedeven"><td rowspan="2">com.tests.RedBus_Partners_Test</td><td><a href="#m27">RedBusGoibio_Partner</a></td><td rowspan="1">1613051819061</td><td rowspan="1">491</td></tr><tr class="passedeven"><td><a href="#m28">RedBus_MakemyTrip_Partner</a></td><td rowspan="1">1613051822536</td><td rowspan="1">419</td></tr><tr class="passedodd"><td rowspan="1">com.tests.Redbus_Colombia_Test</td><td><a href="#m29">Redbus_services_in_Collombia</a></td><td rowspan="1">1613052200607</td><td rowspan="1">80</td></tr><tr class="passedeven"><td rowspan="5">com.tests.TripTest</td><td><a href="#m30">BusTickets</a></td><td rowspan="1">1613052107114</td><td rowspan="1">8294</td></tr><tr class="passedeven"><td><a href="#m31">Bus_Arrival_Time</a></td><td rowspan="1">1613052172113</td><td rowspan="1">8994</td></tr><tr class="passedeven"><td><a href="#m32">Bus_Types</a></td><td rowspan="1">1613052158722</td><td rowspan="1">9269</td></tr><tr class="passedeven"><td><a href="#m33">Filters</a></td><td rowspan="1">1613052118476</td><td rowspan="1">9347</td></tr><tr class="passedeven"><td><a href="#m34">Modify_TripDetail</a></td><td rowspan="1">1613052130972</td><td rowspan="1">11093</td></tr></tbody>
</table>
<h2>Test</h2><h3 id="m0">com.tests.ManageBookingTest#intializeDriver</h3><table class="result"><tr><th>Exception</th></tr><tr><td><div class="stacktrace">org.openqa.selenium.WebDriverException: unknown error: unable to discover open pages
Build info: version: &apos;3.141.59&apos;, revision: &apos;e82be7d358&apos;, time: &apos;2018-11-14T08:17:03&apos;
System info: host: &apos;PRAVEENKUMAR07&apos;, ip: &apos;192.168.1.13&apos;, os.name: &apos;Windows 10&apos;, os.arch: &apos;amd64&apos;, os.version: &apos;10.0&apos;, java.version: &apos;14.0.2&apos;
Driver info: driver.version: ChromeDriver
remote stacktrace: Backtrace:
	GetHandleVerifier [0x0059B963+483]
	GetHandleVerifier [0x0059B941+449]
	GetHandleVerifier [0x00943308+3832712]
	GetHandleVerifier [0x0095D51B+3939739]
	GetHandleVerifier [0x00959AFB+3924859]
	GetHandleVerifier [0x00957D9C+3917340]
	GetHandleVerifier [0x0097E7FE+4075646]
	GetHandleVerifier [0x0097E56C+4074988]
	GetHandleVerifier [0x0097B2EB+4062059]
	GetHandleVerifier [0x0095ED14+3945876]
	GetHandleVerifier [0x0095FBCE+3949646]
	GetHandleVerifier [0x0095FB59+3949529]
	Ordinal0 [0x0055B5CC+46540]
	Ordinal0 [0x00559F53+40787]
	Ordinal0 [0x00559B12+39698]
	GetHandleVerifier [0x00861468+2907368]
	GetHandleVerifier [0x006A71EE+1096302]
	GetHandleVerifier [0x00663E8D+821005]
	GetHandleVerifier [0x0066396B+819691]
	GetHandleVerifier [0x00663881+819457]
	GetHandleVerifier [0x0068F463+998627]
	BaseThreadInitThunk [0x75946359+25]
	RtlGetAppContainerNamedObjectPath [0x777A8944+228]
	RtlGetAppContainerNamedObjectPath [0x777A8914+180]

	at org.openqa.selenium.remote.W3CHandshakeResponse.lambda$errorHandler$0(W3CHandshakeResponse.java:62)
	at org.openqa.selenium.remote.HandshakeResponse.lambda$getResponseFunction$0(HandshakeResponse.java:30)
	at org.openqa.selenium.remote.ProtocolHandshake.lambda$createSession$0(ProtocolHandshake.java:126)
	at java.base/java.util.stream.ReferencePipeline$3$1.accept(ReferencePipeline.java:195)
	at java.base/java.util.Spliterators$ArraySpliterator.tryAdvance(Spliterators.java:958)
	at java.base/java.util.stream.ReferencePipeline.forEachWithCancel(ReferencePipeline.java:127)
	at java.base/java.util.stream.AbstractPipeline.copyIntoWithCancel(AbstractPipeline.java:502)
	at java.base/java.util.stream.AbstractPipeline.copyInto(AbstractPipeline.java:488)
	at java.base/java.util.stream.AbstractPipeline.wrapAndCopyInto(AbstractPipeline.java:474)
	at java.base/java.util.stream.FindOps$FindOp.evaluateSequential(FindOps.java:150)
	at java.base/java.util.stream.AbstractPipeline.evaluate(AbstractPipeline.java:234)
	at java.base/java.util.stream.ReferencePipeline.findFirst(ReferencePipeline.java:543)
	at org.openqa.selenium.remote.ProtocolHandshake.createSession(ProtocolHandshake.java:128)
	at org.openqa.selenium.remote.ProtocolHandshake.createSession(ProtocolHandshake.java:74)
	at org.openqa.selenium.remote.HttpCommandExecutor.execute(HttpCommandExecutor.java:136)
	at org.openqa.selenium.remote.service.DriverCommandExecutor.execute(DriverCommandExecutor.java:83)
	at org.openqa.selenium.remote.RemoteWebDriver.execute(RemoteWebDriver.java:552)
	at org.openqa.selenium.remote.RemoteWebDriver.startSession(RemoteWebDriver.java:213)
	at org.openqa.selenium.remote.RemoteWebDriver.&lt;init&gt;(RemoteWebDriver.java:131)
	at org.openqa.selenium.chrome.ChromeDriver.&lt;init&gt;(ChromeDriver.java:181)
	at org.openqa.selenium.chrome.ChromeDriver.&lt;init&gt;(ChromeDriver.java:168)
	at org.openqa.selenium.chrome.ChromeDriver.&lt;init&gt;(ChromeDriver.java:157)
	at com.tests.BaseTest.intializeDriver(BaseTest.java:69)
	at java.base/java.util.ArrayList.forEach(ArrayList.java:1511)
... Removed 36 stack frames</div></td></tr></table><p class="totop"><a href="#summary">back to summary</a></p>
<h3 id="m1">com.tests.LoginTest#InValid_update_MyProfile</h3><table class="result"><tr><th>Exception</th></tr><tr><td><div class="stacktrace">java.lang.AssertionError: expected [Online Bus tickets Booking, AC Volvo Booking] but found [Online Bus tickets Booking, AC Volvo Booking, 250 INR CB On Bus Reservation]
	at com.tests.LoginTest.InValid_update_MyProfile(LoginTest.java:159)
	at java.base/java.util.ArrayList.forEach(ArrayList.java:1511)
... Removed 33 stack frames</div></td></tr></table><p class="totop"><a href="#summary">back to summary</a></p>
<h3 id="m2">com.tests.LoginTest#Invalid_Login_with_FaceBook</h3><table class="result"><tr><th>Exception</th></tr><tr><td><div class="stacktrace">java.lang.AssertionError: expected [Book Bus Travel] but found [Facebook]
	at com.pages.loginPage.InvalidLogin_with_FB(loginPage.java:153)
	at com.tests.LoginTest.Invalid_Login_with_FaceBook(LoginTest.java:60)
	at java.base/java.util.ArrayList.forEach(ArrayList.java:1511)
... Removed 33 stack frames</div></td></tr></table><p class="totop"><a href="#summary">back to summary</a></p>
<h3 id="m3">com.tests.TripTest#Bus_Departure_Time</h3><table class="result"><tr><th>Exception</th></tr><tr><td><div class="stacktrace">org.openqa.selenium.ElementClickInterceptedException: element click intercepted: Element &lt;label for=&quot;dtBefore 6 am&quot; class=&quot;custom-checkbox&quot;&gt;&lt;/label&gt; is not clickable at point (34, 444). Other element would receive the click: &lt;ul class=&quot;dept-time dt-time-filter&quot;&gt;...&lt;/ul&gt;
  (Session info: headless chrome=88.0.4324.150)
Build info: version: &apos;3.141.59&apos;, revision: &apos;e82be7d358&apos;, time: &apos;2018-11-14T08:17:03&apos;
System info: host: &apos;PRAVEENKUMAR07&apos;, ip: &apos;192.168.1.13&apos;, os.name: &apos;Windows 10&apos;, os.arch: &apos;amd64&apos;, os.version: &apos;10.0&apos;, java.version: &apos;14.0.2&apos;
Driver info: org.openqa.selenium.chrome.ChromeDriver
Capabilities {acceptInsecureCerts: false, browserName: chrome, browserVersion: 88.0.4324.150, chrome: {chromedriverVersion: 88.0.4324.96 (68dba2d8a0b14..., userDataDir: C:\Users\PRAVEE~1\AppData\L...}, goog:chromeOptions: {debuggerAddress: localhost:64129}, javascriptEnabled: true, networkConnectionEnabled: false, pageLoadStrategy: normal, platform: WINDOWS, platformName: WINDOWS, proxy: Proxy(), setWindowRect: true, strictFileInteractability: false, timeouts: {implicit: 0, pageLoad: 300000, script: 30000}, unhandledPromptBehavior: dismiss and notify, webauthn:extension:largeBlob: true, webauthn:virtualAuthenticators: true}
Session ID: 71bf05dba9f108707ffb3c9d3afb2106
	at org.openqa.selenium.remote.http.W3CHttpResponseCodec.createException(W3CHttpResponseCodec.java:187)
	at org.openqa.selenium.remote.http.W3CHttpResponseCodec.decode(W3CHttpResponseCodec.java:122)
	at org.openqa.selenium.remote.http.W3CHttpResponseCodec.decode(W3CHttpResponseCodec.java:49)
	at org.openqa.selenium.remote.HttpCommandExecutor.execute(HttpCommandExecutor.java:158)
	at org.openqa.selenium.remote.service.DriverCommandExecutor.execute(DriverCommandExecutor.java:83)
	at org.openqa.selenium.remote.RemoteWebDriver.execute(RemoteWebDriver.java:552)
	at org.openqa.selenium.remote.RemoteWebElement.execute(RemoteWebElement.java:285)
	at org.openqa.selenium.remote.RemoteWebElement.click(RemoteWebElement.java:84)
	at org.openqa.selenium.support.pagefactory.internal.LocatingElementHandler.invoke(LocatingElementHandler.java:51)
	at com.sun.proxy.$Proxy15.click(Unknown Source)
	at com.pages.TripPage.BusDeparture(TripPage.java:136)
	at com.tests.TripTest.Bus_Departure_Time(TripTest.java:109)
	at java.base/java.util.ArrayList.forEach(ArrayList.java:1511)
... Removed 35 stack frames</div></td></tr></table><p class="totop"><a href="#summary">back to summary</a></p>
<h3 id="m4">com.tests.ManageBookingTest#intializeDriver</h3><table class="result"><tr><th class="invisible"/></tr></table><p class="totop"><a href="#summary">back to summary</a></p>
<h3 id="m5">com.tests.ManageBookingTest#tearDown</h3><table class="result"><tr><th class="invisible"/></tr></table><p class="totop"><a href="#summary">back to summary</a></p>
<h3 id="m6">com.tests.ManageBookingTest#tearDown</h3><table class="result"><tr><th class="invisible"/></tr></table><p class="totop"><a href="#summary">back to summary</a></p>
<h3 id="m7">com.tests.ManageBookingTest#Email_SmS</h3><table class="result"><tr><th>Exception</th></tr><tr><td><div class="stacktrace">org.openqa.selenium.WebDriverException: unknown error: unable to discover open pages
Build info: version: &apos;3.141.59&apos;, revision: &apos;e82be7d358&apos;, time: &apos;2018-11-14T08:17:03&apos;
System info: host: &apos;PRAVEENKUMAR07&apos;, ip: &apos;192.168.1.13&apos;, os.name: &apos;Windows 10&apos;, os.arch: &apos;amd64&apos;, os.version: &apos;10.0&apos;, java.version: &apos;14.0.2&apos;
Driver info: driver.version: ChromeDriver
remote stacktrace: Backtrace:
	GetHandleVerifier [0x0059B963+483]
	GetHandleVerifier [0x0059B941+449]
	GetHandleVerifier [0x00943308+3832712]
	GetHandleVerifier [0x0095D51B+3939739]
	GetHandleVerifier [0x00959AFB+3924859]
	GetHandleVerifier [0x00957D9C+3917340]
	GetHandleVerifier [0x0097E7FE+4075646]
	GetHandleVerifier [0x0097E56C+4074988]
	GetHandleVerifier [0x0097B2EB+4062059]
	GetHandleVerifier [0x0095ED14+3945876]
	GetHandleVerifier [0x0095FBCE+3949646]
	GetHandleVerifier [0x0095FB59+3949529]
	Ordinal0 [0x0055B5CC+46540]
	Ordinal0 [0x00559F53+40787]
	Ordinal0 [0x00559B12+39698]
	GetHandleVerifier [0x00861468+2907368]
	GetHandleVerifier [0x006A71EE+1096302]
	GetHandleVerifier [0x00663E8D+821005]
	GetHandleVerifier [0x0066396B+819691]
	GetHandleVerifier [0x00663881+819457]
	GetHandleVerifier [0x0068F463+998627]
	BaseThreadInitThunk [0x75946359+25]
	RtlGetAppContainerNamedObjectPath [0x777A8944+228]
	RtlGetAppContainerNamedObjectPath [0x777A8914+180]

	at org.openqa.selenium.remote.W3CHandshakeResponse.lambda$errorHandler$0(W3CHandshakeResponse.java:62)
	at org.openqa.selenium.remote.HandshakeResponse.lambda$getResponseFunction$0(HandshakeResponse.java:30)
	at org.openqa.selenium.remote.ProtocolHandshake.lambda$createSession$0(ProtocolHandshake.java:126)
	at java.base/java.util.stream.ReferencePipeline$3$1.accept(ReferencePipeline.java:195)
	at java.base/java.util.Spliterators$ArraySpliterator.tryAdvance(Spliterators.java:958)
	at java.base/java.util.stream.ReferencePipeline.forEachWithCancel(ReferencePipeline.java:127)
	at java.base/java.util.stream.AbstractPipeline.copyIntoWithCancel(AbstractPipeline.java:502)
	at java.base/java.util.stream.AbstractPipeline.copyInto(AbstractPipeline.java:488)
	at java.base/java.util.stream.AbstractPipeline.wrapAndCopyInto(AbstractPipeline.java:474)
	at java.base/java.util.stream.FindOps$FindOp.evaluateSequential(FindOps.java:150)
	at java.base/java.util.stream.AbstractPipeline.evaluate(AbstractPipeline.java:234)
	at java.base/java.util.stream.ReferencePipeline.findFirst(ReferencePipeline.java:543)
	at org.openqa.selenium.remote.ProtocolHandshake.createSession(ProtocolHandshake.java:128)
	at org.openqa.selenium.remote.ProtocolHandshake.createSession(ProtocolHandshake.java:74)
	at org.openqa.selenium.remote.HttpCommandExecutor.execute(HttpCommandExecutor.java:136)
	at org.openqa.selenium.remote.service.DriverCommandExecutor.execute(DriverCommandExecutor.java:83)
	at org.openqa.selenium.remote.RemoteWebDriver.execute(RemoteWebDriver.java:552)
	at org.openqa.selenium.remote.RemoteWebDriver.startSession(RemoteWebDriver.java:213)
	at org.openqa.selenium.remote.RemoteWebDriver.&lt;init&gt;(RemoteWebDriver.java:131)
	at org.openqa.selenium.chrome.ChromeDriver.&lt;init&gt;(ChromeDriver.java:181)
	at org.openqa.selenium.chrome.ChromeDriver.&lt;init&gt;(ChromeDriver.java:168)
	at org.openqa.selenium.chrome.ChromeDriver.&lt;init&gt;(ChromeDriver.java:157)
	at com.tests.BaseTest.intializeDriver(BaseTest.java:69)
	at java.base/java.util.ArrayList.forEach(ArrayList.java:1511)
... Removed 36 stack frames</div></td></tr></table><p class="totop"><a href="#summary">back to summary</a></p>
<h3 id="m8">com.tests.ManageBookingTest#Show_My_Ticket</h3><table class="result"><tr><th>Exception</th></tr><tr><td><div class="stacktrace">org.openqa.selenium.WebDriverException: unknown error: unable to discover open pages
Build info: version: &apos;3.141.59&apos;, revision: &apos;e82be7d358&apos;, time: &apos;2018-11-14T08:17:03&apos;
System info: host: &apos;PRAVEENKUMAR07&apos;, ip: &apos;192.168.1.13&apos;, os.name: &apos;Windows 10&apos;, os.arch: &apos;amd64&apos;, os.version: &apos;10.0&apos;, java.version: &apos;14.0.2&apos;
Driver info: driver.version: ChromeDriver
remote stacktrace: Backtrace:
	GetHandleVerifier [0x0059B963+483]
	GetHandleVerifier [0x0059B941+449]
	GetHandleVerifier [0x00943308+3832712]
	GetHandleVerifier [0x0095D51B+3939739]
	GetHandleVerifier [0x00959AFB+3924859]
	GetHandleVerifier [0x00957D9C+3917340]
	GetHandleVerifier [0x0097E7FE+4075646]
	GetHandleVerifier [0x0097E56C+4074988]
	GetHandleVerifier [0x0097B2EB+4062059]
	GetHandleVerifier [0x0095ED14+3945876]
	GetHandleVerifier [0x0095FBCE+3949646]
	GetHandleVerifier [0x0095FB59+3949529]
	Ordinal0 [0x0055B5CC+46540]
	Ordinal0 [0x00559F53+40787]
	Ordinal0 [0x00559B12+39698]
	GetHandleVerifier [0x00861468+2907368]
	GetHandleVerifier [0x006A71EE+1096302]
	GetHandleVerifier [0x00663E8D+821005]
	GetHandleVerifier [0x0066396B+819691]
	GetHandleVerifier [0x00663881+819457]
	GetHandleVerifier [0x0068F463+998627]
	BaseThreadInitThunk [0x75946359+25]
	RtlGetAppContainerNamedObjectPath [0x777A8944+228]
	RtlGetAppContainerNamedObjectPath [0x777A8914+180]

	at org.openqa.selenium.remote.W3CHandshakeResponse.lambda$errorHandler$0(W3CHandshakeResponse.java:62)
	at org.openqa.selenium.remote.HandshakeResponse.lambda$getResponseFunction$0(HandshakeResponse.java:30)
	at org.openqa.selenium.remote.ProtocolHandshake.lambda$createSession$0(ProtocolHandshake.java:126)
	at java.base/java.util.stream.ReferencePipeline$3$1.accept(ReferencePipeline.java:195)
	at java.base/java.util.Spliterators$ArraySpliterator.tryAdvance(Spliterators.java:958)
	at java.base/java.util.stream.ReferencePipeline.forEachWithCancel(ReferencePipeline.java:127)
	at java.base/java.util.stream.AbstractPipeline.copyIntoWithCancel(AbstractPipeline.java:502)
	at java.base/java.util.stream.AbstractPipeline.copyInto(AbstractPipeline.java:488)
	at java.base/java.util.stream.AbstractPipeline.wrapAndCopyInto(AbstractPipeline.java:474)
	at java.base/java.util.stream.FindOps$FindOp.evaluateSequential(FindOps.java:150)
	at java.base/java.util.stream.AbstractPipeline.evaluate(AbstractPipeline.java:234)
	at java.base/java.util.stream.ReferencePipeline.findFirst(ReferencePipeline.java:543)
	at org.openqa.selenium.remote.ProtocolHandshake.createSession(ProtocolHandshake.java:128)
	at org.openqa.selenium.remote.ProtocolHandshake.createSession(ProtocolHandshake.java:74)
	at org.openqa.selenium.remote.HttpCommandExecutor.execute(HttpCommandExecutor.java:136)
	at org.openqa.selenium.remote.service.DriverCommandExecutor.execute(DriverCommandExecutor.java:83)
	at org.openqa.selenium.remote.RemoteWebDriver.execute(RemoteWebDriver.java:552)
	at org.openqa.selenium.remote.RemoteWebDriver.startSession(RemoteWebDriver.java:213)
	at org.openqa.selenium.remote.RemoteWebDriver.&lt;init&gt;(RemoteWebDriver.java:131)
	at org.openqa.selenium.chrome.ChromeDriver.&lt;init&gt;(ChromeDriver.java:181)
	at org.openqa.selenium.chrome.ChromeDriver.&lt;init&gt;(ChromeDriver.java:168)
	at org.openqa.selenium.chrome.ChromeDriver.&lt;init&gt;(ChromeDriver.java:157)
	at com.tests.BaseTest.intializeDriver(BaseTest.java:69)
	at java.base/java.util.ArrayList.forEach(ArrayList.java:1511)
... Removed 36 stack frames</div></td></tr></table><p class="totop"><a href="#summary">back to summary</a></p>
<h3 id="m9">com.tests.About_RedBus_Test#RedBus_About</h3><table class="result"><tr><th class="invisible"/></tr></table><p class="totop"><a href="#summary">back to summary</a></p>
<h3 id="m10">com.tests.About_RedBus_Test#RedBus_Contact</h3><table class="result"><tr><th class="invisible"/></tr></table><p class="totop"><a href="#summary">back to summary</a></p>
<h3 id="m11">com.tests.About_RedBus_Test#Redbus_Careers</h3><table class="result"><tr><th class="invisible"/></tr></table><p class="totop"><a href="#summary">back to summary</a></p>
<h3 id="m12">com.tests.Bus_Hire_Test#Bus_Offers</h3><table class="result"><tr><th class="invisible"/></tr></table><p class="totop"><a href="#summary">back to summary</a></p>
<h3 id="m13">com.tests.Bus_Hire_Test#Cancellation</h3><table class="result"><tr><th class="invisible"/></tr></table><p class="totop"><a href="#summary">back to summary</a></p>
<h3 id="m14">com.tests.LoginTest#My_Trip</h3><table class="result"><tr><th class="invisible"/></tr></table><p class="totop"><a href="#summary">back to summary</a></p>
<h3 id="m15">com.tests.LoginTest#Valid_Login_with_FaceBook</h3><table class="result"><tr><th class="invisible"/></tr></table><p class="totop"><a href="#summary">back to summary</a></p>
<h3 id="m16">com.tests.LoginTest#Valid_update_MyProfile</h3><table class="result"><tr><th class="invisible"/></tr></table><p class="totop"><a href="#summary">back to summary</a></p>
<h3 id="m17">com.tests.LoginTest#Wallet_History</h3><table class="result"><tr><th class="invisible"/></tr></table><p class="totop"><a href="#summary">back to summary</a></p>
<h3 id="m18">com.tests.LoginTest#WalletsCards_Balance</h3><table class="result"><tr><th class="invisible"/></tr></table><p class="totop"><a href="#summary">back to summary</a></p>
<h3 id="m19">com.tests.LoginTest#signOut</h3><table class="result"><tr><th class="invisible"/></tr></table><p class="totop"><a href="#summary">back to summary</a></p>
<h3 id="m20">com.tests.LoginTest#signOut_from_allDevices</h3><table class="result"><tr><th class="invisible"/></tr></table><p class="totop"><a href="#summary">back to summary</a></p>
<h3 id="m21">com.tests.ManageBookingTest#Cancel_Ticket</h3><table class="result"><tr><th class="invisible"/></tr></table><p class="totop"><a href="#summary">back to summary</a></p>
<h3 id="m22">com.tests.ManageBookingTest#Reschedule_Ticket</h3><table class="result"><tr><th class="invisible"/></tr></table><p class="totop"><a href="#summary">back to summary</a></p>
<h3 id="m23">com.tests.RPoolNew_Test#Find_Ride</h3><table class="result"><tr><th class="invisible"/></tr></table><p class="totop"><a href="#summary">back to summary</a></p>
<h3 id="m24">com.tests.RPoolNew_Test#Offer_Ride</h3><table class="result"><tr><th class="invisible"/></tr></table><p class="totop"><a href="#summary">back to summary</a></p>
<h3 id="m25">com.tests.RPoolNew_Test#RPool_New</h3><table class="result"><tr><th class="invisible"/></tr></table><p class="totop"><a href="#summary">back to summary</a></p>
<h3 id="m26">com.tests.RedBus_JoiOperator_Test#Join_As_Operator</h3><table class="result"><tr><th class="invisible"/></tr></table><p class="totop"><a href="#summary">back to summary</a></p>
<h3 id="m27">com.tests.RedBus_Partners_Test#RedBusGoibio_Partner</h3><table class="result"><tr><th class="invisible"/></tr></table><p class="totop"><a href="#summary">back to summary</a></p>
<h3 id="m28">com.tests.RedBus_Partners_Test#RedBus_MakemyTrip_Partner</h3><table class="result"><tr><th class="invisible"/></tr></table><p class="totop"><a href="#summary">back to summary</a></p>
<h3 id="m29">com.tests.Redbus_Colombia_Test#Redbus_services_in_Collombia</h3><table class="result"><tr><th class="invisible"/></tr></table><p class="totop"><a href="#summary">back to summary</a></p>
<h3 id="m30">com.tests.TripTest#BusTickets</h3><table class="result"><tr><th class="invisible"/></tr></table><p class="totop"><a href="#summary">back to summary</a></p>
<h3 id="m31">com.tests.TripTest#Bus_Arrival_Time</h3><table class="result"><tr><th class="invisible"/></tr></table><p class="totop"><a href="#summary">back to summary</a></p>
<h3 id="m32">com.tests.TripTest#Bus_Types</h3><table class="result"><tr><th class="invisible"/></tr></table><p class="totop"><a href="#summary">back to summary</a></p>
<h3 id="m33">com.tests.TripTest#Filters</h3><table class="result"><tr><th class="invisible"/></tr></table><p class="totop"><a href="#summary">back to summary</a></p>
<h3 id="m34">com.tests.TripTest#Modify_TripDetail</h3><table class="result"><tr><th class="invisible"/></tr></table><p class="totop"><a href="#summary">back to summary</a></p>
</body>
</html>
