<!DOCTYPE html>

<html>
  <head>
  <meta charset='utf-8'>
  <title>TestNG reports</title>

    <link type="text/css" href="testng-reports1.css" rel="stylesheet" id="ultra" />
    <link type="text/css" href="testng-reports.css" rel="stylesheet" id="retro" disabled="false"/>
    <script type="text/javascript" src="jquery-3.4.1.min.js"></script>
    <script type="text/javascript" src="testng-reports.js"></script>
    <script type="text/javascript" src="https://www.google.com/jsapi"></script>
    <script type='text/javascript'>
      google.load('visualization', '1', {packages:['table']});
      google.setOnLoadCallback(drawTable);
      var suiteTableInitFunctions = new Array();
      var suiteTableData = new Array();
    </script>
    <!--
      <script type="text/javascript" src="jquery-ui/js/jquery-ui-1.8.16.custom.min.js"></script>
     -->
  </head>

  <body>
    <div class="top-banner-root">
      <span class="top-banner-title-font">Test results</span>
      <button id="button" class="button">Switch Retro Theme</button> <!-- button -->
      <br/>
      <span class="top-banner-font-1">1 suite, 3 failed tests</span>
    </div> <!-- top-banner-root -->
    <div class="navigator-root">
      <div class="navigator-suite-header">
        <span>All suites</span>
        <a href="#" title="Collapse/expand all the suites" class="collapse-all-link">
          <img src="collapseall.gif" class="collapse-all-icon">
          </img> <!-- collapse-all-icon -->
        </a> <!-- collapse-all-link -->
      </div> <!-- navigator-suite-header -->
      <div class="suite">
        <div class="rounded-window">
          <div class="suite-header light-rounded-window-top">
            <a href="#" panel-name="suite-Suite" class="navigator-link">
              <span class="suite-name border-failed">Suite</span>
            </a> <!-- navigator-link -->
          </div> <!-- suite-header light-rounded-window-top -->
          <div class="navigator-suite-content">
            <div class="suite-section-title">
              <span>Info</span>
            </div> <!-- suite-section-title -->
            <div class="suite-section-content">
              <ul>
                <li>
                  <a href="#" panel-name="test-xml-Suite" class="navigator-link ">
                    <span>C:\Users\praveenkumar07\eclipse-workspace\RedbusProject\testng.xml</span>
                  </a> <!-- navigator-link  -->
                </li>
                <li>
                  <a href="#" panel-name="testlist-Suite" class="navigator-link ">
                    <span class="test-stats">1 test</span>
                  </a> <!-- navigator-link  -->
                </li>
                <li>
                  <a href="#" panel-name="group-Suite" class="navigator-link ">
                    <span>0 groups</span>
                  </a> <!-- navigator-link  -->
                </li>
                <li>
                  <a href="#" panel-name="times-Suite" class="navigator-link ">
                    <span>Times</span>
                  </a> <!-- navigator-link  -->
                </li>
                <li>
                  <a href="#" panel-name="reporter-Suite" class="navigator-link ">
                    <span>Reporter output</span>
                  </a> <!-- navigator-link  -->
                </li>
                <li>
                  <a href="#" panel-name="ignored-methods-Suite" class="navigator-link ">
                    <span>Ignored methods</span>
                  </a> <!-- navigator-link  -->
                </li>
                <li>
                  <a href="#" panel-name="chronological-Suite" class="navigator-link ">
                    <span>Chronological view</span>
                  </a> <!-- navigator-link  -->
                </li>
              </ul>
            </div> <!-- suite-section-content -->
            <div class="result-section">
              <div class="suite-section-title">
                <span>Results</span>
              </div> <!-- suite-section-title -->
              <div class="suite-section-content">
                <ul>
                  <li>
                    <span class="method-stats">31 methods, 3 failed,  2 skipped,  26 passed</span>
                  </li>
                  <li>
                    <span class="method-list-title failed">Failed methods</span>
                    <span class="show-or-hide-methods failed">
                      <a href="#" panel-name="suite-Suite" class="hide-methods failed suite-Suite"> (hide)</a> <!-- hide-methods failed suite-Suite -->
                      <a href="#" panel-name="suite-Suite" class="show-methods failed suite-Suite"> (show)</a> <!-- show-methods failed suite-Suite -->
                    </span>
                    <div class="method-list-content failed suite-Suite">
                      <span>
                        <img src="failed.png" width="3%"/>
                        <a href="#" panel-name="suite-Suite" title="com.tests.TripTest" class="method navigator-link" hash-for-method="Bus_Departure_Time">Bus_Departure_Time</a> <!-- method navigator-link -->
                      </span>
                      <br/>
                      <span>
                        <img src="failed.png" width="3%"/>
                        <a href="#" panel-name="suite-Suite" title="com.tests.LoginTest" class="method navigator-link" hash-for-method="InValid_update_MyProfile">InValid_update_MyProfile</a> <!-- method navigator-link -->
                      </span>
                      <br/>
                      <span>
                        <img src="failed.png" width="3%"/>
                        <a href="#" panel-name="suite-Suite" title="com.tests.LoginTest" class="method navigator-link" hash-for-method="Invalid_Login_with_FaceBook">Invalid_Login_with_FaceBook</a> <!-- method navigator-link -->
                      </span>
                      <br/>
                    </div> <!-- method-list-content failed suite-Suite -->
                  </li>
                  <li>
                    <span class="method-list-title skipped">Skipped methods</span>
                    <span class="show-or-hide-methods skipped">
                      <a href="#" panel-name="suite-Suite" class="hide-methods skipped suite-Suite"> (hide)</a> <!-- hide-methods skipped suite-Suite -->
                      <a href="#" panel-name="suite-Suite" class="show-methods skipped suite-Suite"> (show)</a> <!-- show-methods skipped suite-Suite -->
                    </span>
                    <div class="method-list-content skipped suite-Suite">
                      <span>
                        <img src="skipped.png" width="3%"/>
                        <a href="#" panel-name="suite-Suite" title="com.tests.ManageBookingTest" class="method navigator-link" hash-for-method="Email_SmS">Email_SmS</a> <!-- method navigator-link -->
                      </span>
                      <br/>
                      <span>
                        <img src="skipped.png" width="3%"/>
                        <a href="#" panel-name="suite-Suite" title="com.tests.ManageBookingTest" class="method navigator-link" hash-for-method="Show_My_Ticket">Show_My_Ticket</a> <!-- method navigator-link -->
                      </span>
                      <br/>
                    </div> <!-- method-list-content skipped suite-Suite -->
                  </li>
                  <li>
                    <span class="method-list-title passed">Passed methods</span>
                    <span class="show-or-hide-methods passed">
                      <a href="#" panel-name="suite-Suite" class="hide-methods passed suite-Suite"> (hide)</a> <!-- hide-methods passed suite-Suite -->
                      <a href="#" panel-name="suite-Suite" class="show-methods passed suite-Suite"> (show)</a> <!-- show-methods passed suite-Suite -->
                    </span>
                    <div class="method-list-content passed suite-Suite">
                      <span>
                        <img src="passed.png" width="3%"/>
                        <a href="#" panel-name="suite-Suite" title="com.tests.TripTest" class="method navigator-link" hash-for-method="BusTickets">BusTickets</a> <!-- method navigator-link -->
                      </span>
                      <br/>
                      <span>
                        <img src="passed.png" width="3%"/>
                        <a href="#" panel-name="suite-Suite" title="com.tests.TripTest" class="method navigator-link" hash-for-method="Bus_Arrival_Time">Bus_Arrival_Time</a> <!-- method navigator-link -->
                      </span>
                      <br/>
                      <span>
                        <img src="passed.png" width="3%"/>
                        <a href="#" panel-name="suite-Suite" title="com.tests.Bus_Hire_Test" class="method navigator-link" hash-for-method="Bus_Offers">Bus_Offers</a> <!-- method navigator-link -->
                      </span>
                      <br/>
                      <span>
                        <img src="passed.png" width="3%"/>
                        <a href="#" panel-name="suite-Suite" title="com.tests.TripTest" class="method navigator-link" hash-for-method="Bus_Types">Bus_Types</a> <!-- method navigator-link -->
                      </span>
                      <br/>
                      <span>
                        <img src="passed.png" width="3%"/>
                        <a href="#" panel-name="suite-Suite" title="com.tests.ManageBookingTest" class="method navigator-link" hash-for-method="Cancel_Ticket">Cancel_Ticket</a> <!-- method navigator-link -->
                      </span>
                      <br/>
                      <span>
                        <img src="passed.png" width="3%"/>
                        <a href="#" panel-name="suite-Suite" title="com.tests.Bus_Hire_Test" class="method navigator-link" hash-for-method="Cancellation">Cancellation</a> <!-- method navigator-link -->
                      </span>
                      <br/>
                      <span>
                        <img src="passed.png" width="3%"/>
                        <a href="#" panel-name="suite-Suite" title="com.tests.TripTest" class="method navigator-link" hash-for-method="Filters">Filters</a> <!-- method navigator-link -->
                      </span>
                      <br/>
                      <span>
                        <img src="passed.png" width="3%"/>
                        <a href="#" panel-name="suite-Suite" title="com.tests.RPoolNew_Test" class="method navigator-link" hash-for-method="Find_Ride">Find_Ride</a> <!-- method navigator-link -->
                      </span>
                      <br/>
                      <span>
                        <img src="passed.png" width="3%"/>
                        <a href="#" panel-name="suite-Suite" title="com.tests.RedBus_JoiOperator_Test" class="method navigator-link" hash-for-method="Join_As_Operator">Join_As_Operator</a> <!-- method navigator-link -->
                      </span>
                      <br/>
                      <span>
                        <img src="passed.png" width="3%"/>
                        <a href="#" panel-name="suite-Suite" title="com.tests.TripTest" class="method navigator-link" hash-for-method="Modify_TripDetail">Modify_TripDetail</a> <!-- method navigator-link -->
                      </span>
                      <br/>
                      <span>
                        <img src="passed.png" width="3%"/>
                        <a href="#" panel-name="suite-Suite" title="com.tests.LoginTest" class="method navigator-link" hash-for-method="My_Trip">My_Trip</a> <!-- method navigator-link -->
                      </span>
                      <br/>
                      <span>
                        <img src="passed.png" width="3%"/>
                        <a href="#" panel-name="suite-Suite" title="com.tests.RPoolNew_Test" class="method navigator-link" hash-for-method="Offer_Ride">Offer_Ride</a> <!-- method navigator-link -->
                      </span>
                      <br/>
                      <span>
                        <img src="passed.png" width="3%"/>
                        <a href="#" panel-name="suite-Suite" title="com.tests.RPoolNew_Test" class="method navigator-link" hash-for-method="RPool_New">RPool_New</a> <!-- method navigator-link -->
                      </span>
                      <br/>
                      <span>
                        <img src="passed.png" width="3%"/>
                        <a href="#" panel-name="suite-Suite" title="com.tests.RedBus_Partners_Test" class="method navigator-link" hash-for-method="RedBusGoibio_Partner">RedBusGoibio_Partner</a> <!-- method navigator-link -->
                      </span>
                      <br/>
                      <span>
                        <img src="passed.png" width="3%"/>
                        <a href="#" panel-name="suite-Suite" title="com.tests.About_RedBus_Test" class="method navigator-link" hash-for-method="RedBus_About">RedBus_About</a> <!-- method navigator-link -->
                      </span>
                      <br/>
                      <span>
                        <img src="passed.png" width="3%"/>
                        <a href="#" panel-name="suite-Suite" title="com.tests.About_RedBus_Test" class="method navigator-link" hash-for-method="RedBus_Contact">RedBus_Contact</a> <!-- method navigator-link -->
                      </span>
                      <br/>
                      <span>
                        <img src="passed.png" width="3%"/>
                        <a href="#" panel-name="suite-Suite" title="com.tests.RedBus_Partners_Test" class="method navigator-link" hash-for-method="RedBus_MakemyTrip_Partner">RedBus_MakemyTrip_Partner</a> <!-- method navigator-link -->
                      </span>
                      <br/>
                      <span>
                        <img src="passed.png" width="3%"/>
                        <a href="#" panel-name="suite-Suite" title="com.tests.About_RedBus_Test" class="method navigator-link" hash-for-method="Redbus_Careers">Redbus_Careers</a> <!-- method navigator-link -->
                      </span>
                      <br/>
                      <span>
                        <img src="passed.png" width="3%"/>
                        <a href="#" panel-name="suite-Suite" title="com.tests.Redbus_Colombia_Test" class="method navigator-link" hash-for-method="Redbus_services_in_Collombia">Redbus_services_in_Collombia</a> <!-- method navigator-link -->
                      </span>
                      <br/>
                      <span>
                        <img src="passed.png" width="3%"/>
                        <a href="#" panel-name="suite-Suite" title="com.tests.ManageBookingTest" class="method navigator-link" hash-for-method="Reschedule_Ticket">Reschedule_Ticket</a> <!-- method navigator-link -->
                      </span>
                      <br/>
                      <span>
                        <img src="passed.png" width="3%"/>
                        <a href="#" panel-name="suite-Suite" title="com.tests.LoginTest" class="method navigator-link" hash-for-method="Valid_Login_with_FaceBook">Valid_Login_with_FaceBook</a> <!-- method navigator-link -->
                      </span>
                      <br/>
                      <span>
                        <img src="passed.png" width="3%"/>
                        <a href="#" panel-name="suite-Suite" title="com.tests.LoginTest" class="method navigator-link" hash-for-method="Valid_update_MyProfile">Valid_update_MyProfile</a> <!-- method navigator-link -->
                      </span>
                      <br/>
                      <span>
                        <img src="passed.png" width="3%"/>
                        <a href="#" panel-name="suite-Suite" title="com.tests.LoginTest" class="method navigator-link" hash-for-method="Wallet_History">Wallet_History</a> <!-- method navigator-link -->
                      </span>
                      <br/>
                      <span>
                        <img src="passed.png" width="3%"/>
                        <a href="#" panel-name="suite-Suite" title="com.tests.LoginTest" class="method navigator-link" hash-for-method="WalletsCards_Balance">WalletsCards_Balance</a> <!-- method navigator-link -->
                      </span>
                      <br/>
                      <span>
                        <img src="passed.png" width="3%"/>
                        <a href="#" panel-name="suite-Suite" title="com.tests.LoginTest" class="method navigator-link" hash-for-method="signOut">signOut</a> <!-- method navigator-link -->
                      </span>
                      <br/>
                      <span>
                        <img src="passed.png" width="3%"/>
                        <a href="#" panel-name="suite-Suite" title="com.tests.LoginTest" class="method navigator-link" hash-for-method="signOut_from_allDevices">signOut_from_allDevices</a> <!-- method navigator-link -->
                      </span>
                      <br/>
                    </div> <!-- method-list-content passed suite-Suite -->
                  </li>
                </ul>
              </div> <!-- suite-section-content -->
            </div> <!-- result-section -->
          </div> <!-- navigator-suite-content -->
        </div> <!-- rounded-window -->
      </div> <!-- suite -->
    </div> <!-- navigator-root -->
    <div class="wrapper">
      <div class="main-panel-root">
        <div panel-name="suite-Suite" class="panel Suite">
          <div class="suite-Suite-class-failed">
            <div class="main-panel-header rounded-window-top">
              <img src="failed.png"/>
              <span class="class-name">com.tests.LoginTest</span>
            </div> <!-- main-panel-header rounded-window-top -->
            <div class="main-panel-content rounded-window-bottom">
              <div class="method">
                <div class="method-content">
                  <a name="InValid_update_MyProfile">
                  </a> <!-- InValid_update_MyProfile -->
                  <span class="method-name">InValid_update_MyProfile</span>
                  <div class="stack-trace">java.lang.AssertionError: expected [Online Bus tickets Booking, AC Volvo Booking] but found [Online Bus tickets Booking, AC Volvo Booking, 250 INR CB On Bus Reservation]
	at com.tests.LoginTest.InValid_update_MyProfile(LoginTest.java:159)
	at java.base/java.util.ArrayList.forEach(ArrayList.java:1511)
... Removed 33 stack frames
</div> <!-- stack-trace -->
                </div> <!-- method-content -->
              </div> <!-- method -->
              <div class="method">
                <div class="method-content">
                  <a name="Invalid_Login_with_FaceBook">
                  </a> <!-- Invalid_Login_with_FaceBook -->
                  <span class="method-name">Invalid_Login_with_FaceBook</span>
                  <div class="stack-trace">java.lang.AssertionError: expected [Book Bus Travel] but found [Facebook]
	at com.pages.loginPage.InvalidLogin_with_FB(loginPage.java:153)
	at com.tests.LoginTest.Invalid_Login_with_FaceBook(LoginTest.java:60)
	at java.base/java.util.ArrayList.forEach(ArrayList.java:1511)
... Removed 33 stack frames
</div> <!-- stack-trace -->
                </div> <!-- method-content -->
              </div> <!-- method -->
            </div> <!-- main-panel-content rounded-window-bottom -->
          </div> <!-- suite-Suite-class-failed -->
          <div class="suite-Suite-class-failed">
            <div class="main-panel-header rounded-window-top">
              <img src="failed.png"/>
              <span class="class-name">com.tests.TripTest</span>
            </div> <!-- main-panel-header rounded-window-top -->
            <div class="main-panel-content rounded-window-bottom">
              <div class="method">
                <div class="method-content">
                  <a name="Bus_Departure_Time">
                  </a> <!-- Bus_Departure_Time -->
                  <span class="method-name">Bus_Departure_Time</span>
                  <div class="stack-trace">org.openqa.selenium.ElementClickInterceptedException: element click intercepted: Element &lt;label for=&quot;dtBefore 6 am&quot; class=&quot;custom-checkbox&quot;&gt;&lt;/label&gt; is not clickable at point (34, 444). Other element would receive the click: &lt;ul class=&quot;dept-time dt-time-filter&quot;&gt;...&lt;/ul&gt;
  (Session info: headless chrome=88.0.4324.150)
Build info: version: &apos;3.141.59&apos;, revision: &apos;e82be7d358&apos;, time: &apos;2018-11-14T08:17:03&apos;
System info: host: &apos;PRAVEENKUMAR07&apos;, ip: &apos;192.168.1.13&apos;, os.name: &apos;Windows 10&apos;, os.arch: &apos;amd64&apos;, os.version: &apos;10.0&apos;, java.version: &apos;14.0.2&apos;
Driver info: org.openqa.selenium.chrome.ChromeDriver
Capabilities {acceptInsecureCerts: false, browserName: chrome, browserVersion: 88.0.4324.150, chrome: {chromedriverVersion: 88.0.4324.96 (68dba2d8a0b14..., userDataDir: C:\Users\PRAVEE~1\AppData\L...}, goog:chromeOptions: {debuggerAddress: localhost:64129}, javascriptEnabled: true, networkConnectionEnabled: false, pageLoadStrategy: normal, platform: WINDOWS, platformName: WINDOWS, proxy: Proxy(), setWindowRect: true, strictFileInteractability: false, timeouts: {implicit: 0, pageLoad: 300000, script: 30000}, unhandledPromptBehavior: dismiss and notify, webauthn:extension:largeBlob: true, webauthn:virtualAuthenticators: true}
Session ID: 71bf05dba9f108707ffb3c9d3afb2106
	at org.openqa.selenium.remote.http.W3CHttpResponseCodec.createException(W3CHttpResponseCodec.java:187)
	at org.openqa.selenium.remote.http.W3CHttpResponseCodec.decode(W3CHttpResponseCodec.java:122)
	at org.openqa.selenium.remote.http.W3CHttpResponseCodec.decode(W3CHttpResponseCodec.java:49)
	at org.openqa.selenium.remote.HttpCommandExecutor.execute(HttpCommandExecutor.java:158)
	at org.openqa.selenium.remote.service.DriverCommandExecutor.execute(DriverCommandExecutor.java:83)
	at org.openqa.selenium.remote.RemoteWebDriver.execute(RemoteWebDriver.java:552)
	at org.openqa.selenium.remote.RemoteWebElement.execute(RemoteWebElement.java:285)
	at org.openqa.selenium.remote.RemoteWebElement.click(RemoteWebElement.java:84)
	at org.openqa.selenium.support.pagefactory.internal.LocatingElementHandler.invoke(LocatingElementHandler.java:51)
	at com.sun.proxy.$Proxy15.click(Unknown Source)
	at com.pages.TripPage.BusDeparture(TripPage.java:136)
	at com.tests.TripTest.Bus_Departure_Time(TripTest.java:109)
	at java.base/java.util.ArrayList.forEach(ArrayList.java:1511)
... Removed 35 stack frames
</div> <!-- stack-trace -->
                </div> <!-- method-content -->
              </div> <!-- method -->
            </div> <!-- main-panel-content rounded-window-bottom -->
          </div> <!-- suite-Suite-class-failed -->
          <div class="suite-Suite-class-skipped">
            <div class="main-panel-header rounded-window-top">
              <img src="skipped.png"/>
              <span class="class-name">com.tests.ManageBookingTest</span>
            </div> <!-- main-panel-header rounded-window-top -->
            <div class="main-panel-content rounded-window-bottom">
              <div class="method">
                <div class="method-content">
                  <a name="Email_SmS">
                  </a> <!-- Email_SmS -->
                  <span class="method-name">Email_SmS</span>
                  <div class="stack-trace">org.openqa.selenium.WebDriverException: unknown error: unable to discover open pages
Build info: version: &apos;3.141.59&apos;, revision: &apos;e82be7d358&apos;, time: &apos;2018-11-14T08:17:03&apos;
System info: host: &apos;PRAVEENKUMAR07&apos;, ip: &apos;192.168.1.13&apos;, os.name: &apos;Windows 10&apos;, os.arch: &apos;amd64&apos;, os.version: &apos;10.0&apos;, java.version: &apos;14.0.2&apos;
Driver info: driver.version: ChromeDriver
remote stacktrace: Backtrace:
	GetHandleVerifier [0x0059B963+483]
	GetHandleVerifier [0x0059B941+449]
	GetHandleVerifier [0x00943308+3832712]
	GetHandleVerifier [0x0095D51B+3939739]
	GetHandleVerifier [0x00959AFB+3924859]
	GetHandleVerifier [0x00957D9C+3917340]
	GetHandleVerifier [0x0097E7FE+4075646]
	GetHandleVerifier [0x0097E56C+4074988]
	GetHandleVerifier [0x0097B2EB+4062059]
	GetHandleVerifier [0x0095ED14+3945876]
	GetHandleVerifier [0x0095FBCE+3949646]
	GetHandleVerifier [0x0095FB59+3949529]
	Ordinal0 [0x0055B5CC+46540]
	Ordinal0 [0x00559F53+40787]
	Ordinal0 [0x00559B12+39698]
	GetHandleVerifier [0x00861468+2907368]
	GetHandleVerifier [0x006A71EE+1096302]
	GetHandleVerifier [0x00663E8D+821005]
	GetHandleVerifier [0x0066396B+819691]
	GetHandleVerifier [0x00663881+819457]
	GetHandleVerifier [0x0068F463+998627]
	BaseThreadInitThunk [0x75946359+25]
	RtlGetAppContainerNamedObjectPath [0x777A8944+228]
	RtlGetAppContainerNamedObjectPath [0x777A8914+180]

	at org.openqa.selenium.remote.W3CHandshakeResponse.lambda$errorHandler$0(W3CHandshakeResponse.java:62)
	at org.openqa.selenium.remote.HandshakeResponse.lambda$getResponseFunction$0(HandshakeResponse.java:30)
	at org.openqa.selenium.remote.ProtocolHandshake.lambda$createSession$0(ProtocolHandshake.java:126)
	at java.base/java.util.stream.ReferencePipeline$3$1.accept(ReferencePipeline.java:195)
	at java.base/java.util.Spliterators$ArraySpliterator.tryAdvance(Spliterators.java:958)
	at java.base/java.util.stream.ReferencePipeline.forEachWithCancel(ReferencePipeline.java:127)
	at java.base/java.util.stream.AbstractPipeline.copyIntoWithCancel(AbstractPipeline.java:502)
	at java.base/java.util.stream.AbstractPipeline.copyInto(AbstractPipeline.java:488)
	at java.base/java.util.stream.AbstractPipeline.wrapAndCopyInto(AbstractPipeline.java:474)
	at java.base/java.util.stream.FindOps$FindOp.evaluateSequential(FindOps.java:150)
	at java.base/java.util.stream.AbstractPipeline.evaluate(AbstractPipeline.java:234)
	at java.base/java.util.stream.ReferencePipeline.findFirst(ReferencePipeline.java:543)
	at org.openqa.selenium.remote.ProtocolHandshake.createSession(ProtocolHandshake.java:128)
	at org.openqa.selenium.remote.ProtocolHandshake.createSession(ProtocolHandshake.java:74)
	at org.openqa.selenium.remote.HttpCommandExecutor.execute(HttpCommandExecutor.java:136)
	at org.openqa.selenium.remote.service.DriverCommandExecutor.execute(DriverCommandExecutor.java:83)
	at org.openqa.selenium.remote.RemoteWebDriver.execute(RemoteWebDriver.java:552)
	at org.openqa.selenium.remote.RemoteWebDriver.startSession(RemoteWebDriver.java:213)
	at org.openqa.selenium.remote.RemoteWebDriver.&lt;init&gt;(RemoteWebDriver.java:131)
	at org.openqa.selenium.chrome.ChromeDriver.&lt;init&gt;(ChromeDriver.java:181)
	at org.openqa.selenium.chrome.ChromeDriver.&lt;init&gt;(ChromeDriver.java:168)
	at org.openqa.selenium.chrome.ChromeDriver.&lt;init&gt;(ChromeDriver.java:157)
	at com.tests.BaseTest.intializeDriver(BaseTest.java:69)
	at java.base/java.util.ArrayList.forEach(ArrayList.java:1511)
... Removed 36 stack frames
</div> <!-- stack-trace -->
                </div> <!-- method-content -->
              </div> <!-- method -->
              <div class="method">
                <div class="method-content">
                  <a name="Show_My_Ticket">
                  </a> <!-- Show_My_Ticket -->
                  <span class="method-name">Show_My_Ticket</span>
                  <div class="stack-trace">org.openqa.selenium.WebDriverException: unknown error: unable to discover open pages
Build info: version: &apos;3.141.59&apos;, revision: &apos;e82be7d358&apos;, time: &apos;2018-11-14T08:17:03&apos;
System info: host: &apos;PRAVEENKUMAR07&apos;, ip: &apos;192.168.1.13&apos;, os.name: &apos;Windows 10&apos;, os.arch: &apos;amd64&apos;, os.version: &apos;10.0&apos;, java.version: &apos;14.0.2&apos;
Driver info: driver.version: ChromeDriver
remote stacktrace: Backtrace:
	GetHandleVerifier [0x0059B963+483]
	GetHandleVerifier [0x0059B941+449]
	GetHandleVerifier [0x00943308+3832712]
	GetHandleVerifier [0x0095D51B+3939739]
	GetHandleVerifier [0x00959AFB+3924859]
	GetHandleVerifier [0x00957D9C+3917340]
	GetHandleVerifier [0x0097E7FE+4075646]
	GetHandleVerifier [0x0097E56C+4074988]
	GetHandleVerifier [0x0097B2EB+4062059]
	GetHandleVerifier [0x0095ED14+3945876]
	GetHandleVerifier [0x0095FBCE+3949646]
	GetHandleVerifier [0x0095FB59+3949529]
	Ordinal0 [0x0055B5CC+46540]
	Ordinal0 [0x00559F53+40787]
	Ordinal0 [0x00559B12+39698]
	GetHandleVerifier [0x00861468+2907368]
	GetHandleVerifier [0x006A71EE+1096302]
	GetHandleVerifier [0x00663E8D+821005]
	GetHandleVerifier [0x0066396B+819691]
	GetHandleVerifier [0x00663881+819457]
	GetHandleVerifier [0x0068F463+998627]
	BaseThreadInitThunk [0x75946359+25]
	RtlGetAppContainerNamedObjectPath [0x777A8944+228]
	RtlGetAppContainerNamedObjectPath [0x777A8914+180]

	at org.openqa.selenium.remote.W3CHandshakeResponse.lambda$errorHandler$0(W3CHandshakeResponse.java:62)
	at org.openqa.selenium.remote.HandshakeResponse.lambda$getResponseFunction$0(HandshakeResponse.java:30)
	at org.openqa.selenium.remote.ProtocolHandshake.lambda$createSession$0(ProtocolHandshake.java:126)
	at java.base/java.util.stream.ReferencePipeline$3$1.accept(ReferencePipeline.java:195)
	at java.base/java.util.Spliterators$ArraySpliterator.tryAdvance(Spliterators.java:958)
	at java.base/java.util.stream.ReferencePipeline.forEachWithCancel(ReferencePipeline.java:127)
	at java.base/java.util.stream.AbstractPipeline.copyIntoWithCancel(AbstractPipeline.java:502)
	at java.base/java.util.stream.AbstractPipeline.copyInto(AbstractPipeline.java:488)
	at java.base/java.util.stream.AbstractPipeline.wrapAndCopyInto(AbstractPipeline.java:474)
	at java.base/java.util.stream.FindOps$FindOp.evaluateSequential(FindOps.java:150)
	at java.base/java.util.stream.AbstractPipeline.evaluate(AbstractPipeline.java:234)
	at java.base/java.util.stream.ReferencePipeline.findFirst(ReferencePipeline.java:543)
	at org.openqa.selenium.remote.ProtocolHandshake.createSession(ProtocolHandshake.java:128)
	at org.openqa.selenium.remote.ProtocolHandshake.createSession(ProtocolHandshake.java:74)
	at org.openqa.selenium.remote.HttpCommandExecutor.execute(HttpCommandExecutor.java:136)
	at org.openqa.selenium.remote.service.DriverCommandExecutor.execute(DriverCommandExecutor.java:83)
	at org.openqa.selenium.remote.RemoteWebDriver.execute(RemoteWebDriver.java:552)
	at org.openqa.selenium.remote.RemoteWebDriver.startSession(RemoteWebDriver.java:213)
	at org.openqa.selenium.remote.RemoteWebDriver.&lt;init&gt;(RemoteWebDriver.java:131)
	at org.openqa.selenium.chrome.ChromeDriver.&lt;init&gt;(ChromeDriver.java:181)
	at org.openqa.selenium.chrome.ChromeDriver.&lt;init&gt;(ChromeDriver.java:168)
	at org.openqa.selenium.chrome.ChromeDriver.&lt;init&gt;(ChromeDriver.java:157)
	at com.tests.BaseTest.intializeDriver(BaseTest.java:69)
	at java.base/java.util.ArrayList.forEach(ArrayList.java:1511)
... Removed 36 stack frames
</div> <!-- stack-trace -->
                </div> <!-- method-content -->
              </div> <!-- method -->
            </div> <!-- main-panel-content rounded-window-bottom -->
          </div> <!-- suite-Suite-class-skipped -->
          <div class="suite-Suite-class-passed">
            <div class="main-panel-header rounded-window-top">
              <img src="passed.png"/>
              <span class="class-name">com.tests.Redbus_Colombia_Test</span>
            </div> <!-- main-panel-header rounded-window-top -->
            <div class="main-panel-content rounded-window-bottom">
              <div class="method">
                <div class="method-content">
                  <a name="Redbus_services_in_Collombia">
                  </a> <!-- Redbus_services_in_Collombia -->
                  <span class="method-name">Redbus_services_in_Collombia</span>
                </div> <!-- method-content -->
              </div> <!-- method -->
            </div> <!-- main-panel-content rounded-window-bottom -->
          </div> <!-- suite-Suite-class-passed -->
          <div class="suite-Suite-class-passed">
            <div class="main-panel-header rounded-window-top">
              <img src="passed.png"/>
              <span class="class-name">com.tests.About_RedBus_Test</span>
            </div> <!-- main-panel-header rounded-window-top -->
            <div class="main-panel-content rounded-window-bottom">
              <div class="method">
                <div class="method-content">
                  <a name="RedBus_About">
                  </a> <!-- RedBus_About -->
                  <span class="method-name">RedBus_About</span>
                </div> <!-- method-content -->
              </div> <!-- method -->
              <div class="method">
                <div class="method-content">
                  <a name="RedBus_Contact">
                  </a> <!-- RedBus_Contact -->
                  <span class="method-name">RedBus_Contact</span>
                </div> <!-- method-content -->
              </div> <!-- method -->
              <div class="method">
                <div class="method-content">
                  <a name="Redbus_Careers">
                  </a> <!-- Redbus_Careers -->
                  <span class="method-name">Redbus_Careers</span>
                </div> <!-- method-content -->
              </div> <!-- method -->
            </div> <!-- main-panel-content rounded-window-bottom -->
          </div> <!-- suite-Suite-class-passed -->
          <div class="suite-Suite-class-passed">
            <div class="main-panel-header rounded-window-top">
              <img src="passed.png"/>
              <span class="class-name">com.tests.RedBus_Partners_Test</span>
            </div> <!-- main-panel-header rounded-window-top -->
            <div class="main-panel-content rounded-window-bottom">
              <div class="method">
                <div class="method-content">
                  <a name="RedBusGoibio_Partner">
                  </a> <!-- RedBusGoibio_Partner -->
                  <span class="method-name">RedBusGoibio_Partner</span>
                </div> <!-- method-content -->
              </div> <!-- method -->
              <div class="method">
                <div class="method-content">
                  <a name="RedBus_MakemyTrip_Partner">
                  </a> <!-- RedBus_MakemyTrip_Partner -->
                  <span class="method-name">RedBus_MakemyTrip_Partner</span>
                </div> <!-- method-content -->
              </div> <!-- method -->
            </div> <!-- main-panel-content rounded-window-bottom -->
          </div> <!-- suite-Suite-class-passed -->
          <div class="suite-Suite-class-passed">
            <div class="main-panel-header rounded-window-top">
              <img src="passed.png"/>
              <span class="class-name">com.tests.RPoolNew_Test</span>
            </div> <!-- main-panel-header rounded-window-top -->
            <div class="main-panel-content rounded-window-bottom">
              <div class="method">
                <div class="method-content">
                  <a name="Find_Ride">
                  </a> <!-- Find_Ride -->
                  <span class="method-name">Find_Ride</span>
                </div> <!-- method-content -->
              </div> <!-- method -->
              <div class="method">
                <div class="method-content">
                  <a name="Offer_Ride">
                  </a> <!-- Offer_Ride -->
                  <span class="method-name">Offer_Ride</span>
                </div> <!-- method-content -->
              </div> <!-- method -->
              <div class="method">
                <div class="method-content">
                  <a name="RPool_New">
                  </a> <!-- RPool_New -->
                  <span class="method-name">RPool_New</span>
                </div> <!-- method-content -->
              </div> <!-- method -->
            </div> <!-- main-panel-content rounded-window-bottom -->
          </div> <!-- suite-Suite-class-passed -->
          <div class="suite-Suite-class-passed">
            <div class="main-panel-header rounded-window-top">
              <img src="passed.png"/>
              <span class="class-name">com.tests.LoginTest</span>
            </div> <!-- main-panel-header rounded-window-top -->
            <div class="main-panel-content rounded-window-bottom">
              <div class="method">
                <div class="method-content">
                  <a name="My_Trip">
                  </a> <!-- My_Trip -->
                  <span class="method-name">My_Trip</span>
                </div> <!-- method-content -->
              </div> <!-- method -->
              <div class="method">
                <div class="method-content">
                  <a name="Valid_Login_with_FaceBook">
                  </a> <!-- Valid_Login_with_FaceBook -->
                  <span class="method-name">Valid_Login_with_FaceBook</span>
                </div> <!-- method-content -->
              </div> <!-- method -->
              <div class="method">
                <div class="method-content">
                  <a name="Valid_update_MyProfile">
                  </a> <!-- Valid_update_MyProfile -->
                  <span class="method-name">Valid_update_MyProfile</span>
                </div> <!-- method-content -->
              </div> <!-- method -->
              <div class="method">
                <div class="method-content">
                  <a name="Wallet_History">
                  </a> <!-- Wallet_History -->
                  <span class="method-name">Wallet_History</span>
                </div> <!-- method-content -->
              </div> <!-- method -->
              <div class="method">
                <div class="method-content">
                  <a name="WalletsCards_Balance">
                  </a> <!-- WalletsCards_Balance -->
                  <span class="method-name">WalletsCards_Balance</span>
                </div> <!-- method-content -->
              </div> <!-- method -->
              <div class="method">
                <div class="method-content">
                  <a name="signOut">
                  </a> <!-- signOut -->
                  <span class="method-name">signOut</span>
                </div> <!-- method-content -->
              </div> <!-- method -->
              <div class="method">
                <div class="method-content">
                  <a name="signOut_from_allDevices">
                  </a> <!-- signOut_from_allDevices -->
                  <span class="method-name">signOut_from_allDevices</span>
                </div> <!-- method-content -->
              </div> <!-- method -->
            </div> <!-- main-panel-content rounded-window-bottom -->
          </div> <!-- suite-Suite-class-passed -->
          <div class="suite-Suite-class-passed">
            <div class="main-panel-header rounded-window-top">
              <img src="passed.png"/>
              <span class="class-name">com.tests.Bus_Hire_Test</span>
            </div> <!-- main-panel-header rounded-window-top -->
            <div class="main-panel-content rounded-window-bottom">
              <div class="method">
                <div class="method-content">
                  <a name="Bus_Offers">
                  </a> <!-- Bus_Offers -->
                  <span class="method-name">Bus_Offers</span>
                </div> <!-- method-content -->
              </div> <!-- method -->
              <div class="method">
                <div class="method-content">
                  <a name="Cancellation">
                  </a> <!-- Cancellation -->
                  <span class="method-name">Cancellation</span>
                </div> <!-- method-content -->
              </div> <!-- method -->
            </div> <!-- main-panel-content rounded-window-bottom -->
          </div> <!-- suite-Suite-class-passed -->
          <div class="suite-Suite-class-passed">
            <div class="main-panel-header rounded-window-top">
              <img src="passed.png"/>
              <span class="class-name">com.tests.TripTest</span>
            </div> <!-- main-panel-header rounded-window-top -->
            <div class="main-panel-content rounded-window-bottom">
              <div class="method">
                <div class="method-content">
                  <a name="BusTickets">
                  </a> <!-- BusTickets -->
                  <span class="method-name">BusTickets</span>
                </div> <!-- method-content -->
              </div> <!-- method -->
              <div class="method">
                <div class="method-content">
                  <a name="Bus_Arrival_Time">
                  </a> <!-- Bus_Arrival_Time -->
                  <span class="method-name">Bus_Arrival_Time</span>
                </div> <!-- method-content -->
              </div> <!-- method -->
              <div class="method">
                <div class="method-content">
                  <a name="Bus_Types">
                  </a> <!-- Bus_Types -->
                  <span class="method-name">Bus_Types</span>
                </div> <!-- method-content -->
              </div> <!-- method -->
              <div class="method">
                <div class="method-content">
                  <a name="Filters">
                  </a> <!-- Filters -->
                  <span class="method-name">Filters</span>
                </div> <!-- method-content -->
              </div> <!-- method -->
              <div class="method">
                <div class="method-content">
                  <a name="Modify_TripDetail">
                  </a> <!-- Modify_TripDetail -->
                  <span class="method-name">Modify_TripDetail</span>
                </div> <!-- method-content -->
              </div> <!-- method -->
            </div> <!-- main-panel-content rounded-window-bottom -->
          </div> <!-- suite-Suite-class-passed -->
          <div class="suite-Suite-class-passed">
            <div class="main-panel-header rounded-window-top">
              <img src="passed.png"/>
              <span class="class-name">com.tests.ManageBookingTest</span>
            </div> <!-- main-panel-header rounded-window-top -->
            <div class="main-panel-content rounded-window-bottom">
              <div class="method">
                <div class="method-content">
                  <a name="Cancel_Ticket">
                  </a> <!-- Cancel_Ticket -->
                  <span class="method-name">Cancel_Ticket</span>
                </div> <!-- method-content -->
              </div> <!-- method -->
              <div class="method">
                <div class="method-content">
                  <a name="Reschedule_Ticket">
                  </a> <!-- Reschedule_Ticket -->
                  <span class="method-name">Reschedule_Ticket</span>
                </div> <!-- method-content -->
              </div> <!-- method -->
            </div> <!-- main-panel-content rounded-window-bottom -->
          </div> <!-- suite-Suite-class-passed -->
          <div class="suite-Suite-class-passed">
            <div class="main-panel-header rounded-window-top">
              <img src="passed.png"/>
              <span class="class-name">com.tests.RedBus_JoiOperator_Test</span>
            </div> <!-- main-panel-header rounded-window-top -->
            <div class="main-panel-content rounded-window-bottom">
              <div class="method">
                <div class="method-content">
                  <a name="Join_As_Operator">
                  </a> <!-- Join_As_Operator -->
                  <span class="method-name">Join_As_Operator</span>
                </div> <!-- method-content -->
              </div> <!-- method -->
            </div> <!-- main-panel-content rounded-window-bottom -->
          </div> <!-- suite-Suite-class-passed -->
        </div> <!-- panel Suite -->
        <div panel-name="test-xml-Suite" class="panel">
          <div class="main-panel-header rounded-window-top">
            <span class="header-content">C:\Users\praveenkumar07\eclipse-workspace\RedbusProject\testng.xml</span>
          </div> <!-- main-panel-header rounded-window-top -->
          <div class="main-panel-content rounded-window-bottom">
            <pre>
&lt;?xml version=&quot;1.0&quot; encoding=&quot;UTF-8&quot;?&gt;
&lt;!DOCTYPE suite SYSTEM &quot;https://testng.org/testng-1.0.dtd&quot;&gt;
&lt;suite name=&quot;Suite&quot; guice-stage=&quot;DEVELOPMENT&quot;&gt;
  &lt;test thread-count=&quot;5&quot; name=&quot;Test&quot;&gt;
    &lt;classes&gt;
      &lt;class name=&quot;com.tests.RedBus_Partners_Test&quot;/&gt;
      &lt;class name=&quot;com.tests.Bus_Hire_Test&quot;/&gt;
      &lt;class name=&quot;com.tests.ManageBookingTest&quot;/&gt;
      &lt;class name=&quot;com.tests.RedBus_JoiOperator_Test&quot;/&gt;
      &lt;class name=&quot;com.tests.RPoolNew_Test&quot;/&gt;
      &lt;class name=&quot;com.tests.LoginTest&quot;/&gt;
      &lt;class name=&quot;com.tests.TripTest&quot;/&gt;
      &lt;class name=&quot;com.tests.About_RedBus_Test&quot;/&gt;
      &lt;class name=&quot;com.tests.Redbus_Colombia_Test&quot;/&gt;
    &lt;/classes&gt;
  &lt;/test&gt; &lt;!-- Test --&gt;
&lt;/suite&gt; &lt;!-- Suite --&gt;
            </pre>
          </div> <!-- main-panel-content rounded-window-bottom -->
        </div> <!-- panel -->
        <div panel-name="testlist-Suite" class="panel">
          <div class="main-panel-header rounded-window-top">
            <span class="header-content">Tests for Suite</span>
          </div> <!-- main-panel-header rounded-window-top -->
          <div class="main-panel-content rounded-window-bottom">
            <ul>
              <li>
                <span class="test-name">Test (9 classes)</span>
              </li>
            </ul>
          </div> <!-- main-panel-content rounded-window-bottom -->
        </div> <!-- panel -->
        <div panel-name="group-Suite" class="panel">
          <div class="main-panel-header rounded-window-top">
            <span class="header-content">Groups for Suite</span>
          </div> <!-- main-panel-header rounded-window-top -->
          <div class="main-panel-content rounded-window-bottom">
          </div> <!-- main-panel-content rounded-window-bottom -->
        </div> <!-- panel -->
        <div panel-name="times-Suite" class="panel">
          <div class="main-panel-header rounded-window-top">
            <span class="header-content">Times for Suite</span>
          </div> <!-- main-panel-header rounded-window-top -->
          <div class="main-panel-content rounded-window-bottom">
            <div class="times-div">
              <script type="text/javascript">
suiteTableInitFunctions.push('tableData_Suite');
function tableData_Suite() {
var data = new google.visualization.DataTable();
data.addColumn('number', 'Number');
data.addColumn('string', 'Method');
data.addColumn('string', 'Class');
data.addColumn('number', 'Time (ms)');
data.addRows(31);
data.setCell(0, 0, 0)
data.setCell(0, 1, 'signOut_from_allDevices')
data.setCell(0, 2, 'com.tests.LoginTest')
data.setCell(0, 3, 19795);
data.setCell(1, 0, 1)
data.setCell(1, 1, 'WalletsCards_Balance')
data.setCell(1, 2, 'com.tests.LoginTest')
data.setCell(1, 3, 16658);
data.setCell(2, 0, 2)
data.setCell(2, 1, 'My_Trip')
data.setCell(2, 2, 'com.tests.LoginTest')
data.setCell(2, 3, 16495);
data.setCell(3, 0, 3)
data.setCell(3, 1, 'Wallet_History')
data.setCell(3, 2, 'com.tests.LoginTest')
data.setCell(3, 3, 15981);
data.setCell(4, 0, 4)
data.setCell(4, 1, 'signOut')
data.setCell(4, 2, 'com.tests.LoginTest')
data.setCell(4, 3, 15973);
data.setCell(5, 0, 5)
data.setCell(5, 1, 'Valid_update_MyProfile')
data.setCell(5, 2, 'com.tests.LoginTest')
data.setCell(5, 3, 14951);
data.setCell(6, 0, 6)
data.setCell(6, 1, 'InValid_update_MyProfile')
data.setCell(6, 2, 'com.tests.LoginTest')
data.setCell(6, 3, 14456);
data.setCell(7, 0, 7)
data.setCell(7, 1, 'Modify_TripDetail')
data.setCell(7, 2, 'com.tests.TripTest')
data.setCell(7, 3, 11093);
data.setCell(8, 0, 8)
data.setCell(8, 1, 'Bus_Departure_Time')
data.setCell(8, 2, 'com.tests.TripTest')
data.setCell(8, 3, 10113);
data.setCell(9, 0, 9)
data.setCell(9, 1, 'Invalid_Login_with_FaceBook')
data.setCell(9, 2, 'com.tests.LoginTest')
data.setCell(9, 3, 9810);
data.setCell(10, 0, 10)
data.setCell(10, 1, 'Filters')
data.setCell(10, 2, 'com.tests.TripTest')
data.setCell(10, 3, 9347);
data.setCell(11, 0, 11)
data.setCell(11, 1, 'Bus_Types')
data.setCell(11, 2, 'com.tests.TripTest')
data.setCell(11, 3, 9269);
data.setCell(12, 0, 12)
data.setCell(12, 1, 'Bus_Arrival_Time')
data.setCell(12, 2, 'com.tests.TripTest')
data.setCell(12, 3, 8994);
data.setCell(13, 0, 13)
data.setCell(13, 1, 'BusTickets')
data.setCell(13, 2, 'com.tests.TripTest')
data.setCell(13, 3, 8294);
data.setCell(14, 0, 14)
data.setCell(14, 1, 'Valid_Login_with_FaceBook')
data.setCell(14, 2, 'com.tests.LoginTest')
data.setCell(14, 3, 7666);
data.setCell(15, 0, 15)
data.setCell(15, 1, 'Join_As_Operator')
data.setCell(15, 2, 'com.tests.RedBus_JoiOperator_Test')
data.setCell(15, 3, 4400);
data.setCell(16, 0, 16)
data.setCell(16, 1, 'Cancel_Ticket')
data.setCell(16, 2, 'com.tests.ManageBookingTest')
data.setCell(16, 3, 2946);
data.setCell(17, 0, 17)
data.setCell(17, 1, 'Reschedule_Ticket')
data.setCell(17, 2, 'com.tests.ManageBookingTest')
data.setCell(17, 3, 2853);
data.setCell(18, 0, 18)
data.setCell(18, 1, 'Bus_Offers')
data.setCell(18, 2, 'com.tests.Bus_Hire_Test')
data.setCell(18, 3, 2490);
data.setCell(19, 0, 19)
data.setCell(19, 1, 'Cancellation')
data.setCell(19, 2, 'com.tests.Bus_Hire_Test')
data.setCell(19, 3, 2426);
data.setCell(20, 0, 20)
data.setCell(20, 1, 'Find_Ride')
data.setCell(20, 2, 'com.tests.RPoolNew_Test')
data.setCell(20, 3, 1518);
data.setCell(21, 0, 21)
data.setCell(21, 1, 'Offer_Ride')
data.setCell(21, 2, 'com.tests.RPoolNew_Test')
data.setCell(21, 3, 1473);
data.setCell(22, 0, 22)
data.setCell(22, 1, 'RPool_New')
data.setCell(22, 2, 'com.tests.RPoolNew_Test')
data.setCell(22, 3, 1453);
data.setCell(23, 0, 23)
data.setCell(23, 1, 'RedBusGoibio_Partner')
data.setCell(23, 2, 'com.tests.RedBus_Partners_Test')
data.setCell(23, 3, 491);
data.setCell(24, 0, 24)
data.setCell(24, 1, 'RedBus_About')
data.setCell(24, 2, 'com.tests.About_RedBus_Test')
data.setCell(24, 3, 427);
data.setCell(25, 0, 25)
data.setCell(25, 1, 'Redbus_Careers')
data.setCell(25, 2, 'com.tests.About_RedBus_Test')
data.setCell(25, 3, 427);
data.setCell(26, 0, 26)
data.setCell(26, 1, 'RedBus_MakemyTrip_Partner')
data.setCell(26, 2, 'com.tests.RedBus_Partners_Test')
data.setCell(26, 3, 419);
data.setCell(27, 0, 27)
data.setCell(27, 1, 'RedBus_Contact')
data.setCell(27, 2, 'com.tests.About_RedBus_Test')
data.setCell(27, 3, 408);
data.setCell(28, 0, 28)
data.setCell(28, 1, 'Redbus_services_in_Collombia')
data.setCell(28, 2, 'com.tests.Redbus_Colombia_Test')
data.setCell(28, 3, 80);
data.setCell(29, 0, 29)
data.setCell(29, 1, 'Show_My_Ticket')
data.setCell(29, 2, 'com.tests.ManageBookingTest')
data.setCell(29, 3, 0);
data.setCell(30, 0, 30)
data.setCell(30, 1, 'Email_SmS')
data.setCell(30, 2, 'com.tests.ManageBookingTest')
data.setCell(30, 3, 0);
window.suiteTableData['Suite']= { tableData: data, tableDiv: 'times-div-Suite'}
return data;
}
              </script>
              <span class="suite-total-time">Total running time: 3 minutes</span>
              <div id="times-div-Suite">
              </div> <!-- times-div-Suite -->
            </div> <!-- times-div -->
          </div> <!-- main-panel-content rounded-window-bottom -->
        </div> <!-- panel -->
        <div panel-name="reporter-Suite" class="panel">
          <div class="main-panel-header rounded-window-top">
            <span class="header-content">Reporter output for Suite</span>
          </div> <!-- main-panel-header rounded-window-top -->
          <div class="main-panel-content rounded-window-bottom">
          </div> <!-- main-panel-content rounded-window-bottom -->
        </div> <!-- panel -->
        <div panel-name="ignored-methods-Suite" class="panel">
          <div class="main-panel-header rounded-window-top">
            <span class="header-content">16 ignored methods</span>
          </div> <!-- main-panel-header rounded-window-top -->
          <div class="main-panel-content rounded-window-bottom">
            <div class="ignored-class-div">
              <span class="ignored-class-name">com.tests.Redbus_Colombia_Test</span>
              <div class="ignored-methods-div">
                <span class="ignored-method-name">endReport</span>
                <br/>
                <span class="ignored-method-name">setExtent</span>
                <br/>
              </div> <!-- ignored-methods-div -->
            </div> <!-- ignored-class-div -->
            <div class="ignored-class-div">
              <span class="ignored-class-name">com.tests.About_RedBus_Test</span>
              <div class="ignored-methods-div">
                <span class="ignored-method-name">endReport</span>
                <br/>
                <span class="ignored-method-name">setExtent</span>
                <br/>
              </div> <!-- ignored-methods-div -->
            </div> <!-- ignored-class-div -->
            <div class="ignored-class-div">
              <span class="ignored-class-name">com.tests.RPoolNew_Test</span>
              <div class="ignored-methods-div">
                <span class="ignored-method-name">endReport</span>
                <br/>
                <span class="ignored-method-name">setExtent</span>
                <br/>
              </div> <!-- ignored-methods-div -->
            </div> <!-- ignored-class-div -->
            <div class="ignored-class-div">
              <span class="ignored-class-name">com.tests.LoginTest</span>
              <div class="ignored-methods-div">
                <span class="ignored-method-name">endReport</span>
                <br/>
                <span class="ignored-method-name">setExtent</span>
                <br/>
              </div> <!-- ignored-methods-div -->
            </div> <!-- ignored-class-div -->
            <div class="ignored-class-div">
              <span class="ignored-class-name">com.tests.Bus_Hire_Test</span>
              <div class="ignored-methods-div">
                <span class="ignored-method-name">endReport</span>
                <br/>
                <span class="ignored-method-name">setExtent</span>
                <br/>
              </div> <!-- ignored-methods-div -->
            </div> <!-- ignored-class-div -->
            <div class="ignored-class-div">
              <span class="ignored-class-name">com.tests.TripTest</span>
              <div class="ignored-methods-div">
                <span class="ignored-method-name">endReport</span>
                <br/>
                <span class="ignored-method-name">setExtent</span>
                <br/>
              </div> <!-- ignored-methods-div -->
            </div> <!-- ignored-class-div -->
            <div class="ignored-class-div">
              <span class="ignored-class-name">com.tests.ManageBookingTest</span>
              <div class="ignored-methods-div">
                <span class="ignored-method-name">endReport</span>
                <br/>
                <span class="ignored-method-name">setExtent</span>
                <br/>
              </div> <!-- ignored-methods-div -->
            </div> <!-- ignored-class-div -->
            <div class="ignored-class-div">
              <span class="ignored-class-name">com.tests.RedBus_JoiOperator_Test</span>
              <div class="ignored-methods-div">
                <span class="ignored-method-name">endReport</span>
                <br/>
                <span class="ignored-method-name">setExtent</span>
                <br/>
              </div> <!-- ignored-methods-div -->
            </div> <!-- ignored-class-div -->
          </div> <!-- main-panel-content rounded-window-bottom -->
        </div> <!-- panel -->
        <div panel-name="chronological-Suite" class="panel">
          <div class="main-panel-header rounded-window-top">
            <span class="header-content">Methods in chronological order</span>
          </div> <!-- main-panel-header rounded-window-top -->
          <div class="main-panel-content rounded-window-bottom">
            <div class="chronological-class">
              <div class="chronological-class-name">com.tests.RedBus_Partners_Test</div> <!-- chronological-class-name -->
              <div class="configuration-test before">
                <span class="method-name">setExtent</span>
                <span class="method-start">0 ms</span>
              </div> <!-- configuration-test before -->
              <div class="configuration-method before">
                <span class="method-name">intializeDriver</span>
                <span class="method-start">154 ms</span>
              </div> <!-- configuration-method before -->
              <div class="test-method">
                <span class="method-name">RedBusGoibio_Partner</span>
                <span class="method-start">3060 ms</span>
              </div> <!-- test-method -->
              <div class="configuration-method after">
                <span class="method-name">tearDown([TestResult name=RedBusGoibio_Partner status=SUCCESS method=RedBus_Partners_Test.RedBusGoibio_Partne...)</span>
                <span class="method-start">3553 ms</span>
              </div> <!-- configuration-method after -->
              <div class="configuration-method before">
                <span class="method-name">intializeDriver</span>
                <span class="method-start">4113 ms</span>
              </div> <!-- configuration-method before -->
              <div class="test-method">
                <span class="method-name">RedBus_MakemyTrip_Partner</span>
                <span class="method-start">6535 ms</span>
              </div> <!-- test-method -->
              <div class="configuration-method after">
                <span class="method-name">tearDown([TestResult name=RedBus_MakemyTrip_Partner status=SUCCESS method=RedBus_Partners_Test.RedBus_MakemyT...)</span>
                <span class="method-start">6955 ms</span>
              </div> <!-- configuration-method after -->
            </div> <!-- chronological-class -->
            <div class="chronological-class">
              <div class="chronological-class-name">com.tests.Bus_Hire_Test</div> <!-- chronological-class-name -->
              <div class="configuration-method before">
                <span class="method-name">intializeDriver</span>
                <span class="method-start">7508 ms</span>
              </div> <!-- configuration-method before -->
              <div class="test-method">
                <span class="method-name">Bus_Offers</span>
                <span class="method-start">10178 ms</span>
              </div> <!-- test-method -->
              <div class="configuration-method after">
                <span class="method-name">tearDown([TestResult name=Bus_Offers status=SUCCESS method=Bus_Hire_Test.Bus_Offers()[pri:1, instance:com.tes...)</span>
                <span class="method-start">12669 ms</span>
              </div> <!-- configuration-method after -->
              <div class="configuration-method before">
                <span class="method-name">intializeDriver</span>
                <span class="method-start">13224 ms</span>
              </div> <!-- configuration-method before -->
              <div class="test-method">
                <span class="method-name">Cancellation</span>
                <span class="method-start">18427 ms</span>
              </div> <!-- test-method -->
              <div class="configuration-method after">
                <span class="method-name">tearDown([TestResult name=Cancellation status=SUCCESS method=Bus_Hire_Test.Cancellation()[pri:2, instance:com...)</span>
                <span class="method-start">20854 ms</span>
              </div> <!-- configuration-method after -->
            </div> <!-- chronological-class -->
            <div class="chronological-class">
              <div class="chronological-class-name">com.tests.ManageBookingTest</div> <!-- chronological-class-name -->
              <div class="configuration-method before">
                <span class="method-name">intializeDriver</span>
                <span class="method-start">21413 ms</span>
              </div> <!-- configuration-method before -->
              <div class="test-method">
                <span class="method-name">Cancel_Ticket</span>
                <span class="method-start">25948 ms</span>
              </div> <!-- test-method -->
              <div class="configuration-method after">
                <span class="method-name">tearDown([TestResult name=Cancel_Ticket status=SUCCESS method=ManageBookingTest.Cancel_Ticket()[pri:1, instan...)</span>
                <span class="method-start">28896 ms</span>
              </div> <!-- configuration-method after -->
              <div class="configuration-method before">
                <span class="method-name">intializeDriver</span>
                <span class="method-start">29469 ms</span>
              </div> <!-- configuration-method before -->
              <div class="test-method">
                <span class="method-name">Reschedule_Ticket</span>
                <span class="method-start">35774 ms</span>
              </div> <!-- test-method -->
              <div class="configuration-method after">
                <span class="method-name">tearDown([TestResult name=Reschedule_Ticket status=SUCCESS method=ManageBookingTest.Reschedule_Ticket()[pri:2...)</span>
                <span class="method-start">38629 ms</span>
              </div> <!-- configuration-method after -->
              <div class="configuration-method before">
                <img src="failed.png">
                </img>
                <span class="method-name">intializeDriver</span>
                <span class="method-start">39204 ms</span>
              </div> <!-- configuration-method before -->
              <div class="test-method">
                <span class="method-name">Show_My_Ticket</span>
                <span class="method-start">100190 ms</span>
              </div> <!-- test-method -->
              <div class="configuration-method after">
                <span class="method-name">tearDown</span>
                <span class="method-start">100192 ms</span>
              </div> <!-- configuration-method after -->
              <div class="configuration-method before">
                <span class="method-name">intializeDriver</span>
                <span class="method-start">100193 ms</span>
              </div> <!-- configuration-method before -->
              <div class="test-method">
                <span class="method-name">Email_SmS</span>
                <span class="method-start">100194 ms</span>
              </div> <!-- test-method -->
              <div class="configuration-method after">
                <span class="method-name">tearDown</span>
                <span class="method-start">100196 ms</span>
              </div> <!-- configuration-method after -->
            </div> <!-- chronological-class -->
            <div class="chronological-class">
              <div class="chronological-class-name">com.tests.RedBus_JoiOperator_Test</div> <!-- chronological-class-name -->
              <div class="configuration-method before">
                <span class="method-name">intializeDriver</span>
                <span class="method-start">100197 ms</span>
              </div> <!-- configuration-method before -->
              <div class="test-method">
                <span class="method-name">Join_As_Operator</span>
                <span class="method-start">102695 ms</span>
              </div> <!-- test-method -->
              <div class="configuration-method after">
                <span class="method-name">tearDown([TestResult name=Join_As_Operator status=SUCCESS method=RedBus_JoiOperator_Test.Join_As_Operator()[p...)</span>
                <span class="method-start">107095 ms</span>
              </div> <!-- configuration-method after -->
            </div> <!-- chronological-class -->
            <div class="chronological-class">
              <div class="chronological-class-name">com.tests.RPoolNew_Test</div> <!-- chronological-class-name -->
              <div class="configuration-method before">
                <span class="method-name">intializeDriver</span>
                <span class="method-start">107655 ms</span>
              </div> <!-- configuration-method before -->
              <div class="test-method">
                <span class="method-name">RPool_New</span>
                <span class="method-start">110186 ms</span>
              </div> <!-- test-method -->
              <div class="configuration-method after">
                <span class="method-name">tearDown([TestResult name=RPool_New status=SUCCESS method=RPoolNew_Test.RPool_New()[pri:1, instance:com.tests...)</span>
                <span class="method-start">111639 ms</span>
              </div> <!-- configuration-method after -->
              <div class="configuration-method before">
                <span class="method-name">intializeDriver</span>
                <span class="method-start">112191 ms</span>
              </div> <!-- configuration-method before -->
              <div class="test-method">
                <span class="method-name">Find_Ride</span>
                <span class="method-start">114650 ms</span>
              </div> <!-- test-method -->
              <div class="configuration-method after">
                <span class="method-name">tearDown([TestResult name=Find_Ride status=SUCCESS method=RPoolNew_Test.Find_Ride()[pri:2, instance:com.tests...)</span>
                <span class="method-start">116169 ms</span>
              </div> <!-- configuration-method after -->
              <div class="configuration-method before">
                <span class="method-name">intializeDriver</span>
                <span class="method-start">116726 ms</span>
              </div> <!-- configuration-method before -->
              <div class="test-method">
                <span class="method-name">Offer_Ride</span>
                <span class="method-start">119929 ms</span>
              </div> <!-- test-method -->
              <div class="configuration-method after">
                <span class="method-name">tearDown([TestResult name=Offer_Ride status=SUCCESS method=RPoolNew_Test.Offer_Ride()[pri:3, instance:com.tes...)</span>
                <span class="method-start">121403 ms</span>
              </div> <!-- configuration-method after -->
            </div> <!-- chronological-class -->
            <div class="chronological-class">
              <div class="chronological-class-name">com.tests.LoginTest</div> <!-- chronological-class-name -->
              <div class="configuration-method before">
                <span class="method-name">intializeDriver</span>
                <span class="method-start">121968 ms</span>
              </div> <!-- configuration-method before -->
              <div class="test-method">
                <span class="method-name">Valid_Login_with_FaceBook</span>
                <span class="method-start">126000 ms</span>
              </div> <!-- test-method -->
              <div class="configuration-method after">
                <span class="method-name">tearDown([TestResult name=Valid_Login_with_FaceBook status=SUCCESS method=LoginTest.Valid_Login_with_FaceBook...)</span>
                <span class="method-start">133667 ms</span>
              </div> <!-- configuration-method after -->
              <div class="configuration-method before">
                <span class="method-name">intializeDriver</span>
                <span class="method-start">134229 ms</span>
              </div> <!-- configuration-method before -->
              <div class="test-method">
                <img src="failed.png">
                </img>
                <span class="method-name">Invalid_Login_with_FaceBook</span>
                <span class="method-start">136857 ms</span>
              </div> <!-- test-method -->
              <div class="configuration-method after">
                <span class="method-name">tearDown([TestResult name=Invalid_Login_with_FaceBook status=FAILURE method=LoginTest.Invalid_Login_with_Face...)</span>
                <span class="method-start">146668 ms</span>
              </div> <!-- configuration-method after -->
              <div class="configuration-method before">
                <span class="method-name">intializeDriver</span>
                <span class="method-start">147497 ms</span>
              </div> <!-- configuration-method before -->
              <div class="test-method">
                <span class="method-name">My_Trip</span>
                <span class="method-start">151602 ms</span>
              </div> <!-- test-method -->
              <div class="configuration-method after">
                <span class="method-name">tearDown([TestResult name=My_Trip status=SUCCESS method=LoginTest.My_Trip()[pri:3, instance:com.tests.LoginTe...)</span>
                <span class="method-start">168098 ms</span>
              </div> <!-- configuration-method after -->
              <div class="configuration-method before">
                <span class="method-name">intializeDriver</span>
                <span class="method-start">168690 ms</span>
              </div> <!-- configuration-method before -->
              <div class="test-method">
                <span class="method-name">Valid_update_MyProfile</span>
                <span class="method-start">171168 ms</span>
              </div> <!-- test-method -->
              <div class="configuration-method after">
                <span class="method-name">tearDown([TestResult name=Valid_update_MyProfile status=SUCCESS method=LoginTest.Valid_update_MyProfile()[pri...)</span>
                <span class="method-start">186120 ms</span>
              </div> <!-- configuration-method after -->
              <div class="configuration-method before">
                <span class="method-name">intializeDriver</span>
                <span class="method-start">186697 ms</span>
              </div> <!-- configuration-method before -->
              <div class="test-method">
                <img src="failed.png">
                </img>
                <span class="method-name">InValid_update_MyProfile</span>
                <span class="method-start">189181 ms</span>
              </div> <!-- test-method -->
              <div class="configuration-method after">
                <span class="method-name">tearDown([TestResult name=InValid_update_MyProfile status=FAILURE method=LoginTest.InValid_update_MyProfile()...)</span>
                <span class="method-start">203638 ms</span>
              </div> <!-- configuration-method after -->
              <div class="configuration-method before">
                <span class="method-name">intializeDriver</span>
                <span class="method-start">204527 ms</span>
              </div> <!-- configuration-method before -->
              <div class="test-method">
                <span class="method-name">WalletsCards_Balance</span>
                <span class="method-start">208592 ms</span>
              </div> <!-- test-method -->
              <div class="configuration-method after">
                <span class="method-name">tearDown([TestResult name=WalletsCards_Balance status=SUCCESS method=LoginTest.WalletsCards_Balance()[pri:6, ...)</span>
                <span class="method-start">225251 ms</span>
              </div> <!-- configuration-method after -->
              <div class="configuration-method before">
                <span class="method-name">intializeDriver</span>
                <span class="method-start">225846 ms</span>
              </div> <!-- configuration-method before -->
              <div class="test-method">
                <span class="method-name">Wallet_History</span>
                <span class="method-start">228460 ms</span>
              </div> <!-- test-method -->
              <div class="configuration-method after">
                <span class="method-name">tearDown([TestResult name=Wallet_History status=SUCCESS method=LoginTest.Wallet_History()[pri:7, instance:com...)</span>
                <span class="method-start">244442 ms</span>
              </div> <!-- configuration-method after -->
              <div class="configuration-method before">
                <span class="method-name">intializeDriver</span>
                <span class="method-start">245008 ms</span>
              </div> <!-- configuration-method before -->
              <div class="test-method">
                <span class="method-name">signOut</span>
                <span class="method-start">247440 ms</span>
              </div> <!-- test-method -->
              <div class="configuration-method after">
                <span class="method-name">tearDown([TestResult name=signOut status=SUCCESS method=LoginTest.signOut()[pri:8, instance:com.tests.LoginTe...)</span>
                <span class="method-start">263414 ms</span>
              </div> <!-- configuration-method after -->
              <div class="configuration-method before">
                <span class="method-name">intializeDriver</span>
                <span class="method-start">263988 ms</span>
              </div> <!-- configuration-method before -->
              <div class="test-method">
                <span class="method-name">signOut_from_allDevices</span>
                <span class="method-start">268157 ms</span>
              </div> <!-- test-method -->
              <div class="configuration-method after">
                <span class="method-name">tearDown([TestResult name=signOut_from_allDevices status=SUCCESS method=LoginTest.signOut_from_allDevices()[p...)</span>
                <span class="method-start">287953 ms</span>
              </div> <!-- configuration-method after -->
            </div> <!-- chronological-class -->
            <div class="chronological-class">
              <div class="chronological-class-name">com.tests.TripTest</div> <!-- chronological-class-name -->
              <div class="configuration-method before">
                <span class="method-name">intializeDriver</span>
                <span class="method-start">288521 ms</span>
              </div> <!-- configuration-method before -->
              <div class="test-method">
                <span class="method-name">BusTickets</span>
                <span class="method-start">291113 ms</span>
              </div> <!-- test-method -->
              <div class="configuration-method after">
                <span class="method-name">tearDown([TestResult name=BusTickets status=SUCCESS method=TripTest.BusTickets()[pri:1, instance:com.tests.Tr...)</span>
                <span class="method-start">299408 ms</span>
              </div> <!-- configuration-method after -->
              <div class="configuration-method before">
                <span class="method-name">intializeDriver</span>
                <span class="method-start">299969 ms</span>
              </div> <!-- configuration-method before -->
              <div class="test-method">
                <span class="method-name">Filters</span>
                <span class="method-start">302475 ms</span>
              </div> <!-- test-method -->
              <div class="configuration-method after">
                <span class="method-name">tearDown([TestResult name=Filters status=SUCCESS method=TripTest.Filters()[pri:2, instance:com.tests.TripTest...)</span>
                <span class="method-start">311824 ms</span>
              </div> <!-- configuration-method after -->
              <div class="configuration-method before">
                <span class="method-name">intializeDriver</span>
                <span class="method-start">312422 ms</span>
              </div> <!-- configuration-method before -->
              <div class="test-method">
                <span class="method-name">Modify_TripDetail</span>
                <span class="method-start">314971 ms</span>
              </div> <!-- test-method -->
              <div class="configuration-method after">
                <span class="method-name">tearDown([TestResult name=Modify_TripDetail status=SUCCESS method=TripTest.Modify_TripDetail()[pri:3, instanc...)</span>
                <span class="method-start">326065 ms</span>
              </div> <!-- configuration-method after -->
              <div class="configuration-method before">
                <span class="method-name">intializeDriver</span>
                <span class="method-start">326624 ms</span>
              </div> <!-- configuration-method before -->
              <div class="test-method">
                <img src="failed.png">
                </img>
                <span class="method-name">Bus_Departure_Time</span>
                <span class="method-start">329161 ms</span>
              </div> <!-- test-method -->
              <div class="configuration-method after">
                <span class="method-name">tearDown([TestResult name=Bus_Departure_Time status=FAILURE method=TripTest.Bus_Departure_Time()[pri:4, insta...)</span>
                <span class="method-start">339278 ms</span>
              </div> <!-- configuration-method after -->
              <div class="configuration-method before">
                <span class="method-name">intializeDriver</span>
                <span class="method-start">340202 ms</span>
              </div> <!-- configuration-method before -->
              <div class="test-method">
                <span class="method-name">Bus_Types</span>
                <span class="method-start">342721 ms</span>
              </div> <!-- test-method -->
              <div class="configuration-method after">
                <span class="method-name">tearDown([TestResult name=Bus_Types status=SUCCESS method=TripTest.Bus_Types()[pri:5, instance:com.tests.Trip...)</span>
                <span class="method-start">351991 ms</span>
              </div> <!-- configuration-method after -->
              <div class="configuration-method before">
                <span class="method-name">intializeDriver</span>
                <span class="method-start">352554 ms</span>
              </div> <!-- configuration-method before -->
              <div class="test-method">
                <span class="method-name">Bus_Arrival_Time</span>
                <span class="method-start">356112 ms</span>
              </div> <!-- test-method -->
              <div class="configuration-method after">
                <span class="method-name">tearDown([TestResult name=Bus_Arrival_Time status=SUCCESS method=TripTest.Bus_Arrival_Time()[pri:6, instance:...)</span>
                <span class="method-start">365107 ms</span>
              </div> <!-- configuration-method after -->
            </div> <!-- chronological-class -->
            <div class="chronological-class">
              <div class="chronological-class-name">com.tests.About_RedBus_Test</div> <!-- chronological-class-name -->
              <div class="configuration-method before">
                <span class="method-name">intializeDriver</span>
                <span class="method-start">365667 ms</span>
              </div> <!-- configuration-method before -->
              <div class="test-method">
                <span class="method-name">RedBus_About</span>
                <span class="method-start">368192 ms</span>
              </div> <!-- test-method -->
              <div class="configuration-method after">
                <span class="method-name">tearDown([TestResult name=RedBus_About status=SUCCESS method=About_RedBus_Test.RedBus_About()[pri:1, instance...)</span>
                <span class="method-start">368619 ms</span>
              </div> <!-- configuration-method after -->
              <div class="configuration-method before">
                <span class="method-name">intializeDriver</span>
                <span class="method-start">369171 ms</span>
              </div> <!-- configuration-method before -->
              <div class="test-method">
                <span class="method-name">RedBus_Contact</span>
                <span class="method-start">375132 ms</span>
              </div> <!-- test-method -->
              <div class="configuration-method after">
                <span class="method-name">tearDown([TestResult name=RedBus_Contact status=SUCCESS method=About_RedBus_Test.RedBus_Contact()[pri:2, inst...)</span>
                <span class="method-start">375541 ms</span>
              </div> <!-- configuration-method after -->
              <div class="configuration-method before">
                <span class="method-name">intializeDriver</span>
                <span class="method-start">376097 ms</span>
              </div> <!-- configuration-method before -->
              <div class="test-method">
                <span class="method-name">Redbus_Careers</span>
                <span class="method-start">380257 ms</span>
              </div> <!-- test-method -->
              <div class="configuration-method after">
                <span class="method-name">tearDown([TestResult name=Redbus_Careers status=SUCCESS method=About_RedBus_Test.Redbus_Careers()[pri:3, inst...)</span>
                <span class="method-start">380684 ms</span>
              </div> <!-- configuration-method after -->
            </div> <!-- chronological-class -->
            <div class="chronological-class">
              <div class="chronological-class-name">com.tests.Redbus_Colombia_Test</div> <!-- chronological-class-name -->
              <div class="configuration-method before">
                <span class="method-name">intializeDriver</span>
                <span class="method-start">381236 ms</span>
              </div> <!-- configuration-method before -->
              <div class="test-method">
                <span class="method-name">Redbus_services_in_Collombia</span>
                <span class="method-start">384606 ms</span>
              </div> <!-- test-method -->
              <div class="configuration-method after">
                <span class="method-name">tearDown([TestResult name=Redbus_services_in_Collombia status=SUCCESS method=Redbus_Colombia_Test.Redbus_serv...)</span>
                <span class="method-start">384686 ms</span>
              </div> <!-- configuration-method after -->
            </div> <!-- chronological-class -->
            <div class="chronological-class">
              <div class="chronological-class-name">com.tests.RedBus_Partners_Test</div> <!-- chronological-class-name -->
              <div class="configuration-test after">
                <span class="method-name">endReport</span>
                <span class="method-start">385236 ms</span>
              </div> <!-- configuration-test after -->
          </div> <!-- main-panel-content rounded-window-bottom -->
        </div> <!-- panel -->
      </div> <!-- main-panel-root -->
    </div> <!-- wrapper -->
  </body>
<script type="text/javascript" src="testng-reports2.js"></script>
</html>
