<?xml version="1.0" encoding="UTF-8"?>
<testng-results ignored="16" total="47" passed="26" failed="3" skipped="2">
  <reporter-output>
  </reporter-output>
  <suite started-at="2021-02-11T19:26:55 IST" name="Suite" finished-at="2021-02-11T19:33:21 IST" duration-ms="385508">
    <groups>
    </groups>
    <test started-at="2021-02-11T19:26:55 IST" name="Test" finished-at="2021-02-11T19:33:21 IST" duration-ms="385508">
      <class name="com.tests.RPoolNew_Test">
        <test-method is-config="true" signature="intializeDriver()[pri:0, instance:com.tests.RPoolNew_Test@5ee2b6f9]" started-at="2021-02-11T19:28:43 IST" name="intializeDriver" finished-at="2021-02-11T19:28:46 IST" duration-ms="2531" status="PASS">
          <reporter-output>
          </reporter-output>
        </test-method> <!-- intializeDriver -->
        <test-method signature="RPool_New()[pri:1, instance:com.tests.RPoolNew_Test@5ee2b6f9]" started-at="2021-02-11T19:28:46 IST" name="RPool_New" finished-at="2021-02-11T19:28:47 IST" duration-ms="1453" status="PASS">
          <reporter-output>
          </reporter-output>
        </test-method> <!-- RPool_New -->
        <test-method is-config="true" signature="tearDown(org.testng.ITestResult)[pri:0, instance:com.tests.RPoolNew_Test@5ee2b6f9]" started-at="2021-02-11T19:28:47 IST" name="tearDown" finished-at="2021-02-11T19:28:48 IST" duration-ms="551" status="PASS">
          <params>
            <param index="0">
              <value>
                <![CDATA[[TestResult name=RPool_New status=SUCCESS method=RPoolNew_Test.RPool_New()[pri:1, instance:com.tests.RPoolNew_Test@5ee2b6f9] output={null}]]]>
              </value>
            </param>
          </params>
          <reporter-output>
          </reporter-output>
        </test-method> <!-- tearDown -->
        <test-method is-config="true" signature="intializeDriver()[pri:0, instance:com.tests.RPoolNew_Test@5ee2b6f9]" started-at="2021-02-11T19:28:48 IST" name="intializeDriver" finished-at="2021-02-11T19:28:50 IST" duration-ms="2459" status="PASS">
          <reporter-output>
          </reporter-output>
        </test-method> <!-- intializeDriver -->
        <test-method signature="Find_Ride()[pri:2, instance:com.tests.RPoolNew_Test@5ee2b6f9]" started-at="2021-02-11T19:28:50 IST" name="Find_Ride" finished-at="2021-02-11T19:28:52 IST" duration-ms="1518" status="PASS">
          <reporter-output>
          </reporter-output>
        </test-method> <!-- Find_Ride -->
        <test-method is-config="true" signature="tearDown(org.testng.ITestResult)[pri:0, instance:com.tests.RPoolNew_Test@5ee2b6f9]" started-at="2021-02-11T19:28:52 IST" name="tearDown" finished-at="2021-02-11T19:28:52 IST" duration-ms="556" status="PASS">
          <params>
            <param index="0">
              <value>
                <![CDATA[[TestResult name=Find_Ride status=SUCCESS method=RPoolNew_Test.Find_Ride()[pri:2, instance:com.tests.RPoolNew_Test@5ee2b6f9] output={null}]]]>
              </value>
            </param>
          </params>
          <reporter-output>
          </reporter-output>
        </test-method> <!-- tearDown -->
        <test-method is-config="true" signature="intializeDriver()[pri:0, instance:com.tests.RPoolNew_Test@5ee2b6f9]" started-at="2021-02-11T19:28:52 IST" name="intializeDriver" finished-at="2021-02-11T19:28:55 IST" duration-ms="3203" status="PASS">
          <reporter-output>
          </reporter-output>
        </test-method> <!-- intializeDriver -->
        <test-method signature="Offer_Ride()[pri:3, instance:com.tests.RPoolNew_Test@5ee2b6f9]" started-at="2021-02-11T19:28:55 IST" name="Offer_Ride" finished-at="2021-02-11T19:28:57 IST" duration-ms="1473" status="PASS">
          <reporter-output>
          </reporter-output>
        </test-method> <!-- Offer_Ride -->
        <test-method is-config="true" signature="tearDown(org.testng.ITestResult)[pri:0, instance:com.tests.RPoolNew_Test@5ee2b6f9]" started-at="2021-02-11T19:28:57 IST" name="tearDown" finished-at="2021-02-11T19:28:57 IST" duration-ms="565" status="PASS">
          <params>
            <param index="0">
              <value>
                <![CDATA[[TestResult name=Offer_Ride status=SUCCESS method=RPoolNew_Test.Offer_Ride()[pri:3, instance:com.tests.RPoolNew_Test@5ee2b6f9] output={null}]]]>
              </value>
            </param>
          </params>
          <reporter-output>
          </reporter-output>
        </test-method> <!-- tearDown -->
      </class> <!-- com.tests.RPoolNew_Test -->
      <class name="com.tests.Bus_Hire_Test">
        <test-method is-config="true" signature="intializeDriver()[pri:0, instance:com.tests.Bus_Hire_Test@35390ee3]" started-at="2021-02-11T19:27:03 IST" name="intializeDriver" finished-at="2021-02-11T19:27:06 IST" duration-ms="2669" status="PASS">
          <reporter-output>
          </reporter-output>
        </test-method> <!-- intializeDriver -->
        <test-method signature="Bus_Offers()[pri:1, instance:com.tests.Bus_Hire_Test@35390ee3]" started-at="2021-02-11T19:27:06 IST" name="Bus_Offers" finished-at="2021-02-11T19:27:08 IST" duration-ms="2490" status="PASS">
          <reporter-output>
          </reporter-output>
        </test-method> <!-- Bus_Offers -->
        <test-method is-config="true" signature="tearDown(org.testng.ITestResult)[pri:0, instance:com.tests.Bus_Hire_Test@35390ee3]" started-at="2021-02-11T19:27:08 IST" name="tearDown" finished-at="2021-02-11T19:27:09 IST" duration-ms="554" status="PASS">
          <params>
            <param index="0">
              <value>
                <![CDATA[[TestResult name=Bus_Offers status=SUCCESS method=Bus_Hire_Test.Bus_Offers()[pri:1, instance:com.tests.Bus_Hire_Test@35390ee3] output={null}]]]>
              </value>
            </param>
          </params>
          <reporter-output>
          </reporter-output>
        </test-method> <!-- tearDown -->
        <test-method is-config="true" signature="intializeDriver()[pri:0, instance:com.tests.Bus_Hire_Test@35390ee3]" started-at="2021-02-11T19:27:09 IST" name="intializeDriver" finished-at="2021-02-11T19:27:14 IST" duration-ms="5203" status="PASS">
          <reporter-output>
          </reporter-output>
        </test-method> <!-- intializeDriver -->
        <test-method signature="Cancellation()[pri:2, instance:com.tests.Bus_Hire_Test@35390ee3]" started-at="2021-02-11T19:27:14 IST" name="Cancellation" finished-at="2021-02-11T19:27:16 IST" duration-ms="2426" status="PASS">
          <reporter-output>
          </reporter-output>
        </test-method> <!-- Cancellation -->
        <test-method is-config="true" signature="tearDown(org.testng.ITestResult)[pri:0, instance:com.tests.Bus_Hire_Test@35390ee3]" started-at="2021-02-11T19:27:16 IST" name="tearDown" finished-at="2021-02-11T19:27:17 IST" duration-ms="557" status="PASS">
          <params>
            <param index="0">
              <value>
                <![CDATA[[TestResult name=Cancellation status=SUCCESS method=Bus_Hire_Test.Cancellation()[pri:2, instance:com.tests.Bus_Hire_Test@35390ee3] output={null}]]]>
              </value>
            </param>
          </params>
          <reporter-output>
          </reporter-output>
        </test-method> <!-- tearDown -->
      </class> <!-- com.tests.Bus_Hire_Test -->
      <class name="com.tests.Redbus_Colombia_Test">
        <test-method is-config="true" signature="intializeDriver()[pri:0, instance:com.tests.Redbus_Colombia_Test@13e547a9]" started-at="2021-02-11T19:33:17 IST" name="intializeDriver" finished-at="2021-02-11T19:33:20 IST" duration-ms="3370" status="PASS">
          <reporter-output>
          </reporter-output>
        </test-method> <!-- intializeDriver -->
        <test-method signature="Redbus_services_in_Collombia()[pri:0, instance:com.tests.Redbus_Colombia_Test@13e547a9]" started-at="2021-02-11T19:33:20 IST" name="Redbus_services_in_Collombia" finished-at="2021-02-11T19:33:20 IST" duration-ms="80" status="PASS">
          <reporter-output>
          </reporter-output>
        </test-method> <!-- Redbus_services_in_Collombia -->
        <test-method is-config="true" signature="tearDown(org.testng.ITestResult)[pri:0, instance:com.tests.Redbus_Colombia_Test@13e547a9]" started-at="2021-02-11T19:33:20 IST" name="tearDown" finished-at="2021-02-11T19:33:21 IST" duration-ms="549" status="PASS">
          <params>
            <param index="0">
              <value>
                <![CDATA[[TestResult name=Redbus_services_in_Collombia status=SUCCESS method=Redbus_Colombia_Test.Redbus_services_in_Collombia()[pri:0, instance:com.tests.Redbus_Colombia_Test@13e547a9] output={null}]]]>
              </value>
            </param>
          </params>
          <reporter-output>
          </reporter-output>
        </test-method> <!-- tearDown -->
      </class> <!-- com.tests.Redbus_Colombia_Test -->
      <class name="com.tests.ManageBookingTest">
        <test-method is-config="true" signature="intializeDriver()[pri:0, instance:com.tests.ManageBookingTest@5e01a982]" started-at="2021-02-11T19:27:17 IST" name="intializeDriver" finished-at="2021-02-11T19:27:21 IST" duration-ms="4535" status="PASS">
          <reporter-output>
          </reporter-output>
        </test-method> <!-- intializeDriver -->
        <test-method signature="Cancel_Ticket()[pri:1, instance:com.tests.ManageBookingTest@5e01a982]" started-at="2021-02-11T19:27:21 IST" name="Cancel_Ticket" finished-at="2021-02-11T19:27:24 IST" duration-ms="2946" status="PASS">
          <reporter-output>
          </reporter-output>
        </test-method> <!-- Cancel_Ticket -->
        <test-method is-config="true" signature="tearDown(org.testng.ITestResult)[pri:0, instance:com.tests.ManageBookingTest@5e01a982]" started-at="2021-02-11T19:27:24 IST" name="tearDown" finished-at="2021-02-11T19:27:25 IST" duration-ms="572" status="PASS">
          <params>
            <param index="0">
              <value>
                <![CDATA[[TestResult name=Cancel_Ticket status=SUCCESS method=ManageBookingTest.Cancel_Ticket()[pri:1, instance:com.tests.ManageBookingTest@5e01a982] output={null}]]]>
              </value>
            </param>
          </params>
          <reporter-output>
          </reporter-output>
        </test-method> <!-- tearDown -->
        <test-method is-config="true" signature="intializeDriver()[pri:0, instance:com.tests.ManageBookingTest@5e01a982]" started-at="2021-02-11T19:27:25 IST" name="intializeDriver" finished-at="2021-02-11T19:27:31 IST" duration-ms="6305" status="PASS">
          <reporter-output>
          </reporter-output>
        </test-method> <!-- intializeDriver -->
        <test-method signature="Reschedule_Ticket()[pri:2, instance:com.tests.ManageBookingTest@5e01a982]" started-at="2021-02-11T19:27:31 IST" name="Reschedule_Ticket" finished-at="2021-02-11T19:27:34 IST" duration-ms="2853" status="PASS">
          <reporter-output>
          </reporter-output>
        </test-method> <!-- Reschedule_Ticket -->
        <test-method is-config="true" signature="tearDown(org.testng.ITestResult)[pri:0, instance:com.tests.ManageBookingTest@5e01a982]" started-at="2021-02-11T19:27:34 IST" name="tearDown" finished-at="2021-02-11T19:27:35 IST" duration-ms="574" status="PASS">
          <params>
            <param index="0">
              <value>
                <![CDATA[[TestResult name=Reschedule_Ticket status=SUCCESS method=ManageBookingTest.Reschedule_Ticket()[pri:2, instance:com.tests.ManageBookingTest@5e01a982] output={null}]]]>
              </value>
            </param>
          </params>
          <reporter-output>
          </reporter-output>
        </test-method> <!-- tearDown -->
        <test-method is-config="true" signature="intializeDriver()[pri:0, instance:com.tests.ManageBookingTest@5e01a982]" started-at="2021-02-11T19:27:35 IST" name="intializeDriver" finished-at="2021-02-11T19:28:36 IST" duration-ms="60984" status="FAIL">
          <exception class="org.openqa.selenium.WebDriverException">
            <message>
              <![CDATA[unknown error: unable to discover open pages
Build info: version: '3.141.59', revision: 'e82be7d358', time: '2018-11-14T08:17:03'
System info: host: 'PRAVEENKUMAR07', ip: '192.168.1.13', os.name: 'Windows 10', os.arch: 'amd64', os.version: '10.0', java.version: '14.0.2'
Driver info: driver.version: ChromeDriver
remote stacktrace: Backtrace:
GetHandleVerifier [0x0059B963+483]
GetHandleVerifier [0x0059B941+449]
GetHandleVerifier [0x00943308+3832712]
GetHandleVerifier [0x0095D51B+3939739]
GetHandleVerifier [0x00959AFB+3924859]
GetHandleVerifier [0x00957D9C+3917340]
GetHandleVerifier [0x0097E7FE+4075646]
GetHandleVerifier [0x0097E56C+4074988]
GetHandleVerifier [0x0097B2EB+4062059]
GetHandleVerifier [0x0095ED14+3945876]
GetHandleVerifier [0x0095FBCE+3949646]
GetHandleVerifier [0x0095FB59+3949529]
Ordinal0 [0x0055B5CC+46540]
Ordinal0 [0x00559F53+40787]
Ordinal0 [0x00559B12+39698]
GetHandleVerifier [0x00861468+2907368]
GetHandleVerifier [0x006A71EE+1096302]
GetHandleVerifier [0x00663E8D+821005]
GetHandleVerifier [0x0066396B+819691]
GetHandleVerifier [0x00663881+819457]
GetHandleVerifier [0x0068F463+998627]
BaseThreadInitThunk [0x75946359+25]
RtlGetAppContainerNamedObjectPath [0x777A8944+228]
RtlGetAppContainerNamedObjectPath [0x777A8914+180]
]]>
            </message>
            <full-stacktrace>
              <![CDATA[org.openqa.selenium.WebDriverException: unknown error: unable to discover open pages
Build info: version: '3.141.59', revision: 'e82be7d358', time: '2018-11-14T08:17:03'
System info: host: 'PRAVEENKUMAR07', ip: '192.168.1.13', os.name: 'Windows 10', os.arch: 'amd64', os.version: '10.0', java.version: '14.0.2'
Driver info: driver.version: ChromeDriver
remote stacktrace: Backtrace:
GetHandleVerifier [0x0059B963+483]
GetHandleVerifier [0x0059B941+449]
GetHandleVerifier [0x00943308+3832712]
GetHandleVerifier [0x0095D51B+3939739]
GetHandleVerifier [0x00959AFB+3924859]
GetHandleVerifier [0x00957D9C+3917340]
GetHandleVerifier [0x0097E7FE+4075646]
GetHandleVerifier [0x0097E56C+4074988]
GetHandleVerifier [0x0097B2EB+4062059]
GetHandleVerifier [0x0095ED14+3945876]
GetHandleVerifier [0x0095FBCE+3949646]
GetHandleVerifier [0x0095FB59+3949529]
Ordinal0 [0x0055B5CC+46540]
Ordinal0 [0x00559F53+40787]
Ordinal0 [0x00559B12+39698]
GetHandleVerifier [0x00861468+2907368]
GetHandleVerifier [0x006A71EE+1096302]
GetHandleVerifier [0x00663E8D+821005]
GetHandleVerifier [0x0066396B+819691]
GetHandleVerifier [0x00663881+819457]
GetHandleVerifier [0x0068F463+998627]
BaseThreadInitThunk [0x75946359+25]
RtlGetAppContainerNamedObjectPath [0x777A8944+228]
RtlGetAppContainerNamedObjectPath [0x777A8914+180]

at java.base/jdk.internal.reflect.NativeConstructorAccessorImpl.newInstance0(Native Method)
at java.base/jdk.internal.reflect.NativeConstructorAccessorImpl.newInstance(NativeConstructorAccessorImpl.java:62)
at java.base/jdk.internal.reflect.DelegatingConstructorAccessorImpl.newInstance(DelegatingConstructorAccessorImpl.java:45)
at java.base/java.lang.reflect.Constructor.newInstanceWithCaller(Constructor.java:500)
at java.base/java.lang.reflect.Constructor.newInstance(Constructor.java:481)
at org.openqa.selenium.remote.W3CHandshakeResponse.lambda$errorHandler$0(W3CHandshakeResponse.java:62)
at org.openqa.selenium.remote.HandshakeResponse.lambda$getResponseFunction$0(HandshakeResponse.java:30)
at org.openqa.selenium.remote.ProtocolHandshake.lambda$createSession$0(ProtocolHandshake.java:126)
at java.base/java.util.stream.ReferencePipeline$3$1.accept(ReferencePipeline.java:195)
at java.base/java.util.Spliterators$ArraySpliterator.tryAdvance(Spliterators.java:958)
at java.base/java.util.stream.ReferencePipeline.forEachWithCancel(ReferencePipeline.java:127)
at java.base/java.util.stream.AbstractPipeline.copyIntoWithCancel(AbstractPipeline.java:502)
at java.base/java.util.stream.AbstractPipeline.copyInto(AbstractPipeline.java:488)
at java.base/java.util.stream.AbstractPipeline.wrapAndCopyInto(AbstractPipeline.java:474)
at java.base/java.util.stream.FindOps$FindOp.evaluateSequential(FindOps.java:150)
at java.base/java.util.stream.AbstractPipeline.evaluate(AbstractPipeline.java:234)
at java.base/java.util.stream.ReferencePipeline.findFirst(ReferencePipeline.java:543)
at org.openqa.selenium.remote.ProtocolHandshake.createSession(ProtocolHandshake.java:128)
at org.openqa.selenium.remote.ProtocolHandshake.createSession(ProtocolHandshake.java:74)
at org.openqa.selenium.remote.HttpCommandExecutor.execute(HttpCommandExecutor.java:136)
at org.openqa.selenium.remote.service.DriverCommandExecutor.execute(DriverCommandExecutor.java:83)
at org.openqa.selenium.remote.RemoteWebDriver.execute(RemoteWebDriver.java:552)
at org.openqa.selenium.remote.RemoteWebDriver.startSession(RemoteWebDriver.java:213)
at org.openqa.selenium.remote.RemoteWebDriver.<init>(RemoteWebDriver.java:131)
at org.openqa.selenium.chrome.ChromeDriver.<init>(ChromeDriver.java:181)
at org.openqa.selenium.chrome.ChromeDriver.<init>(ChromeDriver.java:168)
at org.openqa.selenium.chrome.ChromeDriver.<init>(ChromeDriver.java:157)
at com.tests.BaseTest.intializeDriver(BaseTest.java:69)
at java.base/jdk.internal.reflect.NativeMethodAccessorImpl.invoke0(Native Method)
at java.base/jdk.internal.reflect.NativeMethodAccessorImpl.invoke(NativeMethodAccessorImpl.java:62)
at java.base/jdk.internal.reflect.DelegatingMethodAccessorImpl.invoke(DelegatingMethodAccessorImpl.java:43)
at java.base/java.lang.reflect.Method.invoke(Method.java:564)
at org.testng.internal.MethodInvocationHelper.invokeMethod(MethodInvocationHelper.java:132)
at org.testng.internal.MethodInvocationHelper.invokeMethodConsideringTimeout(MethodInvocationHelper.java:61)
at org.testng.internal.ConfigInvoker.invokeConfigurationMethod(ConfigInvoker.java:366)
at org.testng.internal.ConfigInvoker.invokeConfigurations(ConfigInvoker.java:320)
at org.testng.internal.TestInvoker.runConfigMethods(TestInvoker.java:701)
at org.testng.internal.TestInvoker.invokeMethod(TestInvoker.java:527)
at org.testng.internal.TestInvoker.invokeTestMethod(TestInvoker.java:174)
at org.testng.internal.MethodRunner.runInSequence(MethodRunner.java:46)
at org.testng.internal.TestInvoker$MethodInvocationAgent.invoke(TestInvoker.java:822)
at org.testng.internal.TestInvoker.invokeTestMethods(TestInvoker.java:147)
at org.testng.internal.TestMethodWorker.invokeTestMethods(TestMethodWorker.java:146)
at org.testng.internal.TestMethodWorker.run(TestMethodWorker.java:128)
at java.base/java.util.ArrayList.forEach(ArrayList.java:1511)
at org.testng.TestRunner.privateRun(TestRunner.java:764)
at org.testng.TestRunner.run(TestRunner.java:585)
at org.testng.SuiteRunner.runTest(SuiteRunner.java:384)
at org.testng.SuiteRunner.runSequentially(SuiteRunner.java:378)
at org.testng.SuiteRunner.privateRun(SuiteRunner.java:337)
at org.testng.SuiteRunner.run(SuiteRunner.java:286)
at org.testng.SuiteRunnerWorker.runSuite(SuiteRunnerWorker.java:53)
at org.testng.SuiteRunnerWorker.run(SuiteRunnerWorker.java:96)
at org.testng.TestNG.runSuitesSequentially(TestNG.java:1218)
at org.testng.TestNG.runSuitesLocally(TestNG.java:1140)
at org.testng.TestNG.runSuites(TestNG.java:1069)
at org.testng.TestNG.run(TestNG.java:1037)
at org.testng.remote.AbstractRemoteTestNG.run(AbstractRemoteTestNG.java:115)
at org.testng.remote.RemoteTestNG.initAndRun(RemoteTestNG.java:251)
at org.testng.remote.RemoteTestNG.main(RemoteTestNG.java:77)
]]>
            </full-stacktrace>
          </exception> <!-- org.openqa.selenium.WebDriverException -->
          <reporter-output>
          </reporter-output>
        </test-method> <!-- intializeDriver -->
        <test-method signature="Show_My_Ticket()[pri:3, instance:com.tests.ManageBookingTest@5e01a982]" started-at="2021-02-11T19:28:36 IST" name="Show_My_Ticket" finished-at="2021-02-11T19:28:36 IST" duration-ms="0" status="SKIP">
          <exception class="org.openqa.selenium.WebDriverException">
            <message>
              <![CDATA[unknown error: unable to discover open pages
Build info: version: '3.141.59', revision: 'e82be7d358', time: '2018-11-14T08:17:03'
System info: host: 'PRAVEENKUMAR07', ip: '192.168.1.13', os.name: 'Windows 10', os.arch: 'amd64', os.version: '10.0', java.version: '14.0.2'
Driver info: driver.version: ChromeDriver
remote stacktrace: Backtrace:
GetHandleVerifier [0x0059B963+483]
GetHandleVerifier [0x0059B941+449]
GetHandleVerifier [0x00943308+3832712]
GetHandleVerifier [0x0095D51B+3939739]
GetHandleVerifier [0x00959AFB+3924859]
GetHandleVerifier [0x00957D9C+3917340]
GetHandleVerifier [0x0097E7FE+4075646]
GetHandleVerifier [0x0097E56C+4074988]
GetHandleVerifier [0x0097B2EB+4062059]
GetHandleVerifier [0x0095ED14+3945876]
GetHandleVerifier [0x0095FBCE+3949646]
GetHandleVerifier [0x0095FB59+3949529]
Ordinal0 [0x0055B5CC+46540]
Ordinal0 [0x00559F53+40787]
Ordinal0 [0x00559B12+39698]
GetHandleVerifier [0x00861468+2907368]
GetHandleVerifier [0x006A71EE+1096302]
GetHandleVerifier [0x00663E8D+821005]
GetHandleVerifier [0x0066396B+819691]
GetHandleVerifier [0x00663881+819457]
GetHandleVerifier [0x0068F463+998627]
BaseThreadInitThunk [0x75946359+25]
RtlGetAppContainerNamedObjectPath [0x777A8944+228]
RtlGetAppContainerNamedObjectPath [0x777A8914+180]
]]>
            </message>
            <full-stacktrace>
              <![CDATA[org.openqa.selenium.WebDriverException: unknown error: unable to discover open pages
Build info: version: '3.141.59', revision: 'e82be7d358', time: '2018-11-14T08:17:03'
System info: host: 'PRAVEENKUMAR07', ip: '192.168.1.13', os.name: 'Windows 10', os.arch: 'amd64', os.version: '10.0', java.version: '14.0.2'
Driver info: driver.version: ChromeDriver
remote stacktrace: Backtrace:
GetHandleVerifier [0x0059B963+483]
GetHandleVerifier [0x0059B941+449]
GetHandleVerifier [0x00943308+3832712]
GetHandleVerifier [0x0095D51B+3939739]
GetHandleVerifier [0x00959AFB+3924859]
GetHandleVerifier [0x00957D9C+3917340]
GetHandleVerifier [0x0097E7FE+4075646]
GetHandleVerifier [0x0097E56C+4074988]
GetHandleVerifier [0x0097B2EB+4062059]
GetHandleVerifier [0x0095ED14+3945876]
GetHandleVerifier [0x0095FBCE+3949646]
GetHandleVerifier [0x0095FB59+3949529]
Ordinal0 [0x0055B5CC+46540]
Ordinal0 [0x00559F53+40787]
Ordinal0 [0x00559B12+39698]
GetHandleVerifier [0x00861468+2907368]
GetHandleVerifier [0x006A71EE+1096302]
GetHandleVerifier [0x00663E8D+821005]
GetHandleVerifier [0x0066396B+819691]
GetHandleVerifier [0x00663881+819457]
GetHandleVerifier [0x0068F463+998627]
BaseThreadInitThunk [0x75946359+25]
RtlGetAppContainerNamedObjectPath [0x777A8944+228]
RtlGetAppContainerNamedObjectPath [0x777A8914+180]

at java.base/jdk.internal.reflect.NativeConstructorAccessorImpl.newInstance0(Native Method)
at java.base/jdk.internal.reflect.NativeConstructorAccessorImpl.newInstance(NativeConstructorAccessorImpl.java:62)
at java.base/jdk.internal.reflect.DelegatingConstructorAccessorImpl.newInstance(DelegatingConstructorAccessorImpl.java:45)
at java.base/java.lang.reflect.Constructor.newInstanceWithCaller(Constructor.java:500)
at java.base/java.lang.reflect.Constructor.newInstance(Constructor.java:481)
at org.openqa.selenium.remote.W3CHandshakeResponse.lambda$errorHandler$0(W3CHandshakeResponse.java:62)
at org.openqa.selenium.remote.HandshakeResponse.lambda$getResponseFunction$0(HandshakeResponse.java:30)
at org.openqa.selenium.remote.ProtocolHandshake.lambda$createSession$0(ProtocolHandshake.java:126)
at java.base/java.util.stream.ReferencePipeline$3$1.accept(ReferencePipeline.java:195)
at java.base/java.util.Spliterators$ArraySpliterator.tryAdvance(Spliterators.java:958)
at java.base/java.util.stream.ReferencePipeline.forEachWithCancel(ReferencePipeline.java:127)
at java.base/java.util.stream.AbstractPipeline.copyIntoWithCancel(AbstractPipeline.java:502)
at java.base/java.util.stream.AbstractPipeline.copyInto(AbstractPipeline.java:488)
at java.base/java.util.stream.AbstractPipeline.wrapAndCopyInto(AbstractPipeline.java:474)
at java.base/java.util.stream.FindOps$FindOp.evaluateSequential(FindOps.java:150)
at java.base/java.util.stream.AbstractPipeline.evaluate(AbstractPipeline.java:234)
at java.base/java.util.stream.ReferencePipeline.findFirst(ReferencePipeline.java:543)
at org.openqa.selenium.remote.ProtocolHandshake.createSession(ProtocolHandshake.java:128)
at org.openqa.selenium.remote.ProtocolHandshake.createSession(ProtocolHandshake.java:74)
at org.openqa.selenium.remote.HttpCommandExecutor.execute(HttpCommandExecutor.java:136)
at org.openqa.selenium.remote.service.DriverCommandExecutor.execute(DriverCommandExecutor.java:83)
at org.openqa.selenium.remote.RemoteWebDriver.execute(RemoteWebDriver.java:552)
at org.openqa.selenium.remote.RemoteWebDriver.startSession(RemoteWebDriver.java:213)
at org.openqa.selenium.remote.RemoteWebDriver.<init>(RemoteWebDriver.java:131)
at org.openqa.selenium.chrome.ChromeDriver.<init>(ChromeDriver.java:181)
at org.openqa.selenium.chrome.ChromeDriver.<init>(ChromeDriver.java:168)
at org.openqa.selenium.chrome.ChromeDriver.<init>(ChromeDriver.java:157)
at com.tests.BaseTest.intializeDriver(BaseTest.java:69)
at java.base/jdk.internal.reflect.NativeMethodAccessorImpl.invoke0(Native Method)
at java.base/jdk.internal.reflect.NativeMethodAccessorImpl.invoke(NativeMethodAccessorImpl.java:62)
at java.base/jdk.internal.reflect.DelegatingMethodAccessorImpl.invoke(DelegatingMethodAccessorImpl.java:43)
at java.base/java.lang.reflect.Method.invoke(Method.java:564)
at org.testng.internal.MethodInvocationHelper.invokeMethod(MethodInvocationHelper.java:132)
at org.testng.internal.MethodInvocationHelper.invokeMethodConsideringTimeout(MethodInvocationHelper.java:61)
at org.testng.internal.ConfigInvoker.invokeConfigurationMethod(ConfigInvoker.java:366)
at org.testng.internal.ConfigInvoker.invokeConfigurations(ConfigInvoker.java:320)
at org.testng.internal.TestInvoker.runConfigMethods(TestInvoker.java:701)
at org.testng.internal.TestInvoker.invokeMethod(TestInvoker.java:527)
at org.testng.internal.TestInvoker.invokeTestMethod(TestInvoker.java:174)
at org.testng.internal.MethodRunner.runInSequence(MethodRunner.java:46)
at org.testng.internal.TestInvoker$MethodInvocationAgent.invoke(TestInvoker.java:822)
at org.testng.internal.TestInvoker.invokeTestMethods(TestInvoker.java:147)
at org.testng.internal.TestMethodWorker.invokeTestMethods(TestMethodWorker.java:146)
at org.testng.internal.TestMethodWorker.run(TestMethodWorker.java:128)
at java.base/java.util.ArrayList.forEach(ArrayList.java:1511)
at org.testng.TestRunner.privateRun(TestRunner.java:764)
at org.testng.TestRunner.run(TestRunner.java:585)
at org.testng.SuiteRunner.runTest(SuiteRunner.java:384)
at org.testng.SuiteRunner.runSequentially(SuiteRunner.java:378)
at org.testng.SuiteRunner.privateRun(SuiteRunner.java:337)
at org.testng.SuiteRunner.run(SuiteRunner.java:286)
at org.testng.SuiteRunnerWorker.runSuite(SuiteRunnerWorker.java:53)
at org.testng.SuiteRunnerWorker.run(SuiteRunnerWorker.java:96)
at org.testng.TestNG.runSuitesSequentially(TestNG.java:1218)
at org.testng.TestNG.runSuitesLocally(TestNG.java:1140)
at org.testng.TestNG.runSuites(TestNG.java:1069)
at org.testng.TestNG.run(TestNG.java:1037)
at org.testng.remote.AbstractRemoteTestNG.run(AbstractRemoteTestNG.java:115)
at org.testng.remote.RemoteTestNG.initAndRun(RemoteTestNG.java:251)
at org.testng.remote.RemoteTestNG.main(RemoteTestNG.java:77)
]]>
            </full-stacktrace>
          </exception> <!-- org.openqa.selenium.WebDriverException -->
          <reporter-output>
          </reporter-output>
        </test-method> <!-- Show_My_Ticket -->
        <test-method is-config="true" signature="tearDown(org.testng.ITestResult)[pri:0, instance:com.tests.ManageBookingTest@5e01a982]" started-at="2021-02-11T19:28:36 IST" name="tearDown" finished-at="1970-01-01T05:30:00 IST" duration-ms="-1613051916193" status="SKIP">
          <reporter-output>
          </reporter-output>
        </test-method> <!-- tearDown -->
        <test-method is-config="true" signature="intializeDriver()[pri:0, instance:com.tests.ManageBookingTest@5e01a982]" started-at="2021-02-11T19:28:36 IST" name="intializeDriver" finished-at="1970-01-01T05:30:00 IST" duration-ms="-1613051916194" status="SKIP">
          <reporter-output>
          </reporter-output>
        </test-method> <!-- intializeDriver -->
        <test-method signature="Email_SmS()[pri:4, instance:com.tests.ManageBookingTest@5e01a982]" started-at="2021-02-11T19:28:36 IST" name="Email_SmS" finished-at="2021-02-11T19:28:36 IST" duration-ms="0" status="SKIP">
          <exception class="org.openqa.selenium.WebDriverException">
            <message>
              <![CDATA[unknown error: unable to discover open pages
Build info: version: '3.141.59', revision: 'e82be7d358', time: '2018-11-14T08:17:03'
System info: host: 'PRAVEENKUMAR07', ip: '192.168.1.13', os.name: 'Windows 10', os.arch: 'amd64', os.version: '10.0', java.version: '14.0.2'
Driver info: driver.version: ChromeDriver
remote stacktrace: Backtrace:
GetHandleVerifier [0x0059B963+483]
GetHandleVerifier [0x0059B941+449]
GetHandleVerifier [0x00943308+3832712]
GetHandleVerifier [0x0095D51B+3939739]
GetHandleVerifier [0x00959AFB+3924859]
GetHandleVerifier [0x00957D9C+3917340]
GetHandleVerifier [0x0097E7FE+4075646]
GetHandleVerifier [0x0097E56C+4074988]
GetHandleVerifier [0x0097B2EB+4062059]
GetHandleVerifier [0x0095ED14+3945876]
GetHandleVerifier [0x0095FBCE+3949646]
GetHandleVerifier [0x0095FB59+3949529]
Ordinal0 [0x0055B5CC+46540]
Ordinal0 [0x00559F53+40787]
Ordinal0 [0x00559B12+39698]
GetHandleVerifier [0x00861468+2907368]
GetHandleVerifier [0x006A71EE+1096302]
GetHandleVerifier [0x00663E8D+821005]
GetHandleVerifier [0x0066396B+819691]
GetHandleVerifier [0x00663881+819457]
GetHandleVerifier [0x0068F463+998627]
BaseThreadInitThunk [0x75946359+25]
RtlGetAppContainerNamedObjectPath [0x777A8944+228]
RtlGetAppContainerNamedObjectPath [0x777A8914+180]
]]>
            </message>
            <full-stacktrace>
              <![CDATA[org.openqa.selenium.WebDriverException: unknown error: unable to discover open pages
Build info: version: '3.141.59', revision: 'e82be7d358', time: '2018-11-14T08:17:03'
System info: host: 'PRAVEENKUMAR07', ip: '192.168.1.13', os.name: 'Windows 10', os.arch: 'amd64', os.version: '10.0', java.version: '14.0.2'
Driver info: driver.version: ChromeDriver
remote stacktrace: Backtrace:
GetHandleVerifier [0x0059B963+483]
GetHandleVerifier [0x0059B941+449]
GetHandleVerifier [0x00943308+3832712]
GetHandleVerifier [0x0095D51B+3939739]
GetHandleVerifier [0x00959AFB+3924859]
GetHandleVerifier [0x00957D9C+3917340]
GetHandleVerifier [0x0097E7FE+4075646]
GetHandleVerifier [0x0097E56C+4074988]
GetHandleVerifier [0x0097B2EB+4062059]
GetHandleVerifier [0x0095ED14+3945876]
GetHandleVerifier [0x0095FBCE+3949646]
GetHandleVerifier [0x0095FB59+3949529]
Ordinal0 [0x0055B5CC+46540]
Ordinal0 [0x00559F53+40787]
Ordinal0 [0x00559B12+39698]
GetHandleVerifier [0x00861468+2907368]
GetHandleVerifier [0x006A71EE+1096302]
GetHandleVerifier [0x00663E8D+821005]
GetHandleVerifier [0x0066396B+819691]
GetHandleVerifier [0x00663881+819457]
GetHandleVerifier [0x0068F463+998627]
BaseThreadInitThunk [0x75946359+25]
RtlGetAppContainerNamedObjectPath [0x777A8944+228]
RtlGetAppContainerNamedObjectPath [0x777A8914+180]

at java.base/jdk.internal.reflect.NativeConstructorAccessorImpl.newInstance0(Native Method)
at java.base/jdk.internal.reflect.NativeConstructorAccessorImpl.newInstance(NativeConstructorAccessorImpl.java:62)
at java.base/jdk.internal.reflect.DelegatingConstructorAccessorImpl.newInstance(DelegatingConstructorAccessorImpl.java:45)
at java.base/java.lang.reflect.Constructor.newInstanceWithCaller(Constructor.java:500)
at java.base/java.lang.reflect.Constructor.newInstance(Constructor.java:481)
at org.openqa.selenium.remote.W3CHandshakeResponse.lambda$errorHandler$0(W3CHandshakeResponse.java:62)
at org.openqa.selenium.remote.HandshakeResponse.lambda$getResponseFunction$0(HandshakeResponse.java:30)
at org.openqa.selenium.remote.ProtocolHandshake.lambda$createSession$0(ProtocolHandshake.java:126)
at java.base/java.util.stream.ReferencePipeline$3$1.accept(ReferencePipeline.java:195)
at java.base/java.util.Spliterators$ArraySpliterator.tryAdvance(Spliterators.java:958)
at java.base/java.util.stream.ReferencePipeline.forEachWithCancel(ReferencePipeline.java:127)
at java.base/java.util.stream.AbstractPipeline.copyIntoWithCancel(AbstractPipeline.java:502)
at java.base/java.util.stream.AbstractPipeline.copyInto(AbstractPipeline.java:488)
at java.base/java.util.stream.AbstractPipeline.wrapAndCopyInto(AbstractPipeline.java:474)
at java.base/java.util.stream.FindOps$FindOp.evaluateSequential(FindOps.java:150)
at java.base/java.util.stream.AbstractPipeline.evaluate(AbstractPipeline.java:234)
at java.base/java.util.stream.ReferencePipeline.findFirst(ReferencePipeline.java:543)
at org.openqa.selenium.remote.ProtocolHandshake.createSession(ProtocolHandshake.java:128)
at org.openqa.selenium.remote.ProtocolHandshake.createSession(ProtocolHandshake.java:74)
at org.openqa.selenium.remote.HttpCommandExecutor.execute(HttpCommandExecutor.java:136)
at org.openqa.selenium.remote.service.DriverCommandExecutor.execute(DriverCommandExecutor.java:83)
at org.openqa.selenium.remote.RemoteWebDriver.execute(RemoteWebDriver.java:552)
at org.openqa.selenium.remote.RemoteWebDriver.startSession(RemoteWebDriver.java:213)
at org.openqa.selenium.remote.RemoteWebDriver.<init>(RemoteWebDriver.java:131)
at org.openqa.selenium.chrome.ChromeDriver.<init>(ChromeDriver.java:181)
at org.openqa.selenium.chrome.ChromeDriver.<init>(ChromeDriver.java:168)
at org.openqa.selenium.chrome.ChromeDriver.<init>(ChromeDriver.java:157)
at com.tests.BaseTest.intializeDriver(BaseTest.java:69)
at java.base/jdk.internal.reflect.NativeMethodAccessorImpl.invoke0(Native Method)
at java.base/jdk.internal.reflect.NativeMethodAccessorImpl.invoke(NativeMethodAccessorImpl.java:62)
at java.base/jdk.internal.reflect.DelegatingMethodAccessorImpl.invoke(DelegatingMethodAccessorImpl.java:43)
at java.base/java.lang.reflect.Method.invoke(Method.java:564)
at org.testng.internal.MethodInvocationHelper.invokeMethod(MethodInvocationHelper.java:132)
at org.testng.internal.MethodInvocationHelper.invokeMethodConsideringTimeout(MethodInvocationHelper.java:61)
at org.testng.internal.ConfigInvoker.invokeConfigurationMethod(ConfigInvoker.java:366)
at org.testng.internal.ConfigInvoker.invokeConfigurations(ConfigInvoker.java:320)
at org.testng.internal.TestInvoker.runConfigMethods(TestInvoker.java:701)
at org.testng.internal.TestInvoker.invokeMethod(TestInvoker.java:527)
at org.testng.internal.TestInvoker.invokeTestMethod(TestInvoker.java:174)
at org.testng.internal.MethodRunner.runInSequence(MethodRunner.java:46)
at org.testng.internal.TestInvoker$MethodInvocationAgent.invoke(TestInvoker.java:822)
at org.testng.internal.TestInvoker.invokeTestMethods(TestInvoker.java:147)
at org.testng.internal.TestMethodWorker.invokeTestMethods(TestMethodWorker.java:146)
at org.testng.internal.TestMethodWorker.run(TestMethodWorker.java:128)
at java.base/java.util.ArrayList.forEach(ArrayList.java:1511)
at org.testng.TestRunner.privateRun(TestRunner.java:764)
at org.testng.TestRunner.run(TestRunner.java:585)
at org.testng.SuiteRunner.runTest(SuiteRunner.java:384)
at org.testng.SuiteRunner.runSequentially(SuiteRunner.java:378)
at org.testng.SuiteRunner.privateRun(SuiteRunner.java:337)
at org.testng.SuiteRunner.run(SuiteRunner.java:286)
at org.testng.SuiteRunnerWorker.runSuite(SuiteRunnerWorker.java:53)
at org.testng.SuiteRunnerWorker.run(SuiteRunnerWorker.java:96)
at org.testng.TestNG.runSuitesSequentially(TestNG.java:1218)
at org.testng.TestNG.runSuitesLocally(TestNG.java:1140)
at org.testng.TestNG.runSuites(TestNG.java:1069)
at org.testng.TestNG.run(TestNG.java:1037)
at org.testng.remote.AbstractRemoteTestNG.run(AbstractRemoteTestNG.java:115)
at org.testng.remote.RemoteTestNG.initAndRun(RemoteTestNG.java:251)
at org.testng.remote.RemoteTestNG.main(RemoteTestNG.java:77)
]]>
            </full-stacktrace>
          </exception> <!-- org.openqa.selenium.WebDriverException -->
          <reporter-output>
          </reporter-output>
        </test-method> <!-- Email_SmS -->
        <test-method is-config="true" signature="tearDown(org.testng.ITestResult)[pri:0, instance:com.tests.ManageBookingTest@5e01a982]" started-at="2021-02-11T19:28:36 IST" name="tearDown" finished-at="1970-01-01T05:30:00 IST" duration-ms="-1613051916197" status="SKIP">
          <reporter-output>
          </reporter-output>
        </test-method> <!-- tearDown -->
      </class> <!-- com.tests.ManageBookingTest -->
      <class name="com.tests.About_RedBus_Test">
        <test-method is-config="true" signature="intializeDriver()[pri:0, instance:com.tests.About_RedBus_Test@58fb7731]" started-at="2021-02-11T19:33:01 IST" name="intializeDriver" finished-at="2021-02-11T19:33:04 IST" duration-ms="2525" status="PASS">
          <reporter-output>
          </reporter-output>
        </test-method> <!-- intializeDriver -->
        <test-method signature="RedBus_About()[pri:1, instance:com.tests.About_RedBus_Test@58fb7731]" started-at="2021-02-11T19:33:04 IST" name="RedBus_About" finished-at="2021-02-11T19:33:04 IST" duration-ms="427" status="PASS">
          <reporter-output>
          </reporter-output>
        </test-method> <!-- RedBus_About -->
        <test-method is-config="true" signature="tearDown(org.testng.ITestResult)[pri:0, instance:com.tests.About_RedBus_Test@58fb7731]" started-at="2021-02-11T19:33:04 IST" name="tearDown" finished-at="2021-02-11T19:33:05 IST" duration-ms="552" status="PASS">
          <params>
            <param index="0">
              <value>
                <![CDATA[[TestResult name=RedBus_About status=SUCCESS method=About_RedBus_Test.RedBus_About()[pri:1, instance:com.tests.About_RedBus_Test@58fb7731] output={null}]]]>
              </value>
            </param>
          </params>
          <reporter-output>
          </reporter-output>
        </test-method> <!-- tearDown -->
        <test-method is-config="true" signature="intializeDriver()[pri:0, instance:com.tests.About_RedBus_Test@58fb7731]" started-at="2021-02-11T19:33:05 IST" name="intializeDriver" finished-at="2021-02-11T19:33:11 IST" duration-ms="5961" status="PASS">
          <reporter-output>
          </reporter-output>
        </test-method> <!-- intializeDriver -->
        <test-method signature="RedBus_Contact()[pri:2, instance:com.tests.About_RedBus_Test@58fb7731]" started-at="2021-02-11T19:33:11 IST" name="RedBus_Contact" finished-at="2021-02-11T19:33:11 IST" duration-ms="408" status="PASS">
          <reporter-output>
          </reporter-output>
        </test-method> <!-- RedBus_Contact -->
        <test-method is-config="true" signature="tearDown(org.testng.ITestResult)[pri:0, instance:com.tests.About_RedBus_Test@58fb7731]" started-at="2021-02-11T19:33:11 IST" name="tearDown" finished-at="2021-02-11T19:33:12 IST" duration-ms="556" status="PASS">
          <params>
            <param index="0">
              <value>
                <![CDATA[[TestResult name=RedBus_Contact status=SUCCESS method=About_RedBus_Test.RedBus_Contact()[pri:2, instance:com.tests.About_RedBus_Test@58fb7731] output={null}]]]>
              </value>
            </param>
          </params>
          <reporter-output>
          </reporter-output>
        </test-method> <!-- tearDown -->
        <test-method is-config="true" signature="intializeDriver()[pri:0, instance:com.tests.About_RedBus_Test@58fb7731]" started-at="2021-02-11T19:33:12 IST" name="intializeDriver" finished-at="2021-02-11T19:33:16 IST" duration-ms="4160" status="PASS">
          <reporter-output>
          </reporter-output>
        </test-method> <!-- intializeDriver -->
        <test-method signature="Redbus_Careers()[pri:3, instance:com.tests.About_RedBus_Test@58fb7731]" started-at="2021-02-11T19:33:16 IST" name="Redbus_Careers" finished-at="2021-02-11T19:33:16 IST" duration-ms="427" status="PASS">
          <reporter-output>
          </reporter-output>
        </test-method> <!-- Redbus_Careers -->
        <test-method is-config="true" signature="tearDown(org.testng.ITestResult)[pri:0, instance:com.tests.About_RedBus_Test@58fb7731]" started-at="2021-02-11T19:33:16 IST" name="tearDown" finished-at="2021-02-11T19:33:17 IST" duration-ms="552" status="PASS">
          <params>
            <param index="0">
              <value>
                <![CDATA[[TestResult name=Redbus_Careers status=SUCCESS method=About_RedBus_Test.Redbus_Careers()[pri:3, instance:com.tests.About_RedBus_Test@58fb7731] output={null}]]]>
              </value>
            </param>
          </params>
          <reporter-output>
          </reporter-output>
        </test-method> <!-- tearDown -->
      </class> <!-- com.tests.About_RedBus_Test -->
      <class name="com.tests.RedBus_Partners_Test">
        <test-method is-config="true" signature="setExtent()[pri:0, instance:com.tests.RedBus_Partners_Test@522a32b1]" started-at="2021-02-11T19:26:56 IST" name="setExtent" finished-at="2021-02-11T19:26:56 IST" duration-ms="138" status="PASS">
          <reporter-output>
          </reporter-output>
        </test-method> <!-- setExtent -->
        <test-method is-config="true" signature="intializeDriver()[pri:0, instance:com.tests.RedBus_Partners_Test@522a32b1]" started-at="2021-02-11T19:26:56 IST" name="intializeDriver" finished-at="2021-02-11T19:26:59 IST" duration-ms="2906" status="PASS">
          <reporter-output>
          </reporter-output>
        </test-method> <!-- intializeDriver -->
        <test-method signature="RedBusGoibio_Partner()[pri:1, instance:com.tests.RedBus_Partners_Test@522a32b1]" started-at="2021-02-11T19:26:59 IST" name="RedBusGoibio_Partner" finished-at="2021-02-11T19:26:59 IST" duration-ms="491" status="PASS">
          <reporter-output>
          </reporter-output>
        </test-method> <!-- RedBusGoibio_Partner -->
        <test-method is-config="true" signature="tearDown(org.testng.ITestResult)[pri:0, instance:com.tests.RedBus_Partners_Test@522a32b1]" started-at="2021-02-11T19:26:59 IST" name="tearDown" finished-at="2021-02-11T19:27:00 IST" duration-ms="557" status="PASS">
          <params>
            <param index="0">
              <value>
                <![CDATA[[TestResult name=RedBusGoibio_Partner status=SUCCESS method=RedBus_Partners_Test.RedBusGoibio_Partner()[pri:1, instance:com.tests.RedBus_Partners_Test@522a32b1] output={null}]]]>
              </value>
            </param>
          </params>
          <reporter-output>
          </reporter-output>
        </test-method> <!-- tearDown -->
        <test-method is-config="true" signature="intializeDriver()[pri:0, instance:com.tests.RedBus_Partners_Test@522a32b1]" started-at="2021-02-11T19:27:00 IST" name="intializeDriver" finished-at="2021-02-11T19:27:02 IST" duration-ms="2422" status="PASS">
          <reporter-output>
          </reporter-output>
        </test-method> <!-- intializeDriver -->
        <test-method signature="RedBus_MakemyTrip_Partner()[pri:2, instance:com.tests.RedBus_Partners_Test@522a32b1]" started-at="2021-02-11T19:27:02 IST" name="RedBus_MakemyTrip_Partner" finished-at="2021-02-11T19:27:02 IST" duration-ms="419" status="PASS">
          <reporter-output>
          </reporter-output>
        </test-method> <!-- RedBus_MakemyTrip_Partner -->
        <test-method is-config="true" signature="tearDown(org.testng.ITestResult)[pri:0, instance:com.tests.RedBus_Partners_Test@522a32b1]" started-at="2021-02-11T19:27:02 IST" name="tearDown" finished-at="2021-02-11T19:27:03 IST" duration-ms="551" status="PASS">
          <params>
            <param index="0">
              <value>
                <![CDATA[[TestResult name=RedBus_MakemyTrip_Partner status=SUCCESS method=RedBus_Partners_Test.RedBus_MakemyTrip_Partner()[pri:2, instance:com.tests.RedBus_Partners_Test@522a32b1] output={null}]]]>
              </value>
            </param>
          </params>
          <reporter-output>
          </reporter-output>
        </test-method> <!-- tearDown -->
        <test-method is-config="true" signature="endReport()[pri:0, instance:com.tests.RedBus_Partners_Test@522a32b1]" started-at="2021-02-11T19:33:21 IST" name="endReport" finished-at="2021-02-11T19:33:21 IST" duration-ms="267" status="PASS">
          <reporter-output>
          </reporter-output>
        </test-method> <!-- endReport -->
      </class> <!-- com.tests.RedBus_Partners_Test -->
      <class name="com.tests.RedBus_JoiOperator_Test">
        <test-method is-config="true" signature="intializeDriver()[pri:0, instance:com.tests.RedBus_JoiOperator_Test@5ddea849]" started-at="2021-02-11T19:28:36 IST" name="intializeDriver" finished-at="2021-02-11T19:28:38 IST" duration-ms="2498" status="PASS">
          <reporter-output>
          </reporter-output>
        </test-method> <!-- intializeDriver -->
        <test-method signature="Join_As_Operator()[pri:0, instance:com.tests.RedBus_JoiOperator_Test@5ddea849]" started-at="2021-02-11T19:28:38 IST" name="Join_As_Operator" finished-at="2021-02-11T19:28:43 IST" duration-ms="4400" status="PASS">
          <reporter-output>
          </reporter-output>
        </test-method> <!-- Join_As_Operator -->
        <test-method is-config="true" signature="tearDown(org.testng.ITestResult)[pri:0, instance:com.tests.RedBus_JoiOperator_Test@5ddea849]" started-at="2021-02-11T19:28:43 IST" name="tearDown" finished-at="2021-02-11T19:28:43 IST" duration-ms="560" status="PASS">
          <params>
            <param index="0">
              <value>
                <![CDATA[[TestResult name=Join_As_Operator status=SUCCESS method=RedBus_JoiOperator_Test.Join_As_Operator()[pri:0, instance:com.tests.RedBus_JoiOperator_Test@5ddea849] output={null}]]]>
              </value>
            </param>
          </params>
          <reporter-output>
          </reporter-output>
        </test-method> <!-- tearDown -->
      </class> <!-- com.tests.RedBus_JoiOperator_Test -->
      <class name="com.tests.TripTest">
        <test-method is-config="true" signature="intializeDriver()[pri:0, instance:com.tests.TripTest@704f1591]" started-at="2021-02-11T19:31:44 IST" name="intializeDriver" finished-at="2021-02-11T19:31:47 IST" duration-ms="2592" status="PASS">
          <reporter-output>
          </reporter-output>
        </test-method> <!-- intializeDriver -->
        <test-method signature="BusTickets()[pri:1, instance:com.tests.TripTest@704f1591]" started-at="2021-02-11T19:31:47 IST" name="BusTickets" finished-at="2021-02-11T19:31:55 IST" duration-ms="8294" status="PASS">
          <reporter-output>
          </reporter-output>
        </test-method> <!-- BusTickets -->
        <test-method is-config="true" signature="tearDown(org.testng.ITestResult)[pri:0, instance:com.tests.TripTest@704f1591]" started-at="2021-02-11T19:31:55 IST" name="tearDown" finished-at="2021-02-11T19:31:55 IST" duration-ms="560" status="PASS">
          <params>
            <param index="0">
              <value>
                <![CDATA[[TestResult name=BusTickets status=SUCCESS method=TripTest.BusTickets()[pri:1, instance:com.tests.TripTest@704f1591] output={null}]]]>
              </value>
            </param>
          </params>
          <reporter-output>
          </reporter-output>
        </test-method> <!-- tearDown -->
        <test-method is-config="true" signature="intializeDriver()[pri:0, instance:com.tests.TripTest@704f1591]" started-at="2021-02-11T19:31:55 IST" name="intializeDriver" finished-at="2021-02-11T19:31:58 IST" duration-ms="2506" status="PASS">
          <reporter-output>
          </reporter-output>
        </test-method> <!-- intializeDriver -->
        <test-method signature="Filters()[pri:2, instance:com.tests.TripTest@704f1591]" started-at="2021-02-11T19:31:58 IST" name="Filters" finished-at="2021-02-11T19:32:07 IST" duration-ms="9347" status="PASS">
          <reporter-output>
          </reporter-output>
        </test-method> <!-- Filters -->
        <test-method is-config="true" signature="tearDown(org.testng.ITestResult)[pri:0, instance:com.tests.TripTest@704f1591]" started-at="2021-02-11T19:32:07 IST" name="tearDown" finished-at="2021-02-11T19:32:08 IST" duration-ms="597" status="PASS">
          <params>
            <param index="0">
              <value>
                <![CDATA[[TestResult name=Filters status=SUCCESS method=TripTest.Filters()[pri:2, instance:com.tests.TripTest@704f1591] output={null}]]]>
              </value>
            </param>
          </params>
          <reporter-output>
          </reporter-output>
        </test-method> <!-- tearDown -->
        <test-method is-config="true" signature="intializeDriver()[pri:0, instance:com.tests.TripTest@704f1591]" started-at="2021-02-11T19:32:08 IST" name="intializeDriver" finished-at="2021-02-11T19:32:10 IST" duration-ms="2549" status="PASS">
          <reporter-output>
          </reporter-output>
        </test-method> <!-- intializeDriver -->
        <test-method signature="Modify_TripDetail()[pri:3, instance:com.tests.TripTest@704f1591]" started-at="2021-02-11T19:32:10 IST" name="Modify_TripDetail" finished-at="2021-02-11T19:32:22 IST" duration-ms="11093" status="PASS">
          <reporter-output>
          </reporter-output>
        </test-method> <!-- Modify_TripDetail -->
        <test-method is-config="true" signature="tearDown(org.testng.ITestResult)[pri:0, instance:com.tests.TripTest@704f1591]" started-at="2021-02-11T19:32:22 IST" name="tearDown" finished-at="2021-02-11T19:32:22 IST" duration-ms="559" status="PASS">
          <params>
            <param index="0">
              <value>
                <![CDATA[[TestResult name=Modify_TripDetail status=SUCCESS method=TripTest.Modify_TripDetail()[pri:3, instance:com.tests.TripTest@704f1591] output={null}]]]>
              </value>
            </param>
          </params>
          <reporter-output>
          </reporter-output>
        </test-method> <!-- tearDown -->
        <test-method is-config="true" signature="intializeDriver()[pri:0, instance:com.tests.TripTest@704f1591]" started-at="2021-02-11T19:32:22 IST" name="intializeDriver" finished-at="2021-02-11T19:32:25 IST" duration-ms="2537" status="PASS">
          <reporter-output>
          </reporter-output>
        </test-method> <!-- intializeDriver -->
        <test-method signature="Bus_Departure_Time()[pri:4, instance:com.tests.TripTest@704f1591]" started-at="2021-02-11T19:32:25 IST" name="Bus_Departure_Time" finished-at="2021-02-11T19:32:35 IST" duration-ms="10113" status="FAIL">
          <exception class="org.openqa.selenium.ElementClickInterceptedException">
            <message>
              <![CDATA[element click intercepted: Element <label for="dtBefore 6 am" class="custom-checkbox"></label> is not clickable at point (34, 444). Other element would receive the click: <ul class="dept-time dt-time-filter">...</ul>
  (Session info: headless chrome=88.0.4324.150)
Build info: version: '3.141.59', revision: 'e82be7d358', time: '2018-11-14T08:17:03'
System info: host: 'PRAVEENKUMAR07', ip: '192.168.1.13', os.name: 'Windows 10', os.arch: 'amd64', os.version: '10.0', java.version: '14.0.2'
Driver info: org.openqa.selenium.chrome.ChromeDriver
Capabilities {acceptInsecureCerts: false, browserName: chrome, browserVersion: 88.0.4324.150, chrome: {chromedriverVersion: 88.0.4324.96 (68dba2d8a0b14..., userDataDir: C:\Users\PRAVEE~1\AppData\L...}, goog:chromeOptions: {debuggerAddress: localhost:64129}, javascriptEnabled: true, networkConnectionEnabled: false, pageLoadStrategy: normal, platform: WINDOWS, platformName: WINDOWS, proxy: Proxy(), setWindowRect: true, strictFileInteractability: false, timeouts: {implicit: 0, pageLoad: 300000, script: 30000}, unhandledPromptBehavior: dismiss and notify, webauthn:extension:largeBlob: true, webauthn:virtualAuthenticators: true}
Session ID: 71bf05dba9f108707ffb3c9d3afb2106]]>
            </message>
            <full-stacktrace>
              <![CDATA[org.openqa.selenium.ElementClickInterceptedException: element click intercepted: Element <label for="dtBefore 6 am" class="custom-checkbox"></label> is not clickable at point (34, 444). Other element would receive the click: <ul class="dept-time dt-time-filter">...</ul>
  (Session info: headless chrome=88.0.4324.150)
Build info: version: '3.141.59', revision: 'e82be7d358', time: '2018-11-14T08:17:03'
System info: host: 'PRAVEENKUMAR07', ip: '192.168.1.13', os.name: 'Windows 10', os.arch: 'amd64', os.version: '10.0', java.version: '14.0.2'
Driver info: org.openqa.selenium.chrome.ChromeDriver
Capabilities {acceptInsecureCerts: false, browserName: chrome, browserVersion: 88.0.4324.150, chrome: {chromedriverVersion: 88.0.4324.96 (68dba2d8a0b14..., userDataDir: C:\Users\PRAVEE~1\AppData\L...}, goog:chromeOptions: {debuggerAddress: localhost:64129}, javascriptEnabled: true, networkConnectionEnabled: false, pageLoadStrategy: normal, platform: WINDOWS, platformName: WINDOWS, proxy: Proxy(), setWindowRect: true, strictFileInteractability: false, timeouts: {implicit: 0, pageLoad: 300000, script: 30000}, unhandledPromptBehavior: dismiss and notify, webauthn:extension:largeBlob: true, webauthn:virtualAuthenticators: true}
Session ID: 71bf05dba9f108707ffb3c9d3afb2106
at java.base/jdk.internal.reflect.NativeConstructorAccessorImpl.newInstance0(Native Method)
at java.base/jdk.internal.reflect.NativeConstructorAccessorImpl.newInstance(NativeConstructorAccessorImpl.java:62)
at java.base/jdk.internal.reflect.DelegatingConstructorAccessorImpl.newInstance(DelegatingConstructorAccessorImpl.java:45)
at java.base/java.lang.reflect.Constructor.newInstanceWithCaller(Constructor.java:500)
at java.base/java.lang.reflect.Constructor.newInstance(Constructor.java:481)
at org.openqa.selenium.remote.http.W3CHttpResponseCodec.createException(W3CHttpResponseCodec.java:187)
at org.openqa.selenium.remote.http.W3CHttpResponseCodec.decode(W3CHttpResponseCodec.java:122)
at org.openqa.selenium.remote.http.W3CHttpResponseCodec.decode(W3CHttpResponseCodec.java:49)
at org.openqa.selenium.remote.HttpCommandExecutor.execute(HttpCommandExecutor.java:158)
at org.openqa.selenium.remote.service.DriverCommandExecutor.execute(DriverCommandExecutor.java:83)
at org.openqa.selenium.remote.RemoteWebDriver.execute(RemoteWebDriver.java:552)
at org.openqa.selenium.remote.RemoteWebElement.execute(RemoteWebElement.java:285)
at org.openqa.selenium.remote.RemoteWebElement.click(RemoteWebElement.java:84)
at jdk.internal.reflect.GeneratedMethodAccessor6.invoke(Unknown Source)
at java.base/jdk.internal.reflect.DelegatingMethodAccessorImpl.invoke(DelegatingMethodAccessorImpl.java:43)
at java.base/java.lang.reflect.Method.invoke(Method.java:564)
at org.openqa.selenium.support.pagefactory.internal.LocatingElementHandler.invoke(LocatingElementHandler.java:51)
at com.sun.proxy.$Proxy15.click(Unknown Source)
at com.pages.TripPage.BusDeparture(TripPage.java:136)
at com.tests.TripTest.Bus_Departure_Time(TripTest.java:109)
at java.base/jdk.internal.reflect.NativeMethodAccessorImpl.invoke0(Native Method)
at java.base/jdk.internal.reflect.NativeMethodAccessorImpl.invoke(NativeMethodAccessorImpl.java:62)
at java.base/jdk.internal.reflect.DelegatingMethodAccessorImpl.invoke(DelegatingMethodAccessorImpl.java:43)
at java.base/java.lang.reflect.Method.invoke(Method.java:564)
at org.testng.internal.MethodInvocationHelper.invokeMethod(MethodInvocationHelper.java:132)
at org.testng.internal.TestInvoker.invokeMethod(TestInvoker.java:599)
at org.testng.internal.TestInvoker.invokeTestMethod(TestInvoker.java:174)
at org.testng.internal.MethodRunner.runInSequence(MethodRunner.java:46)
at org.testng.internal.TestInvoker$MethodInvocationAgent.invoke(TestInvoker.java:822)
at org.testng.internal.TestInvoker.invokeTestMethods(TestInvoker.java:147)
at org.testng.internal.TestMethodWorker.invokeTestMethods(TestMethodWorker.java:146)
at org.testng.internal.TestMethodWorker.run(TestMethodWorker.java:128)
at java.base/java.util.ArrayList.forEach(ArrayList.java:1511)
at org.testng.TestRunner.privateRun(TestRunner.java:764)
at org.testng.TestRunner.run(TestRunner.java:585)
at org.testng.SuiteRunner.runTest(SuiteRunner.java:384)
at org.testng.SuiteRunner.runSequentially(SuiteRunner.java:378)
at org.testng.SuiteRunner.privateRun(SuiteRunner.java:337)
at org.testng.SuiteRunner.run(SuiteRunner.java:286)
at org.testng.SuiteRunnerWorker.runSuite(SuiteRunnerWorker.java:53)
at org.testng.SuiteRunnerWorker.run(SuiteRunnerWorker.java:96)
at org.testng.TestNG.runSuitesSequentially(TestNG.java:1218)
at org.testng.TestNG.runSuitesLocally(TestNG.java:1140)
at org.testng.TestNG.runSuites(TestNG.java:1069)
at org.testng.TestNG.run(TestNG.java:1037)
at org.testng.remote.AbstractRemoteTestNG.run(AbstractRemoteTestNG.java:115)
at org.testng.remote.RemoteTestNG.initAndRun(RemoteTestNG.java:251)
at org.testng.remote.RemoteTestNG.main(RemoteTestNG.java:77)
]]>
            </full-stacktrace>
          </exception> <!-- org.openqa.selenium.ElementClickInterceptedException -->
          <reporter-output>
          </reporter-output>
        </test-method> <!-- Bus_Departure_Time -->
        <test-method is-config="true" signature="tearDown(org.testng.ITestResult)[pri:0, instance:com.tests.TripTest@704f1591]" started-at="2021-02-11T19:32:35 IST" name="tearDown" finished-at="2021-02-11T19:32:36 IST" duration-ms="922" status="PASS">
          <params>
            <param index="0">
              <value>
                <![CDATA[[TestResult name=Bus_Departure_Time status=FAILURE method=TripTest.Bus_Departure_Time()[pri:4, instance:com.tests.TripTest@704f1591] output={null}]]]>
              </value>
            </param>
          </params>
          <reporter-output>
          </reporter-output>
        </test-method> <!-- tearDown -->
        <test-method is-config="true" signature="intializeDriver()[pri:0, instance:com.tests.TripTest@704f1591]" started-at="2021-02-11T19:32:36 IST" name="intializeDriver" finished-at="2021-02-11T19:32:38 IST" duration-ms="2519" status="PASS">
          <reporter-output>
          </reporter-output>
        </test-method> <!-- intializeDriver -->
        <test-method signature="Bus_Types()[pri:5, instance:com.tests.TripTest@704f1591]" started-at="2021-02-11T19:32:38 IST" name="Bus_Types" finished-at="2021-02-11T19:32:47 IST" duration-ms="9269" status="PASS">
          <reporter-output>
          </reporter-output>
        </test-method> <!-- Bus_Types -->
        <test-method is-config="true" signature="tearDown(org.testng.ITestResult)[pri:0, instance:com.tests.TripTest@704f1591]" started-at="2021-02-11T19:32:47 IST" name="tearDown" finished-at="2021-02-11T19:32:48 IST" duration-ms="562" status="PASS">
          <params>
            <param index="0">
              <value>
                <![CDATA[[TestResult name=Bus_Types status=SUCCESS method=TripTest.Bus_Types()[pri:5, instance:com.tests.TripTest@704f1591] output={null}]]]>
              </value>
            </param>
          </params>
          <reporter-output>
          </reporter-output>
        </test-method> <!-- tearDown -->
        <test-method is-config="true" signature="intializeDriver()[pri:0, instance:com.tests.TripTest@704f1591]" started-at="2021-02-11T19:32:48 IST" name="intializeDriver" finished-at="2021-02-11T19:32:52 IST" duration-ms="3558" status="PASS">
          <reporter-output>
          </reporter-output>
        </test-method> <!-- intializeDriver -->
        <test-method signature="Bus_Arrival_Time()[pri:6, instance:com.tests.TripTest@704f1591]" started-at="2021-02-11T19:32:52 IST" name="Bus_Arrival_Time" finished-at="2021-02-11T19:33:01 IST" duration-ms="8994" status="PASS">
          <reporter-output>
          </reporter-output>
        </test-method> <!-- Bus_Arrival_Time -->
        <test-method is-config="true" signature="tearDown(org.testng.ITestResult)[pri:0, instance:com.tests.TripTest@704f1591]" started-at="2021-02-11T19:33:01 IST" name="tearDown" finished-at="2021-02-11T19:33:01 IST" duration-ms="559" status="PASS">
          <params>
            <param index="0">
              <value>
                <![CDATA[[TestResult name=Bus_Arrival_Time status=SUCCESS method=TripTest.Bus_Arrival_Time()[pri:6, instance:com.tests.TripTest@704f1591] output={null}]]]>
              </value>
            </param>
          </params>
          <reporter-output>
          </reporter-output>
        </test-method> <!-- tearDown -->
      </class> <!-- com.tests.TripTest -->
      <class name="com.tests.LoginTest">
        <test-method is-config="true" signature="intializeDriver()[pri:0, instance:com.tests.LoginTest@23d1e5d0]" started-at="2021-02-11T19:28:57 IST" name="intializeDriver" finished-at="2021-02-11T19:29:02 IST" duration-ms="4031" status="PASS">
          <reporter-output>
          </reporter-output>
        </test-method> <!-- intializeDriver -->
        <test-method signature="Valid_Login_with_FaceBook()[pri:1, instance:com.tests.LoginTest@23d1e5d0]" started-at="2021-02-11T19:29:02 IST" name="Valid_Login_with_FaceBook" finished-at="2021-02-11T19:29:09 IST" duration-ms="7666" status="PASS">
          <reporter-output>
          </reporter-output>
        </test-method> <!-- Valid_Login_with_FaceBook -->
        <test-method is-config="true" signature="tearDown(org.testng.ITestResult)[pri:0, instance:com.tests.LoginTest@23d1e5d0]" started-at="2021-02-11T19:29:09 IST" name="tearDown" finished-at="2021-02-11T19:29:10 IST" duration-ms="561" status="PASS">
          <params>
            <param index="0">
              <value>
                <![CDATA[[TestResult name=Valid_Login_with_FaceBook status=SUCCESS method=LoginTest.Valid_Login_with_FaceBook()[pri:1, instance:com.tests.LoginTest@23d1e5d0] output={null}]]]>
              </value>
            </param>
          </params>
          <reporter-output>
          </reporter-output>
        </test-method> <!-- tearDown -->
        <test-method is-config="true" signature="intializeDriver()[pri:0, instance:com.tests.LoginTest@23d1e5d0]" started-at="2021-02-11T19:29:10 IST" name="intializeDriver" finished-at="2021-02-11T19:29:12 IST" duration-ms="2628" status="PASS">
          <reporter-output>
          </reporter-output>
        </test-method> <!-- intializeDriver -->
        <test-method signature="Invalid_Login_with_FaceBook()[pri:2, instance:com.tests.LoginTest@23d1e5d0]" started-at="2021-02-11T19:29:12 IST" name="Invalid_Login_with_FaceBook" finished-at="2021-02-11T19:29:22 IST" duration-ms="9810" status="FAIL">
          <exception class="java.lang.AssertionError">
            <message>
              <![CDATA[expected [Book Bus Travel] but found [Facebook]]]>
            </message>
            <full-stacktrace>
              <![CDATA[java.lang.AssertionError: expected [Book Bus Travel] but found [Facebook]
at org.testng.Assert.fail(Assert.java:99)
at org.testng.Assert.failNotEquals(Assert.java:1037)
at org.testng.Assert.assertEqualsImpl(Assert.java:140)
at org.testng.Assert.assertEquals(Assert.java:122)
at org.testng.Assert.assertEquals(Assert.java:629)
at org.testng.Assert.assertEquals(Assert.java:639)
at com.pages.loginPage.InvalidLogin_with_FB(loginPage.java:153)
at com.tests.LoginTest.Invalid_Login_with_FaceBook(LoginTest.java:60)
at java.base/jdk.internal.reflect.NativeMethodAccessorImpl.invoke0(Native Method)
at java.base/jdk.internal.reflect.NativeMethodAccessorImpl.invoke(NativeMethodAccessorImpl.java:62)
at java.base/jdk.internal.reflect.DelegatingMethodAccessorImpl.invoke(DelegatingMethodAccessorImpl.java:43)
at java.base/java.lang.reflect.Method.invoke(Method.java:564)
at org.testng.internal.MethodInvocationHelper.invokeMethod(MethodInvocationHelper.java:132)
at org.testng.internal.TestInvoker.invokeMethod(TestInvoker.java:599)
at org.testng.internal.TestInvoker.invokeTestMethod(TestInvoker.java:174)
at org.testng.internal.MethodRunner.runInSequence(MethodRunner.java:46)
at org.testng.internal.TestInvoker$MethodInvocationAgent.invoke(TestInvoker.java:822)
at org.testng.internal.TestInvoker.invokeTestMethods(TestInvoker.java:147)
at org.testng.internal.TestMethodWorker.invokeTestMethods(TestMethodWorker.java:146)
at org.testng.internal.TestMethodWorker.run(TestMethodWorker.java:128)
at java.base/java.util.ArrayList.forEach(ArrayList.java:1511)
at org.testng.TestRunner.privateRun(TestRunner.java:764)
at org.testng.TestRunner.run(TestRunner.java:585)
at org.testng.SuiteRunner.runTest(SuiteRunner.java:384)
at org.testng.SuiteRunner.runSequentially(SuiteRunner.java:378)
at org.testng.SuiteRunner.privateRun(SuiteRunner.java:337)
at org.testng.SuiteRunner.run(SuiteRunner.java:286)
at org.testng.SuiteRunnerWorker.runSuite(SuiteRunnerWorker.java:53)
at org.testng.SuiteRunnerWorker.run(SuiteRunnerWorker.java:96)
at org.testng.TestNG.runSuitesSequentially(TestNG.java:1218)
at org.testng.TestNG.runSuitesLocally(TestNG.java:1140)
at org.testng.TestNG.runSuites(TestNG.java:1069)
at org.testng.TestNG.run(TestNG.java:1037)
at org.testng.remote.AbstractRemoteTestNG.run(AbstractRemoteTestNG.java:115)
at org.testng.remote.RemoteTestNG.initAndRun(RemoteTestNG.java:251)
at org.testng.remote.RemoteTestNG.main(RemoteTestNG.java:77)
]]>
            </full-stacktrace>
          </exception> <!-- java.lang.AssertionError -->
          <reporter-output>
          </reporter-output>
        </test-method> <!-- Invalid_Login_with_FaceBook -->
        <test-method is-config="true" signature="tearDown(org.testng.ITestResult)[pri:0, instance:com.tests.LoginTest@23d1e5d0]" started-at="2021-02-11T19:29:22 IST" name="tearDown" finished-at="2021-02-11T19:29:23 IST" duration-ms="829" status="PASS">
          <params>
            <param index="0">
              <value>
                <![CDATA[[TestResult name=Invalid_Login_with_FaceBook status=FAILURE method=LoginTest.Invalid_Login_with_FaceBook()[pri:2, instance:com.tests.LoginTest@23d1e5d0] output={null}]]]>
              </value>
            </param>
          </params>
          <reporter-output>
          </reporter-output>
        </test-method> <!-- tearDown -->
        <test-method is-config="true" signature="intializeDriver()[pri:0, instance:com.tests.LoginTest@23d1e5d0]" started-at="2021-02-11T19:29:23 IST" name="intializeDriver" finished-at="2021-02-11T19:29:27 IST" duration-ms="4105" status="PASS">
          <reporter-output>
          </reporter-output>
        </test-method> <!-- intializeDriver -->
        <test-method signature="My_Trip()[pri:3, instance:com.tests.LoginTest@23d1e5d0]" started-at="2021-02-11T19:29:27 IST" name="My_Trip" finished-at="2021-02-11T19:29:44 IST" duration-ms="16495" status="PASS">
          <reporter-output>
          </reporter-output>
        </test-method> <!-- My_Trip -->
        <test-method is-config="true" signature="tearDown(org.testng.ITestResult)[pri:0, instance:com.tests.LoginTest@23d1e5d0]" started-at="2021-02-11T19:29:44 IST" name="tearDown" finished-at="2021-02-11T19:29:44 IST" duration-ms="592" status="PASS">
          <params>
            <param index="0">
              <value>
                <![CDATA[[TestResult name=My_Trip status=SUCCESS method=LoginTest.My_Trip()[pri:3, instance:com.tests.LoginTest@23d1e5d0] output={null}]]]>
              </value>
            </param>
          </params>
          <reporter-output>
          </reporter-output>
        </test-method> <!-- tearDown -->
        <test-method is-config="true" signature="intializeDriver()[pri:0, instance:com.tests.LoginTest@23d1e5d0]" started-at="2021-02-11T19:29:44 IST" name="intializeDriver" finished-at="2021-02-11T19:29:47 IST" duration-ms="2478" status="PASS">
          <reporter-output>
          </reporter-output>
        </test-method> <!-- intializeDriver -->
        <test-method signature="Valid_update_MyProfile()[pri:4, instance:com.tests.LoginTest@23d1e5d0]" started-at="2021-02-11T19:29:47 IST" name="Valid_update_MyProfile" finished-at="2021-02-11T19:30:02 IST" duration-ms="14951" status="PASS">
          <reporter-output>
          </reporter-output>
        </test-method> <!-- Valid_update_MyProfile -->
        <test-method is-config="true" signature="tearDown(org.testng.ITestResult)[pri:0, instance:com.tests.LoginTest@23d1e5d0]" started-at="2021-02-11T19:30:02 IST" name="tearDown" finished-at="2021-02-11T19:30:02 IST" duration-ms="576" status="PASS">
          <params>
            <param index="0">
              <value>
                <![CDATA[[TestResult name=Valid_update_MyProfile status=SUCCESS method=LoginTest.Valid_update_MyProfile()[pri:4, instance:com.tests.LoginTest@23d1e5d0] output={null}]]]>
              </value>
            </param>
          </params>
          <reporter-output>
          </reporter-output>
        </test-method> <!-- tearDown -->
        <test-method is-config="true" signature="intializeDriver()[pri:0, instance:com.tests.LoginTest@23d1e5d0]" started-at="2021-02-11T19:30:02 IST" name="intializeDriver" finished-at="2021-02-11T19:30:05 IST" duration-ms="2484" status="PASS">
          <reporter-output>
          </reporter-output>
        </test-method> <!-- intializeDriver -->
        <test-method signature="InValid_update_MyProfile()[pri:5, instance:com.tests.LoginTest@23d1e5d0]" started-at="2021-02-11T19:30:05 IST" name="InValid_update_MyProfile" finished-at="2021-02-11T19:30:19 IST" duration-ms="14456" status="FAIL">
          <exception class="java.lang.AssertionError">
            <message>
              <![CDATA[expected [Online Bus tickets Booking, AC Volvo Booking] but found [Online Bus tickets Booking, AC Volvo Booking, 250 INR CB On Bus Reservation]]]>
            </message>
            <full-stacktrace>
              <![CDATA[java.lang.AssertionError: expected [Online Bus tickets Booking, AC Volvo Booking] but found [Online Bus tickets Booking, AC Volvo Booking, 250 INR CB On Bus Reservation]
at org.testng.Assert.fail(Assert.java:99)
at org.testng.Assert.failNotEquals(Assert.java:1037)
at org.testng.Assert.assertEqualsImpl(Assert.java:140)
at org.testng.Assert.assertEquals(Assert.java:122)
at org.testng.Assert.assertEquals(Assert.java:629)
at org.testng.Assert.assertEquals(Assert.java:639)
at com.tests.LoginTest.InValid_update_MyProfile(LoginTest.java:159)
at java.base/jdk.internal.reflect.NativeMethodAccessorImpl.invoke0(Native Method)
at java.base/jdk.internal.reflect.NativeMethodAccessorImpl.invoke(NativeMethodAccessorImpl.java:62)
at java.base/jdk.internal.reflect.DelegatingMethodAccessorImpl.invoke(DelegatingMethodAccessorImpl.java:43)
at java.base/java.lang.reflect.Method.invoke(Method.java:564)
at org.testng.internal.MethodInvocationHelper.invokeMethod(MethodInvocationHelper.java:132)
at org.testng.internal.TestInvoker.invokeMethod(TestInvoker.java:599)
at org.testng.internal.TestInvoker.invokeTestMethod(TestInvoker.java:174)
at org.testng.internal.MethodRunner.runInSequence(MethodRunner.java:46)
at org.testng.internal.TestInvoker$MethodInvocationAgent.invoke(TestInvoker.java:822)
at org.testng.internal.TestInvoker.invokeTestMethods(TestInvoker.java:147)
at org.testng.internal.TestMethodWorker.invokeTestMethods(TestMethodWorker.java:146)
at org.testng.internal.TestMethodWorker.run(TestMethodWorker.java:128)
at java.base/java.util.ArrayList.forEach(ArrayList.java:1511)
at org.testng.TestRunner.privateRun(TestRunner.java:764)
at org.testng.TestRunner.run(TestRunner.java:585)
at org.testng.SuiteRunner.runTest(SuiteRunner.java:384)
at org.testng.SuiteRunner.runSequentially(SuiteRunner.java:378)
at org.testng.SuiteRunner.privateRun(SuiteRunner.java:337)
at org.testng.SuiteRunner.run(SuiteRunner.java:286)
at org.testng.SuiteRunnerWorker.runSuite(SuiteRunnerWorker.java:53)
at org.testng.SuiteRunnerWorker.run(SuiteRunnerWorker.java:96)
at org.testng.TestNG.runSuitesSequentially(TestNG.java:1218)
at org.testng.TestNG.runSuitesLocally(TestNG.java:1140)
at org.testng.TestNG.runSuites(TestNG.java:1069)
at org.testng.TestNG.run(TestNG.java:1037)
at org.testng.remote.AbstractRemoteTestNG.run(AbstractRemoteTestNG.java:115)
at org.testng.remote.RemoteTestNG.initAndRun(RemoteTestNG.java:251)
at org.testng.remote.RemoteTestNG.main(RemoteTestNG.java:77)
]]>
            </full-stacktrace>
          </exception> <!-- java.lang.AssertionError -->
          <reporter-output>
          </reporter-output>
        </test-method> <!-- InValid_update_MyProfile -->
        <test-method is-config="true" signature="tearDown(org.testng.ITestResult)[pri:0, instance:com.tests.LoginTest@23d1e5d0]" started-at="2021-02-11T19:30:19 IST" name="tearDown" finished-at="2021-02-11T19:30:20 IST" duration-ms="889" status="PASS">
          <params>
            <param index="0">
              <value>
                <![CDATA[[TestResult name=InValid_update_MyProfile status=FAILURE method=LoginTest.InValid_update_MyProfile()[pri:5, instance:com.tests.LoginTest@23d1e5d0] output={null}]]]>
              </value>
            </param>
          </params>
          <reporter-output>
          </reporter-output>
        </test-method> <!-- tearDown -->
        <test-method is-config="true" signature="intializeDriver()[pri:0, instance:com.tests.LoginTest@23d1e5d0]" started-at="2021-02-11T19:30:20 IST" name="intializeDriver" finished-at="2021-02-11T19:30:24 IST" duration-ms="4065" status="PASS">
          <reporter-output>
          </reporter-output>
        </test-method> <!-- intializeDriver -->
        <test-method signature="WalletsCards_Balance()[pri:6, instance:com.tests.LoginTest@23d1e5d0]" started-at="2021-02-11T19:30:24 IST" name="WalletsCards_Balance" finished-at="2021-02-11T19:30:41 IST" duration-ms="16658" status="PASS">
          <reporter-output>
          </reporter-output>
        </test-method> <!-- WalletsCards_Balance -->
        <test-method is-config="true" signature="tearDown(org.testng.ITestResult)[pri:0, instance:com.tests.LoginTest@23d1e5d0]" started-at="2021-02-11T19:30:41 IST" name="tearDown" finished-at="2021-02-11T19:30:41 IST" duration-ms="594" status="PASS">
          <params>
            <param index="0">
              <value>
                <![CDATA[[TestResult name=WalletsCards_Balance status=SUCCESS method=LoginTest.WalletsCards_Balance()[pri:6, instance:com.tests.LoginTest@23d1e5d0] output={null}]]]>
              </value>
            </param>
          </params>
          <reporter-output>
          </reporter-output>
        </test-method> <!-- tearDown -->
        <test-method is-config="true" signature="intializeDriver()[pri:0, instance:com.tests.LoginTest@23d1e5d0]" started-at="2021-02-11T19:30:41 IST" name="intializeDriver" finished-at="2021-02-11T19:30:44 IST" duration-ms="2614" status="PASS">
          <reporter-output>
          </reporter-output>
        </test-method> <!-- intializeDriver -->
        <test-method signature="Wallet_History()[pri:7, instance:com.tests.LoginTest@23d1e5d0]" started-at="2021-02-11T19:30:44 IST" name="Wallet_History" finished-at="2021-02-11T19:31:00 IST" duration-ms="15981" status="PASS">
          <reporter-output>
          </reporter-output>
        </test-method> <!-- Wallet_History -->
        <test-method is-config="true" signature="tearDown(org.testng.ITestResult)[pri:0, instance:com.tests.LoginTest@23d1e5d0]" started-at="2021-02-11T19:31:00 IST" name="tearDown" finished-at="2021-02-11T19:31:01 IST" duration-ms="566" status="PASS">
          <params>
            <param index="0">
              <value>
                <![CDATA[[TestResult name=Wallet_History status=SUCCESS method=LoginTest.Wallet_History()[pri:7, instance:com.tests.LoginTest@23d1e5d0] output={null}]]]>
              </value>
            </param>
          </params>
          <reporter-output>
          </reporter-output>
        </test-method> <!-- tearDown -->
        <test-method is-config="true" signature="intializeDriver()[pri:0, instance:com.tests.LoginTest@23d1e5d0]" started-at="2021-02-11T19:31:01 IST" name="intializeDriver" finished-at="2021-02-11T19:31:03 IST" duration-ms="2432" status="PASS">
          <reporter-output>
          </reporter-output>
        </test-method> <!-- intializeDriver -->
        <test-method signature="signOut()[pri:8, instance:com.tests.LoginTest@23d1e5d0]" started-at="2021-02-11T19:31:03 IST" name="signOut" finished-at="2021-02-11T19:31:19 IST" duration-ms="15973" status="PASS">
          <reporter-output>
          </reporter-output>
        </test-method> <!-- signOut -->
        <test-method is-config="true" signature="tearDown(org.testng.ITestResult)[pri:0, instance:com.tests.LoginTest@23d1e5d0]" started-at="2021-02-11T19:31:19 IST" name="tearDown" finished-at="2021-02-11T19:31:19 IST" duration-ms="574" status="PASS">
          <params>
            <param index="0">
              <value>
                <![CDATA[[TestResult name=signOut status=SUCCESS method=LoginTest.signOut()[pri:8, instance:com.tests.LoginTest@23d1e5d0] output={null}]]]>
              </value>
            </param>
          </params>
          <reporter-output>
          </reporter-output>
        </test-method> <!-- tearDown -->
        <test-method is-config="true" signature="intializeDriver()[pri:0, instance:com.tests.LoginTest@23d1e5d0]" started-at="2021-02-11T19:31:19 IST" name="intializeDriver" finished-at="2021-02-11T19:31:24 IST" duration-ms="4169" status="PASS">
          <reporter-output>
          </reporter-output>
        </test-method> <!-- intializeDriver -->
        <test-method signature="signOut_from_allDevices()[pri:9, instance:com.tests.LoginTest@23d1e5d0]" started-at="2021-02-11T19:31:24 IST" name="signOut_from_allDevices" finished-at="2021-02-11T19:31:43 IST" duration-ms="19795" status="PASS">
          <reporter-output>
          </reporter-output>
        </test-method> <!-- signOut_from_allDevices -->
        <test-method is-config="true" signature="tearDown(org.testng.ITestResult)[pri:0, instance:com.tests.LoginTest@23d1e5d0]" started-at="2021-02-11T19:31:43 IST" name="tearDown" finished-at="2021-02-11T19:31:44 IST" duration-ms="567" status="PASS">
          <params>
            <param index="0">
              <value>
                <![CDATA[[TestResult name=signOut_from_allDevices status=SUCCESS method=LoginTest.signOut_from_allDevices()[pri:9, instance:com.tests.LoginTest@23d1e5d0] output={null}]]]>
              </value>
            </param>
          </params>
          <reporter-output>
          </reporter-output>
        </test-method> <!-- tearDown -->
      </class> <!-- com.tests.LoginTest -->
    </test> <!-- Test -->
  </suite> <!-- Suite -->
</testng-results>
